"GET /usuarios/confirmar-nova-senha/5c742e5c1af37f55848c5e11800ec80e066a98901a3f154a7cdf3c08 HTTP/1.1" 200 2717
"GET /static/images/bg.jpg HTTP/1.1" 404 1663
"GET /usuarios/confirmar-nova-senha/5c742e5c1af37f55848c5e11800ec80e066a98901a3f154a7cdf3c08 HTTP/1.1" 200 2717
"GET /static/images/bg.jpg HTTP/1.1" 404 1663
"GET /usuarios/confirmar-nova-senha/5c742e5c1af37f55848c5e11800ec80e066a98901a3f154a7cdf3c08 HTTP/1.1" 200 2717
"POST /usuarios/nova-senha/ HTTP/1.1" 302 0
"GET /usuarios/confirmar-nova-senha/bd2b83c5c0a1e2c578ddd7340cf6428b14a9eee8652d809726063242 HTTP/1.1" 200 2717
Internal Server Error: /usuarios/confirmar-nova-senha/bd2b83c5c0a1e2c578ddd7340cf6428b14a9eee8652d809726063242
Traceback (most recent call last):
  File "C:\Users\shaba\PycharmProjects\alocacao\venv\lib\site-packages\django\template\base.py", line 470, in parse
    compile_func = self.tags[command]
KeyError: 'endfor'

During handling of the above exception, another exception occurred:

Traceback (most recent call last):
  File "C:\Users\shaba\PycharmProjects\alocacao\venv\lib\site-packages\django\core\handlers\exception.py", line 34, in inner
    response = get_response(request)
  File "C:\Users\shaba\PycharmProjects\alocacao\venv\lib\site-packages\django\core\handlers\base.py", line 115, in _get_response
    response = self.process_exception_by_middleware(e, request)
  File "C:\Users\shaba\PycharmProjects\alocacao\venv\lib\site-packages\django\core\handlers\base.py", line 113, in _get_response
    response = wrapped_callback(request, *callback_args, **callback_kwargs)
  File "C:\Users\shaba\PycharmProjects\alocacao\usuarios\views.py", line 77, in password_reset_confirm
    return render(request, template_name, context)
  File "C:\Users\shaba\PycharmProjects\alocacao\venv\lib\site-packages\django\shortcuts.py", line 36, in render
    content = loader.render_to_string(template_name, context, request, using=using)
  File "C:\Users\shaba\PycharmProjects\alocacao\venv\lib\site-packages\django\template\loader.py", line 61, in render_to_string
    template = get_template(template_name, using=using)
  File "C:\Users\shaba\PycharmProjects\alocacao\venv\lib\site-packages\django\template\loader.py", line 15, in get_template
    return engine.get_template(template_name)
  File "C:\Users\shaba\PycharmProjects\alocacao\venv\lib\site-packages\django\template\backends\django.py", line 34, in get_template
    return Template(self.engine.get_template(template_name), self)
  File "C:\Users\shaba\PycharmProjects\alocacao\venv\lib\site-packages\django\template\engine.py", line 143, in get_template
    template, origin = self.find_template(template_name)
  File "C:\Users\shaba\PycharmProjects\alocacao\venv\lib\site-packages\django\template\engine.py", line 125, in find_template
    template = loader.get_template(name, skip=skip)
  File "C:\Users\shaba\PycharmProjects\alocacao\venv\lib\site-packages\django\template\loaders\base.py", line 30, in get_template
    contents, origin, origin.template_name, self.engine,
  File "C:\Users\shaba\PycharmProjects\alocacao\venv\lib\site-packages\django\template\base.py", line 156, in __init__
    self.nodelist = self.compile_nodelist()
  File "C:\Users\shaba\PycharmProjects\alocacao\venv\lib\site-packages\django\template\base.py", line 194, in compile_nodelist
    return parser.parse()
  File "C:\Users\shaba\PycharmProjects\alocacao\venv\lib\site-packages\django\template\base.py", line 478, in parse
    raise self.error(token, e)
  File "C:\Users\shaba\PycharmProjects\alocacao\venv\lib\site-packages\django\template\base.py", line 476, in parse
    compiled_result = compile_func(self, token)
  File "C:\Users\shaba\PycharmProjects\alocacao\venv\lib\site-packages\django\template\loader_tags.py", line 266, in do_extends
    nodelist = parser.parse()
  File "C:\Users\shaba\PycharmProjects\alocacao\venv\lib\site-packages\django\template\base.py", line 478, in parse
    raise self.error(token, e)
  File "C:\Users\shaba\PycharmProjects\alocacao\venv\lib\site-packages\django\template\base.py", line 476, in parse
    compiled_result = compile_func(self, token)
  File "C:\Users\shaba\PycharmProjects\alocacao\venv\lib\site-packages\django\template\loader_tags.py", line 209, in do_block
    nodelist = parser.parse(('endblock',))
  File "C:\Users\shaba\PycharmProjects\alocacao\venv\lib\site-packages\django\template\base.py", line 472, in parse
    self.invalid_block_tag(token, command, parse_until)
  File "C:\Users\shaba\PycharmProjects\alocacao\venv\lib\site-packages\django\template\base.py", line 528, in invalid_block_tag
    get_text_list(["'%s'" % p for p in parse_until], 'or'),
django.template.exceptions.TemplateSyntaxError: Invalid block tag on line 22: 'endfor', expected 'endblock'. Did you forget to register or load this tag?
"GET /usuarios/confirmar-nova-senha/bd2b83c5c0a1e2c578ddd7340cf6428b14a9eee8652d809726063242 HTTP/1.1" 500 166927
"GET /usuarios/confirmar-nova-senha/bd2b83c5c0a1e2c578ddd7340cf6428b14a9eee8652d809726063242 HTTP/1.1" 200 3749
"GET /static/images/bg.jpg HTTP/1.1" 404 1663
Watching for file changes with StatReloader
"POST /usuarios/nova-senha/ HTTP/1.1" 200 2259
"POST /usuarios/nova-senha/ HTTP/1.1" 302 0
"GET /usuarios/confirmar-nova-senha/0a87a53f3759b6185fa3b067bdcf8d8b698074335025d8f9e77c7ce3 HTTP/1.1" 200 3747
"GET /usuarios/confirmar-nova-senha/0a87a53f3759b6185fa3b067bdcf8d8b698074335025d8f9e77c7ce3 HTTP/1.1" 200 2779
"POST /usuarios/confirmar-nova-senha/0a87a53f3759b6185fa3b067bdcf8d8b698074335025d8f9e77c7ce3 HTTP/1.1" 200 2128
"POST /usuarios/confirmar-nova-senha/0a87a53f3759b6185fa3b067bdcf8d8b698074335025d8f9e77c7ce3 HTTP/1.1" 200 2305
"GET /usuarios/confirmar-nova-senha/0a87a53f3759b6185fa3b067bdcf8d8b698074335025d8f9e77c7ce3 HTTP/1.1" 200 2868
"POST /usuarios/nova-senha/ HTTP/1.1" 302 0
"GET /usuarios/confirmar-nova-senha/f87ef8f5f48663d5c4b62ce0e93932c1ddc81f654e0a8d6ef5a9a4f3 HTTP/1.1" 200 2868
"GET /usuarios/confirmar-nova-senha/f87ef8f5f48663d5c4b62ce0e93932c1ddc81f654e0a8d6ef5a9a4f3 HTTP/1.1" 200 3389
"POST /usuarios/confirmar-nova-senha/f87ef8f5f48663d5c4b62ce0e93932c1ddc81f654e0a8d6ef5a9a4f3 HTTP/1.1" 200 2446
"POST /usuarios/confirmar-nova-senha/f87ef8f5f48663d5c4b62ce0e93932c1ddc81f654e0a8d6ef5a9a4f3 HTTP/1.1" 200 1923
"GET /usuarios/confirmar-nova-senha/f87ef8f5f48663d5c4b62ce0e93932c1ddc81f654e0a8d6ef5a9a4f3 HTTP/1.1" 200 2866
"GET /usuarios/confirmar-nova-senha/f87ef8f5f48663d5c4b62ce0e93932c1ddc81f654e0a8d6ef5a9a4f3 HTTP/1.1" 200 3063
"POST /usuarios/confirmar-nova-senha/f87ef8f5f48663d5c4b62ce0e93932c1ddc81f654e0a8d6ef5a9a4f3 HTTP/1.1" 200 2120
"GET /usuarios/confirmar-nova-senha/f87ef8f5f48663d5c4b62ce0e93932c1ddc81f654e0a8d6ef5a9a4f3 HTTP/1.1" 200 3063
"GET /usuarios/confirmar-nova-senha/f87ef8f5f48663d5c4b62ce0e93932c1ddc81f654e0a8d6ef5a9a4f3 HTTP/1.1" 200 3033
"GET /usuarios/confirmar-nova-senha/f87ef8f5f48663d5c4b62ce0e93932c1ddc81f654e0a8d6ef5a9a4f3 HTTP/1.1" 200 3001
"POST /usuarios/confirmar-nova-senha/f87ef8f5f48663d5c4b62ce0e93932c1ddc81f654e0a8d6ef5a9a4f3 HTTP/1.1" 200 2058
"POST /usuarios/confirmar-nova-senha/f87ef8f5f48663d5c4b62ce0e93932c1ddc81f654e0a8d6ef5a9a4f3 HTTP/1.1" 200 2058
"GET /usuarios/confirmar-nova-senha/f87ef8f5f48663d5c4b62ce0e93932c1ddc81f654e0a8d6ef5a9a4f3 HTTP/1.1" 200 3001
Internal Server Error: /usuarios/confirmar-nova-senha/f87ef8f5f48663d5c4b62ce0e93932c1ddc81f654e0a8d6ef5a9a4f3
Traceback (most recent call last):
  File "C:\Users\shaba\PycharmProjects\alocacao\venv\lib\site-packages\django\core\handlers\exception.py", line 34, in inner
    response = get_response(request)
  File "C:\Users\shaba\PycharmProjects\alocacao\venv\lib\site-packages\django\core\handlers\base.py", line 115, in _get_response
    response = self.process_exception_by_middleware(e, request)
  File "C:\Users\shaba\PycharmProjects\alocacao\venv\lib\site-packages\django\core\handlers\base.py", line 113, in _get_response
    response = wrapped_callback(request, *callback_args, **callback_kwargs)
  File "C:\Users\shaba\PycharmProjects\alocacao\usuarios\views.py", line 77, in password_reset_confirm
    return render(request, template_name, context)
  File "C:\Users\shaba\PycharmProjects\alocacao\venv\lib\site-packages\django\shortcuts.py", line 36, in render
    content = loader.render_to_string(template_name, context, request, using=using)
  File "C:\Users\shaba\PycharmProjects\alocacao\venv\lib\site-packages\django\template\loader.py", line 61, in render_to_string
    template = get_template(template_name, using=using)
  File "C:\Users\shaba\PycharmProjects\alocacao\venv\lib\site-packages\django\template\loader.py", line 15, in get_template
    return engine.get_template(template_name)
  File "C:\Users\shaba\PycharmProjects\alocacao\venv\lib\site-packages\django\template\backends\django.py", line 34, in get_template
    return Template(self.engine.get_template(template_name), self)
  File "C:\Users\shaba\PycharmProjects\alocacao\venv\lib\site-packages\django\template\engine.py", line 143, in get_template
    template, origin = self.find_template(template_name)
  File "C:\Users\shaba\PycharmProjects\alocacao\venv\lib\site-packages\django\template\engine.py", line 125, in find_template
    template = loader.get_template(name, skip=skip)
  File "C:\Users\shaba\PycharmProjects\alocacao\venv\lib\site-packages\django\template\loaders\base.py", line 30, in get_template
    contents, origin, origin.template_name, self.engine,
  File "C:\Users\shaba\PycharmProjects\alocacao\venv\lib\site-packages\django\template\base.py", line 156, in __init__
    self.nodelist = self.compile_nodelist()
  File "C:\Users\shaba\PycharmProjects\alocacao\venv\lib\site-packages\django\template\base.py", line 194, in compile_nodelist
    return parser.parse()
  File "C:\Users\shaba\PycharmProjects\alocacao\venv\lib\site-packages\django\template\base.py", line 478, in parse
    raise self.error(token, e)
  File "C:\Users\shaba\PycharmProjects\alocacao\venv\lib\site-packages\django\template\base.py", line 476, in parse
    compiled_result = compile_func(self, token)
  File "C:\Users\shaba\PycharmProjects\alocacao\venv\lib\site-packages\django\template\loader_tags.py", line 266, in do_extends
    nodelist = parser.parse()
  File "C:\Users\shaba\PycharmProjects\alocacao\venv\lib\site-packages\django\template\base.py", line 478, in parse
    raise self.error(token, e)
  File "C:\Users\shaba\PycharmProjects\alocacao\venv\lib\site-packages\django\template\base.py", line 476, in parse
    compiled_result = compile_func(self, token)
  File "C:\Users\shaba\PycharmProjects\alocacao\venv\lib\site-packages\django\template\loader_tags.py", line 209, in do_block
    nodelist = parser.parse(('endblock',))
  File "C:\Users\shaba\PycharmProjects\alocacao\venv\lib\site-packages\django\template\base.py", line 478, in parse
    raise self.error(token, e)
  File "C:\Users\shaba\PycharmProjects\alocacao\venv\lib\site-packages\django\template\base.py", line 476, in parse
    compiled_result = compile_func(self, token)
  File "C:\Users\shaba\PycharmProjects\alocacao\venv\lib\site-packages\django\template\defaulttags.py", line 951, in do_if
    condition = TemplateIfParser(parser, bits).parse()
  File "C:\Users\shaba\PycharmProjects\alocacao\venv\lib\site-packages\django\template\smartif.py", line 190, in parse
    retval = self.expression()
  File "C:\Users\shaba\PycharmProjects\alocacao\venv\lib\site-packages\django\template\smartif.py", line 200, in expression
    left = t.nud(self)
  File "C:\Users\shaba\PycharmProjects\alocacao\venv\lib\site-packages\django\template\smartif.py", line 144, in nud
    raise parser.error_class("Unexpected end of expression in if tag.")
django.template.exceptions.TemplateSyntaxError: Unexpected end of expression in if tag.
"GET /usuarios/confirmar-nova-senha/f87ef8f5f48663d5c4b62ce0e93932c1ddc81f654e0a8d6ef5a9a4f3 HTTP/1.1" 500 174970
"POST /usuarios/nova-senha/ HTTP/1.1" 302 0
"GET /usuarios/confirmar-nova-senha/c8779144ddc4325945d1c230137141bcf05936800e6e8de28443f78b HTTP/1.1" 200 2947
"POST /usuarios/confirmar-nova-senha/c8779144ddc4325945d1c230137141bcf05936800e6e8de28443f78b HTTP/1.1" 200 2004
"POST /usuarios/confirmar-nova-senha/c8779144ddc4325945d1c230137141bcf05936800e6e8de28443f78b HTTP/1.1" 200 2004
"GET / HTTP/1.1" 200 2005
"GET /static/assets/extra.css HTTP/1.1" 404 1672
"GET /static/assets/pessoal.css HTTP/1.1" 404 1678
"GET /usuarios/entrar/ HTTP/1.1" 200 2540
"POST /usuarios/entrar/ HTTP/1.1" 302 0
"GET /usuarios/ HTTP/1.1" 200 2692
"GET /usuarios/sair/ HTTP/1.1" 302 0
"GET / HTTP/1.1" 200 2005
"GET /static/assets/pessoal.css HTTP/1.1" 404 1678
"GET /static/assets/extra.css HTTP/1.1" 404 1672
"GET /usuarios/entrar/ HTTP/1.1" 200 2540
"GET /static/images/bg.jpg HTTP/1.1" 404 1663
"GET /usuarios/nova-senha/ HTTP/1.1" 200 2123
"POST /usuarios/nova-senha/ HTTP/1.1" 302 0
"GET /usuarios/confirmar-nova-senha/b6eecd0a434ad1c7a3d9d7cbe05d273db1ad0035e0d661e19f936edd HTTP/1.1" 200 2947
Watching for file changes with StatReloader
"GET / HTTP/1.1" 200 2005
"GET /static/assets/pessoal.css HTTP/1.1" 404 1678
"GET /static/assets/extra.css HTTP/1.1" 404 1672
"GET /static/css/bootstrap.min.css HTTP/1.1" 304 0
"GET /static/css/mdb.min.css HTTP/1.1" 304 0
"GET /static/css/style.css HTTP/1.1" 304 0
Not Found: /favicon.ico
"GET /favicon.ico HTTP/1.1" 404 7132
"GET /usuarios/entrar/ HTTP/1.1" 200 2540
"GET /static/assets/bootstrap.min.css HTTP/1.1" 304 0
"GET /static/assets/custom.min.css HTTP/1.1" 304 0
"GET /static/assets/estilo.css HTTP/1.1" 304 0
"GET /static/assets/style.css HTTP/1.1" 304 0
"GET /static/images/bg.jpg HTTP/1.1" 404 1663
"POST /usuarios/entrar/ HTTP/1.1" 302 0
"GET /usuarios/ HTTP/1.1" 200 2692
"GET /admin HTTP/1.1" 301 0
"GET /admin/ HTTP/1.1" 200 7037
"GET /static/admin/css/dashboard.css HTTP/1.1" 200 412
"GET /static/admin/css/base.css HTTP/1.1" 200 16378
"GET /static/admin/css/responsive.css HTTP/1.1" 200 17944
"GET /admin/ HTTP/1.1" 200 7037
"GET /static/admin/css/fonts.css HTTP/1.1" 200 423
"GET /static/admin/img/icon-addlink.svg HTTP/1.1" 200 331
"GET /static/admin/img/icon-changelink.svg HTTP/1.1" 200 380
"GET /static/admin/img/icon-deletelink.svg HTTP/1.1" 200 392
"GET /static/admin/fonts/Roboto-Regular-webfont.woff HTTP/1.1" 200 85876
"GET /static/admin/fonts/Roboto-Bold-webfont.woff HTTP/1.1" 200 86184
"GET /static/admin/fonts/Roboto-Light-webfont.woff HTTP/1.1" 200 85692
"GET / HTTP/1.1" 200 2005
"GET /static/assets/extra.css HTTP/1.1" 404 1672
"GET /static/assets/pessoal.css HTTP/1.1" 404 1678
"GET /listalocacao/ HTTP/1.1" 200 6499
C:\Users\shaba\PycharmProjects\alocacao\alocar\models\alocarModel.py changed, reloading.
Watching for file changes with StatReloader
"GET /listalocacao/ HTTP/1.1" 200 6499
"GET /admin/ HTTP/1.1" 200 7037
"GET /admin/ HTTP/1.1" 200 7037
"GET / HTTP/1.1" 200 2005
"GET /static/assets/extra.css HTTP/1.1" 404 1672
"GET /static/assets/pessoal.css HTTP/1.1" 404 1678
"GET /listalocacao/ HTTP/1.1" 200 6499
Watching for file changes with StatReloader
"GET /admin/ HTTP/1.1" 200 7037
"GET /admin/ HTTP/1.1" 200 7037
"GET / HTTP/1.1" 200 2005
"GET /static/assets/extra.css HTTP/1.1" 404 1672
"GET /static/assets/pessoal.css HTTP/1.1" 404 1678
"GET /listalocacao/ HTTP/1.1" 200 6499
"GET /usuarios/ HTTP/1.1" 200 2727
"GET /usuarios/ HTTP/1.1" 200 2727
Watching for file changes with StatReloader
"GET /usuarios/ HTTP/1.1" 200 2727
"GET /usuarios/ HTTP/1.1" 200 2819
"GET /usuarios/sair/ HTTP/1.1" 302 0
"GET / HTTP/1.1" 200 2005
"GET /static/assets/extra.css HTTP/1.1" 404 1672
"GET /static/assets/pessoal.css HTTP/1.1" 404 1678
"GET /usuarios/entrar/ HTTP/1.1" 200 2540
"GET /static/images/bg.jpg HTTP/1.1" 404 1663
"POST /usuarios/entrar/ HTTP/1.1" 200 2762
"GET /static/images/bg.jpg HTTP/1.1" 404 1663
"POST /usuarios/entrar/ HTTP/1.1" 200 2761
"GET /static/images/bg.jpg HTTP/1.1" 404 1663
"POST /usuarios/entrar/ HTTP/1.1" 200 2761
"GET / HTTP/1.1" 200 2005
"GET /static/assets/pessoal.css HTTP/1.1" 404 1678
"GET /static/assets/extra.css HTTP/1.1" 404 1672
"GET /usuarios/entrar/ HTTP/1.1" 200 2540
"POST /usuarios/entrar/ HTTP/1.1" 302 0
"GET /usuarios/ HTTP/1.1" 200 2819
"GET /admin/ HTTP/1.1" 200 7037
"GET /admin/ HTTP/1.1" 200 7037
"GET /admin/usuarios/user/ HTTP/1.1" 200 6637
"GET /static/admin/js/jquery.init.js HTTP/1.1" 200 363
"GET /static/admin/css/changelists.css HTTP/1.1" 200 6170
"GET /static/admin/js/admin/RelatedObjectLookups.js HTTP/1.1" 200 6918
"GET /static/admin/js/core.js HTTP/1.1" 200 7099
"GET /static/admin/js/actions.js HTTP/1.1" 200 6766
"GET /static/admin/js/prepopulate.js HTTP/1.1" 200 1530
"GET /static/admin/js/urlify.js HTTP/1.1" 200 8941
"GET /admin/jsi18n/ HTTP/1.1" 200 7144
"GET /static/admin/js/vendor/xregexp/xregexp.js HTTP/1.1" 200 128820
"GET /static/admin/js/vendor/jquery/jquery.js HTTP/1.1" 200 271817
"GET /static/admin/img/search.svg HTTP/1.1" 200 458
"GET /static/admin/img/icon-yes.svg HTTP/1.1" 200 436
"GET /static/admin/img/tooltag-add.svg HTTP/1.1" 200 331
"GET /static/admin/img/sorting-icons.svg HTTP/1.1" 200 1097
"GET /admin/usuarios/user/add/ HTTP/1.1" 200 6529
"GET /admin/jsi18n/ HTTP/1.1" 200 7144
"GET /static/admin/css/forms.css HTTP/1.1" 200 8518
"GET /static/admin/js/change_form.js HTTP/1.1" 200 712
"GET /static/admin/js/prepopulate_init.js HTTP/1.1" 200 495
"GET /static/admin/css/widgets.css HTTP/1.1" 200 10340
"POST /admin/usuarios/user/add/ HTTP/1.1" 302 0
"GET /admin/usuarios/user/2/change/ HTTP/1.1" 200 13812
"GET /admin/jsi18n/ HTTP/1.1" 200 7144
"GET /static/admin/js/calendar.js HTTP/1.1" 200 7777
"GET /static/admin/js/SelectBox.js HTTP/1.1" 200 5753
"GET /static/admin/js/SelectFilter2.js HTTP/1.1" 200 12322
"GET /static/admin/js/admin/DateTimeShortcuts.js HTTP/1.1" 200 20218
"GET /static/admin/img/icon-clock.svg HTTP/1.1" 200 677
"GET /static/admin/img/icon-calendar.svg HTTP/1.1" 200 1086
"GET /static/admin/img/icon-unknown.svg HTTP/1.1" 200 655
"GET /static/admin/img/icon-unknown-alt.svg HTTP/1.1" 200 655
"GET /static/admin/img/selector-icons.svg HTTP/1.1" 200 3291
"GET / HTTP/1.1" 200 2005
"GET /static/assets/pessoal.css HTTP/1.1" 404 1678
"GET /static/assets/extra.css HTTP/1.1" 404 1672
"GET /listalocacao/ HTTP/1.1" 200 6499
"GET /usuarios/ HTTP/1.1" 200 2819
"GET /usuarios/sair/ HTTP/1.1" 302 0
"GET / HTTP/1.1" 200 2005
"GET /static/assets/pessoal.css HTTP/1.1" 404 1678
"GET /static/assets/extra.css HTTP/1.1" 404 1672
"GET /usuarios/entrar/ HTTP/1.1" 200 2540
"GET /static/images/bg.jpg HTTP/1.1" 404 1663
"POST /usuarios/entrar/ HTTP/1.1" 302 0
"GET /usuarios/ HTTP/1.1" 200 2727
"GET /usuarios/ HTTP/1.1" 200 2727
"GET /usuarios/sair/ HTTP/1.1" 302 0
"GET / HTTP/1.1" 200 2005
"GET /static/assets/pessoal.css HTTP/1.1" 404 1678
"GET /static/assets/extra.css HTTP/1.1" 404 1672
"GET /usuarios/entrar/ HTTP/1.1" 200 2540
"GET /static/images/bg.jpg HTTP/1.1" 404 1663
"POST /usuarios/entrar/ HTTP/1.1" 302 0
"GET /usuarios/ HTTP/1.1" 200 2806
"GET /listalog/ HTTP/1.1" 200 7110
"GET /listalog/ HTTP/1.1" 200 7110
"GET /usuarios/ HTTP/1.1" 200 2891
"GET /usuarios/editar/ HTTP/1.1" 200 4402
"GET /usuarios/editar/ HTTP/1.1" 200 4317
"GET /listalog/ HTTP/1.1" 200 7110
"GET /usuarios/sair/ HTTP/1.1" 302 0
"GET / HTTP/1.1" 200 2005
"GET /static/assets/extra.css HTTP/1.1" 404 1672
"GET /static/assets/pessoal.css HTTP/1.1" 404 1678
"GET /listalocacao/ HTTP/1.1" 302 0
"GET /usuarios/entrar/?next=/listalocacao/ HTTP/1.1" 200 2540
"GET /static/images/bg.jpg HTTP/1.1" 404 1663
"POST /usuarios/entrar/?next=/listalocacao/ HTTP/1.1" 302 0
"GET /listalocacao/ HTTP/1.1" 200 6499
"GET /usuarios/ HTTP/1.1" 200 2727
C:\Users\shaba\PycharmProjects\alocacao\alocar\views\blocoView.py changed, reloading.
Watching for file changes with StatReloader
C:\Users\shaba\PycharmProjects\alocacao\alocar\views\salaView.py changed, reloading.
Watching for file changes with StatReloader
C:\Users\shaba\PycharmProjects\alocacao\alocar\views\salaView.py changed, reloading.
Watching for file changes with StatReloader
"GET /usuarios/ HTTP/1.1" 200 2727
"GET /addsala/ HTTP/1.1" 200 1894
"GET /addhorario/ HTTP/1.1" 200 1894
"GET /addturma/ HTTP/1.1" 200 1894
"GET /usuarios/ HTTP/1.1" 200 2727
"GET /listalocacao/ HTTP/1.1" 200 6499
"GET /irpararelatorio/ HTTP/1.1" 200 5888
"GET /addsala/ HTTP/1.1" 200 1894
C:\Users\shaba\PycharmProjects\alocacao\alocar\views\alocarView.py changed, reloading.
Watching for file changes with StatReloader
Watching for file changes with StatReloader
C:\Users\shaba\PycharmProjects\alocacao\alocar\views\alocarView.py changed, reloading.
Watching for file changes with StatReloader
C:\Users\shaba\PycharmProjects\alocacao\alocar\urls.py changed, reloading.
Watching for file changes with StatReloader
"GET / HTTP/1.1" 200 2005
"GET /static/css/style.css HTTP/1.1" 304 0
"GET /static/css/mdb.min.css HTTP/1.1" 304 0
"GET /static/css/bootstrap.min.css HTTP/1.1" 304 0
"GET /static/assets/pessoal.css HTTP/1.1" 404 1678
"GET /static/assets/extra.css HTTP/1.1" 404 1672
Not Found: /favicon.ico
"GET /favicon.ico HTTP/1.1" 404 6938
"GET /usuarios/entrar/ HTTP/1.1" 200 2540
"GET /static/assets/estilo.css HTTP/1.1" 304 0
"GET /static/assets/custom.min.css HTTP/1.1" 304 0
"GET /static/assets/bootstrap.min.css HTTP/1.1" 304 0
"GET /static/assets/style.css HTTP/1.1" 304 0
"GET /static/images/bg.jpg HTTP/1.1" 404 1663
"POST /usuarios/entrar/ HTTP/1.1" 302 0
"GET /usuarios/ HTTP/1.1" 200 2806
"GET /listalog/ HTTP/1.1" 200 7110
"GET /admin/ HTTP/1.1" 200 7322
"GET /static/admin/css/base.css HTTP/1.1" 304 0
"GET /static/admin/css/dashboard.css HTTP/1.1" 304 0
"GET /static/admin/css/responsive.css HTTP/1.1" 304 0
"GET /admin/ HTTP/1.1" 200 7322
"GET /static/admin/css/fonts.css HTTP/1.1" 304 0
"GET /static/admin/img/icon-addlink.svg HTTP/1.1" 304 0
"GET /static/admin/img/icon-changelink.svg HTTP/1.1" 304 0
"GET /static/admin/img/icon-deletelink.svg HTTP/1.1" 304 0
"GET /static/admin/fonts/Roboto-Light-webfont.woff HTTP/1.1" 304 0
"GET /static/admin/fonts/Roboto-Bold-webfont.woff HTTP/1.1" 304 0
"GET /static/admin/fonts/Roboto-Regular-webfont.woff HTTP/1.1" 304 0
"GET /admin/usuarios/user/ HTTP/1.1" 200 7094
"GET /static/admin/js/vendor/jquery/jquery.js HTTP/1.1" 304 0
"GET /static/admin/js/jquery.init.js HTTP/1.1" 304 0
"GET /static/admin/css/changelists.css HTTP/1.1" 304 0
"GET /static/admin/js/actions.js HTTP/1.1" 304 0
"GET /static/admin/js/core.js HTTP/1.1" 304 0
"GET /static/admin/js/urlify.js HTTP/1.1" 304 0
"GET /static/admin/js/admin/RelatedObjectLookups.js HTTP/1.1" 304 0
"GET /static/admin/js/vendor/xregexp/xregexp.js HTTP/1.1" 304 0
"GET /static/admin/js/prepopulate.js HTTP/1.1" 304 0
"GET /admin/jsi18n/ HTTP/1.1" 200 7144
"GET /static/admin/img/search.svg HTTP/1.1" 304 0
"GET /static/admin/img/icon-yes.svg HTTP/1.1" 304 0
"GET /static/admin/img/tooltag-add.svg HTTP/1.1" 304 0
"GET /static/admin/img/sorting-icons.svg HTTP/1.1" 304 0
"GET /admin/usuarios/user/2/change/ HTTP/1.1" 200 13623
"GET /static/admin/css/forms.css HTTP/1.1" 304 0
"GET /static/admin/js/SelectFilter2.js HTTP/1.1" 304 0
"GET /static/admin/js/admin/DateTimeShortcuts.js HTTP/1.1" 304 0
"GET /static/admin/js/SelectBox.js HTTP/1.1" 304 0
"GET /static/admin/js/calendar.js HTTP/1.1" 304 0
"GET /admin/jsi18n/ HTTP/1.1" 200 7144
"GET /static/admin/css/widgets.css HTTP/1.1" 304 0
"GET /static/admin/js/change_form.js HTTP/1.1" 304 0
"GET /static/admin/js/prepopulate_init.js HTTP/1.1" 304 0
"GET /static/admin/img/icon-calendar.svg HTTP/1.1" 304 0
"GET /static/admin/img/icon-clock.svg HTTP/1.1" 304 0
"GET /static/admin/img/icon-unknown.svg HTTP/1.1" 304 0
"GET /static/admin/img/icon-unknown-alt.svg HTTP/1.1" 304 0
"GET /static/admin/img/selector-icons.svg HTTP/1.1" 304 0
"POST /admin/usuarios/user/2/change/ HTTP/1.1" 302 0
"GET /admin/usuarios/user/ HTTP/1.1" 200 7275
"GET /admin/jsi18n/ HTTP/1.1" 200 7144
"GET /admin/logout/ HTTP/1.1" 302 0
"GET / HTTP/1.1" 200 2005
"GET /static/assets/extra.css HTTP/1.1" 404 1672
"GET /static/assets/pessoal.css HTTP/1.1" 404 1678
"GET /usuarios/entrar/ HTTP/1.1" 200 2540
"GET /static/images/bg.jpg HTTP/1.1" 404 1663
"POST /usuarios/entrar/ HTTP/1.1" 302 0
"GET /usuarios/ HTTP/1.1" 200 2727
"GET /addsala/ HTTP/1.1" 200 1894
C:\Users\shaba\PycharmProjects\alocacao\alocar\views\alocarView.py changed, reloading.
Watching for file changes with StatReloader
C:\Users\shaba\PycharmProjects\alocacao\alocar\views\turmaView.py changed, reloading.
Watching for file changes with StatReloader
"GET /addsala/ HTTP/1.1" 200 1894
"GET /listsalaturma/ HTTP/1.1" 200 18094
"GET /addturma/ HTTP/1.1" 200 1894
"GET /listsalaturma/ HTTP/1.1" 200 18094
"GET /addhorario/ HTTP/1.1" 200 1894
"GET /listsalaturma/ HTTP/1.1" 200 18094
"GET /addsala/ HTTP/1.1" 200 1894
"GET /listsalaturma/ HTTP/1.1" 200 18094
"GET /addturma/ HTTP/1.1" 200 1894
C:\Users\shaba\PycharmProjects\alocacao\alocar\views\salaView.py changed, reloading.
Watching for file changes with StatReloader
"GET /addturma/ HTTP/1.1" 200 1894
"GET /listsalaturma/ HTTP/1.1" 200 18094
"GET /addsala/ HTTP/1.1" 200 1894
C:\Users\shaba\PycharmProjects\alocacao\alocar\views\salaView.py changed, reloading.
Watching for file changes with StatReloader
C:\Users\shaba\PycharmProjects\alocacao\alocar\urls.py changed, reloading.
Watching for file changes with StatReloader
C:\Users\shaba\PycharmProjects\alocacao\alocar\urls.py changed, reloading.
Watching for file changes with StatReloader
C:\Users\shaba\PycharmProjects\alocacao\alocar\views\horarioView.py changed, reloading.
Watching for file changes with StatReloader
"GET /addsala/ HTTP/1.1" 200 1894
"GET /listalocacao/ HTTP/1.1" 200 6499
"GET /addsala/ HTTP/1.1" 200 1894
"GET /listsalaturma/ HTTP/1.1" 200 18094
C:\Users\shaba\PycharmProjects\alocacao\alocar\admin.py changed, reloading.
Watching for file changes with StatReloader
"GET /listsalaturma/ HTTP/1.1" 200 18094
"GET /admin/ HTTP/1.1" 200 2021
"GET /admin/ HTTP/1.1" 200 2021
"GET / HTTP/1.1" 200 2005
"GET /static/assets/pessoal.css HTTP/1.1" 404 1678
"GET /static/assets/extra.css HTTP/1.1" 404 1672
"GET /usuarios/entrar/ HTTP/1.1" 200 2540
"GET /static/images/bg.jpg HTTP/1.1" 404 1663
"GET / HTTP/1.1" 200 2005
"GET /static/assets/pessoal.css HTTP/1.1" 404 1678
"GET /static/assets/extra.css HTTP/1.1" 404 1672
"GET /usuarios/entrar/ HTTP/1.1" 200 2540
"GET /static/images/bg.jpg HTTP/1.1" 404 1663
"GET / HTTP/1.1" 200 2005
"GET /static/assets/pessoal.css HTTP/1.1" 404 1678
"GET /static/assets/extra.css HTTP/1.1" 404 1672
"GET /listalocacao/ HTTP/1.1" 200 6499
"GET /usuarios/sair/ HTTP/1.1" 302 0
"GET / HTTP/1.1" 200 2005
"GET /static/assets/pessoal.css HTTP/1.1" 404 1678
"GET /static/assets/extra.css HTTP/1.1" 404 1672
"GET /usuarios/entrar/ HTTP/1.1" 200 2540
"GET /static/images/bg.jpg HTTP/1.1" 404 1663
"POST /usuarios/entrar/ HTTP/1.1" 302 0
"GET /usuarios/ HTTP/1.1" 200 2806
"GET /admin/ HTTP/1.1" 200 7610
"GET /admin/ HTTP/1.1" 200 7610
"GET /admin/alocar/turma/ HTTP/1.1" 200 13872
"GET /admin/jsi18n/ HTTP/1.1" 200 7144
"GET /static/admin/img/icon-no.svg HTTP/1.1" 200 560
"GET /admin/alocar/turma/4/change/ HTTP/1.1" 200 8421
"GET /admin/jsi18n/ HTTP/1.1" 200 7144
"POST /admin/alocar/turma/4/change/ HTTP/1.1" 302 0
"GET /admin/alocar/turma/ HTTP/1.1" 200 14048
"GET /admin/jsi18n/ HTTP/1.1" 200 7144
"GET /admin/alocar/turma/5/change/ HTTP/1.1" 200 8417
"GET /admin/jsi18n/ HTTP/1.1" 200 7144
"POST /admin/alocar/turma/5/change/ HTTP/1.1" 302 0
"GET /admin/alocar/turma/ HTTP/1.1" 200 14048
"GET /admin/jsi18n/ HTTP/1.1" 200 7144
"GET /admin/alocar/turma/add/ HTTP/1.1" 200 8139
"GET /admin/jsi18n/ HTTP/1.1" 200 7144
"POST /admin/alocar/turma/add/ HTTP/1.1" 200 8640
"GET /admin/jsi18n/ HTTP/1.1" 200 7144
"GET /admin/ HTTP/1.1" 200 8176
C:\Users\shaba\PycharmProjects\alocacao\usuarios\views.py changed, reloading.
Watching for file changes with StatReloader
C:\Users\shaba\PycharmProjects\alocacao\usuarios\views.py changed, reloading.
Watching for file changes with StatReloader
C:\Users\shaba\PycharmProjects\alocacao\usuarios\forms.py changed, reloading.
Watching for file changes with StatReloader
Watching for file changes with StatReloader
"GET /admin/ HTTP/1.1" 200 8176
"GET / HTTP/1.1" 200 2005
"GET /static/assets/extra.css HTTP/1.1" 404 1672
"GET /static/assets/pessoal.css HTTP/1.1" 404 1678
"GET /listalocacao/ HTTP/1.1" 200 6499
"GET /usuarios/sair/ HTTP/1.1" 302 0
"GET / HTTP/1.1" 200 2005
"GET /static/assets/extra.css HTTP/1.1" 404 1672
"GET /static/assets/pessoal.css HTTP/1.1" 404 1678
"GET /usuarios/entrar/ HTTP/1.1" 200 2540
"GET /static/images/bg.jpg HTTP/1.1" 404 1663
"GET /usuarios/nova-senha/ HTTP/1.1" 200 2123
C:\Users\shaba\PycharmProjects\alocacao\alocacao\settings.py changed, reloading.
Watching for file changes with StatReloader
"GET /usuarios/nova-senha/ HTTP/1.1" 200 2123
"GET /static/images/bg.jpg HTTP/1.1" 404 1663
"GET / HTTP/1.1" 200 2005
"GET /static/assets/pessoal.css HTTP/1.1" 404 1678
"GET /static/assets/extra.css HTTP/1.1" 404 1672
"GET /usuarios/entrar/ HTTP/1.1" 200 2540
"POST /usuarios/entrar/ HTTP/1.1" 302 0
"GET /usuarios/ HTTP/1.1" 200 2806
"GET /listalog/ HTTP/1.1" 200 8821
"GET /listalog/ HTTP/1.1" 200 8811
"GET /listalog/ HTTP/1.1" 200 8801
"GET /listalog/ HTTP/1.1" 200 8861
"GET /listalog/ HTTP/1.1" 200 8881
"GET /listalog/ HTTP/1.1" 200 8881
"GET /admin/ HTTP/1.1" 200 8176
"GET /admin/ HTTP/1.1" 200 8176
"GET /admin/alocar/turma/ HTTP/1.1" 200 13872
"GET /admin/jsi18n/ HTTP/1.1" 200 7144
"GET /admin/alocar/turma/5/change/ HTTP/1.1" 200 8417
"GET /admin/jsi18n/ HTTP/1.1" 200 7144
"POST /admin/alocar/turma/5/change/ HTTP/1.1" 302 0
"GET /admin/alocar/turma/ HTTP/1.1" 200 14131
"GET /admin/jsi18n/ HTTP/1.1" 200 7144
"GET /admin/alocar/turma/6/change/ HTTP/1.1" 200 8425
"GET /admin/jsi18n/ HTTP/1.1" 200 7144
"GET /admin/alocar/turma/6/delete/ HTTP/1.1" 200 2787
"GET /static/admin/js/cancel.js HTTP/1.1" 200 409
"GET /admin/alocar/turma/ HTTP/1.1" 200 13955
"GET /admin/jsi18n/ HTTP/1.1" 200 7144
"GET /admin/alocar/turma/?professor=JOAO HTTP/1.1" 200 10308
"GET /admin/jsi18n/ HTTP/1.1" 200 7144
"GET /admin/alocar/turma/? HTTP/1.1" 200 13955
"GET /admin/jsi18n/ HTTP/1.1" 200 7144
"GET /admin/alocar/turma/?periodo=3%C2%BA HTTP/1.1" 200 11974
"GET /admin/jsi18n/ HTTP/1.1" 200 7144
"GET /admin/alocar/turma/?curso=FISICA&periodo=3%C2%BA HTTP/1.1" 200 11035
"GET /admin/jsi18n/ HTTP/1.1" 200 7144
"GET /admin/alocar/turma/? HTTP/1.1" 200 13955
"GET /admin/jsi18n/ HTTP/1.1" 200 7144
"GET /admin/alocar/turma/?curso=TEATRO HTTP/1.1" 200 11014
"GET /admin/jsi18n/ HTTP/1.1" 200 7144
C:\Users\shaba\PycharmProjects\alocacao\usuarios\admin.py changed, reloading.
Watching for file changes with StatReloader
"GET /admin/ HTTP/1.1" 200 8179
Internal Server Error: /admin/usuarios/user/
Traceback (most recent call last):
  File "C:\Users\shaba\PycharmProjects\alocacao\venv\lib\site-packages\django\db\models\options.py", line 565, in get_field
    return self.fields_map[field_name]
KeyError: 'joined'

During handling of the above exception, another exception occurred:

Traceback (most recent call last):
  File "C:\Users\shaba\PycharmProjects\alocacao\venv\lib\site-packages\django\contrib\admin\utils.py", line 262, in lookup_field
    f = _get_non_gfk_field(opts, name)
  File "C:\Users\shaba\PycharmProjects\alocacao\venv\lib\site-packages\django\contrib\admin\utils.py", line 293, in _get_non_gfk_field
    field = opts.get_field(name)
  File "C:\Users\shaba\PycharmProjects\alocacao\venv\lib\site-packages\django\db\models\options.py", line 567, in get_field
    raise FieldDoesNotExist("%s has no field named '%s'" % (self.object_name, field_name))
django.core.exceptions.FieldDoesNotExist: User has no field named 'joined'

During handling of the above exception, another exception occurred:

Traceback (most recent call last):
  File "C:\Users\shaba\PycharmProjects\alocacao\venv\lib\site-packages\django\core\handlers\exception.py", line 34, in inner
    response = get_response(request)
  File "C:\Users\shaba\PycharmProjects\alocacao\venv\lib\site-packages\django\core\handlers\base.py", line 145, in _get_response
    response = self.process_exception_by_middleware(e, request)
  File "C:\Users\shaba\PycharmProjects\alocacao\venv\lib\site-packages\django\core\handlers\base.py", line 143, in _get_response
    response = response.render()
  File "C:\Users\shaba\PycharmProjects\alocacao\venv\lib\site-packages\django\template\response.py", line 106, in render
    self.content = self.rendered_content
  File "C:\Users\shaba\PycharmProjects\alocacao\venv\lib\site-packages\django\template\response.py", line 83, in rendered_content
    content = template.render(context, self._request)
  File "C:\Users\shaba\PycharmProjects\alocacao\venv\lib\site-packages\django\template\backends\django.py", line 61, in render
    return self.template.render(context)
  File "C:\Users\shaba\PycharmProjects\alocacao\venv\lib\site-packages\django\template\base.py", line 171, in render
    return self._render(context)
  File "C:\Users\shaba\PycharmProjects\alocacao\venv\lib\site-packages\django\template\base.py", line 163, in _render
    return self.nodelist.render(context)
  File "C:\Users\shaba\PycharmProjects\alocacao\venv\lib\site-packages\django\template\base.py", line 937, in render
    bit = node.render_annotated(context)
  File "C:\Users\shaba\PycharmProjects\alocacao\venv\lib\site-packages\django\template\base.py", line 904, in render_annotated
    return self.render(context)
  File "C:\Users\shaba\PycharmProjects\alocacao\venv\lib\site-packages\django\template\loader_tags.py", line 150, in render
    return compiled_parent._render(context)
  File "C:\Users\shaba\PycharmProjects\alocacao\venv\lib\site-packages\django\template\base.py", line 163, in _render
    return self.nodelist.render(context)
  File "C:\Users\shaba\PycharmProjects\alocacao\venv\lib\site-packages\django\template\base.py", line 937, in render
    bit = node.render_annotated(context)
  File "C:\Users\shaba\PycharmProjects\alocacao\venv\lib\site-packages\django\template\base.py", line 904, in render_annotated
    return self.render(context)
  File "C:\Users\shaba\PycharmProjects\alocacao\venv\lib\site-packages\django\template\loader_tags.py", line 150, in render
    return compiled_parent._render(context)
  File "C:\Users\shaba\PycharmProjects\alocacao\venv\lib\site-packages\django\template\base.py", line 163, in _render
    return self.nodelist.render(context)
  File "C:\Users\shaba\PycharmProjects\alocacao\venv\lib\site-packages\django\template\base.py", line 937, in render
    bit = node.render_annotated(context)
  File "C:\Users\shaba\PycharmProjects\alocacao\venv\lib\site-packages\django\template\base.py", line 904, in render_annotated
    return self.render(context)
  File "C:\Users\shaba\PycharmProjects\alocacao\venv\lib\site-packages\django\template\loader_tags.py", line 62, in render
    result = block.nodelist.render(context)
  File "C:\Users\shaba\PycharmProjects\alocacao\venv\lib\site-packages\django\template\base.py", line 937, in render
    bit = node.render_annotated(context)
  File "C:\Users\shaba\PycharmProjects\alocacao\venv\lib\site-packages\django\template\base.py", line 904, in render_annotated
    return self.render(context)
  File "C:\Users\shaba\PycharmProjects\alocacao\venv\lib\site-packages\django\template\loader_tags.py", line 62, in render
    result = block.nodelist.render(context)
  File "C:\Users\shaba\PycharmProjects\alocacao\venv\lib\site-packages\django\template\base.py", line 937, in render
    bit = node.render_annotated(context)
  File "C:\Users\shaba\PycharmProjects\alocacao\venv\lib\site-packages\django\template\base.py", line 904, in render_annotated
    return self.render(context)
  File "C:\Users\shaba\PycharmProjects\alocacao\venv\lib\site-packages\django\contrib\admin\templatetags\base.py", line 33, in render
    return super().render(context)
  File "C:\Users\shaba\PycharmProjects\alocacao\venv\lib\site-packages\django\template\library.py", line 214, in render
    _dict = self.func(*resolved_args, **resolved_kwargs)
  File "C:\Users\shaba\PycharmProjects\alocacao\venv\lib\site-packages\django\contrib\admin\templatetags\admin_list.py", line 339, in result_list
    'results': list(results(cl)),
  File "C:\Users\shaba\PycharmProjects\alocacao\venv\lib\site-packages\django\contrib\admin\templatetags\admin_list.py", line 315, in results
    yield ResultList(None, items_for_result(cl, res, None))
  File "C:\Users\shaba\PycharmProjects\alocacao\venv\lib\site-packages\django\contrib\admin\templatetags\admin_list.py", line 306, in __init__
    super().__init__(*items)
  File "C:\Users\shaba\PycharmProjects\alocacao\venv\lib\site-packages\django\contrib\admin\templatetags\admin_list.py", line 229, in items_for_result
    f, attr, value = lookup_field(field_name, result, cl.model_admin)
  File "C:\Users\shaba\PycharmProjects\alocacao\venv\lib\site-packages\django\contrib\admin\utils.py", line 271, in lookup_field
    value = attr(obj)
TypeError: joined() takes 1 positional argument but 2 were given
"GET /admin/usuarios/user/ HTTP/1.1" 500 319343
C:\Users\shaba\PycharmProjects\alocacao\usuarios\admin.py changed, reloading.
Watching for file changes with StatReloader
Internal Server Error: /admin/usuarios/user/
Traceback (most recent call last):
  File "C:\Users\shaba\PycharmProjects\alocacao\venv\lib\site-packages\django\db\models\options.py", line 565, in get_field
    return self.fields_map[field_name]
KeyError: 'joined'

During handling of the above exception, another exception occurred:

Traceback (most recent call last):
  File "C:\Users\shaba\PycharmProjects\alocacao\venv\lib\site-packages\django\contrib\admin\utils.py", line 262, in lookup_field
    f = _get_non_gfk_field(opts, name)
  File "C:\Users\shaba\PycharmProjects\alocacao\venv\lib\site-packages\django\contrib\admin\utils.py", line 293, in _get_non_gfk_field
    field = opts.get_field(name)
  File "C:\Users\shaba\PycharmProjects\alocacao\venv\lib\site-packages\django\db\models\options.py", line 567, in get_field
    raise FieldDoesNotExist("%s has no field named '%s'" % (self.object_name, field_name))
django.core.exceptions.FieldDoesNotExist: User has no field named 'joined'

During handling of the above exception, another exception occurred:

Traceback (most recent call last):
  File "C:\Users\shaba\PycharmProjects\alocacao\venv\lib\site-packages\django\core\handlers\exception.py", line 34, in inner
    response = get_response(request)
  File "C:\Users\shaba\PycharmProjects\alocacao\venv\lib\site-packages\django\core\handlers\base.py", line 145, in _get_response
    response = self.process_exception_by_middleware(e, request)
  File "C:\Users\shaba\PycharmProjects\alocacao\venv\lib\site-packages\django\core\handlers\base.py", line 143, in _get_response
    response = response.render()
  File "C:\Users\shaba\PycharmProjects\alocacao\venv\lib\site-packages\django\template\response.py", line 106, in render
    self.content = self.rendered_content
  File "C:\Users\shaba\PycharmProjects\alocacao\venv\lib\site-packages\django\template\response.py", line 83, in rendered_content
    content = template.render(context, self._request)
  File "C:\Users\shaba\PycharmProjects\alocacao\venv\lib\site-packages\django\template\backends\django.py", line 61, in render
    return self.template.render(context)
  File "C:\Users\shaba\PycharmProjects\alocacao\venv\lib\site-packages\django\template\base.py", line 171, in render
    return self._render(context)
  File "C:\Users\shaba\PycharmProjects\alocacao\venv\lib\site-packages\django\template\base.py", line 163, in _render
    return self.nodelist.render(context)
  File "C:\Users\shaba\PycharmProjects\alocacao\venv\lib\site-packages\django\template\base.py", line 937, in render
    bit = node.render_annotated(context)
  File "C:\Users\shaba\PycharmProjects\alocacao\venv\lib\site-packages\django\template\base.py", line 904, in render_annotated
    return self.render(context)
  File "C:\Users\shaba\PycharmProjects\alocacao\venv\lib\site-packages\django\template\loader_tags.py", line 150, in render
    return compiled_parent._render(context)
  File "C:\Users\shaba\PycharmProjects\alocacao\venv\lib\site-packages\django\template\base.py", line 163, in _render
    return self.nodelist.render(context)
  File "C:\Users\shaba\PycharmProjects\alocacao\venv\lib\site-packages\django\template\base.py", line 937, in render
    bit = node.render_annotated(context)
  File "C:\Users\shaba\PycharmProjects\alocacao\venv\lib\site-packages\django\template\base.py", line 904, in render_annotated
    return self.render(context)
  File "C:\Users\shaba\PycharmProjects\alocacao\venv\lib\site-packages\django\template\loader_tags.py", line 150, in render
    return compiled_parent._render(context)
  File "C:\Users\shaba\PycharmProjects\alocacao\venv\lib\site-packages\django\template\base.py", line 163, in _render
    return self.nodelist.render(context)
  File "C:\Users\shaba\PycharmProjects\alocacao\venv\lib\site-packages\django\template\base.py", line 937, in render
    bit = node.render_annotated(context)
  File "C:\Users\shaba\PycharmProjects\alocacao\venv\lib\site-packages\django\template\base.py", line 904, in render_annotated
    return self.render(context)
  File "C:\Users\shaba\PycharmProjects\alocacao\venv\lib\site-packages\django\template\loader_tags.py", line 62, in render
    result = block.nodelist.render(context)
  File "C:\Users\shaba\PycharmProjects\alocacao\venv\lib\site-packages\django\template\base.py", line 937, in render
    bit = node.render_annotated(context)
  File "C:\Users\shaba\PycharmProjects\alocacao\venv\lib\site-packages\django\template\base.py", line 904, in render_annotated
    return self.render(context)
  File "C:\Users\shaba\PycharmProjects\alocacao\venv\lib\site-packages\django\template\loader_tags.py", line 62, in render
    result = block.nodelist.render(context)
  File "C:\Users\shaba\PycharmProjects\alocacao\venv\lib\site-packages\django\template\base.py", line 937, in render
    bit = node.render_annotated(context)
  File "C:\Users\shaba\PycharmProjects\alocacao\venv\lib\site-packages\django\template\base.py", line 904, in render_annotated
    return self.render(context)
  File "C:\Users\shaba\PycharmProjects\alocacao\venv\lib\site-packages\django\contrib\admin\templatetags\base.py", line 33, in render
    return super().render(context)
  File "C:\Users\shaba\PycharmProjects\alocacao\venv\lib\site-packages\django\template\library.py", line 214, in render
    _dict = self.func(*resolved_args, **resolved_kwargs)
  File "C:\Users\shaba\PycharmProjects\alocacao\venv\lib\site-packages\django\contrib\admin\templatetags\admin_list.py", line 339, in result_list
    'results': list(results(cl)),
  File "C:\Users\shaba\PycharmProjects\alocacao\venv\lib\site-packages\django\contrib\admin\templatetags\admin_list.py", line 315, in results
    yield ResultList(None, items_for_result(cl, res, None))
  File "C:\Users\shaba\PycharmProjects\alocacao\venv\lib\site-packages\django\contrib\admin\templatetags\admin_list.py", line 306, in __init__
    super().__init__(*items)
  File "C:\Users\shaba\PycharmProjects\alocacao\venv\lib\site-packages\django\contrib\admin\templatetags\admin_list.py", line 229, in items_for_result
    f, attr, value = lookup_field(field_name, result, cl.model_admin)
  File "C:\Users\shaba\PycharmProjects\alocacao\venv\lib\site-packages\django\contrib\admin\utils.py", line 271, in lookup_field
    value = attr(obj)
TypeError: joined() takes 1 positional argument but 2 were given
"GET /admin/usuarios/user/ HTTP/1.1" 500 319478
C:\Users\shaba\PycharmProjects\alocacao\usuarios\admin.py changed, reloading.
Watching for file changes with StatReloader
"GET /admin/usuarios/user/ HTTP/1.1" 200 7094
"GET /admin/jsi18n/ HTTP/1.1" 200 7144
C:\Users\shaba\PycharmProjects\alocacao\usuarios\admin.py changed, reloading.
Watching for file changes with StatReloader
"GET /admin/usuarios/user/ HTTP/1.1" 200 7094
"GET /admin/jsi18n/ HTTP/1.1" 200 7144
"GET /admin/usuarios/user/ HTTP/1.1" 200 7094
"GET /admin/jsi18n/ HTTP/1.1" 200 7144
C:\Users\shaba\PycharmProjects\alocacao\usuarios\admin.py changed, reloading.
Watching for file changes with StatReloader
"GET /admin/usuarios/user/ HTTP/1.1" 200 7094
"GET /admin/jsi18n/ HTTP/1.1" 200 7144
C:\Users\shaba\PycharmProjects\alocacao\usuarios\admin.py changed, reloading.
Watching for file changes with StatReloader
Internal Server Error: /admin/usuarios/user/
Traceback (most recent call last):
  File "C:\Users\shaba\PycharmProjects\alocacao\venv\lib\site-packages\django\db\models\options.py", line 565, in get_field
    return self.fields_map[field_name]
KeyError: 'date'

During handling of the above exception, another exception occurred:

Traceback (most recent call last):
  File "C:\Users\shaba\PycharmProjects\alocacao\venv\lib\site-packages\django\contrib\admin\utils.py", line 262, in lookup_field
    f = _get_non_gfk_field(opts, name)
  File "C:\Users\shaba\PycharmProjects\alocacao\venv\lib\site-packages\django\contrib\admin\utils.py", line 293, in _get_non_gfk_field
    field = opts.get_field(name)
  File "C:\Users\shaba\PycharmProjects\alocacao\venv\lib\site-packages\django\db\models\options.py", line 567, in get_field
    raise FieldDoesNotExist("%s has no field named '%s'" % (self.object_name, field_name))
django.core.exceptions.FieldDoesNotExist: User has no field named 'date'

During handling of the above exception, another exception occurred:

Traceback (most recent call last):
  File "C:\Users\shaba\PycharmProjects\alocacao\venv\lib\site-packages\django\core\handlers\exception.py", line 34, in inner
    response = get_response(request)
  File "C:\Users\shaba\PycharmProjects\alocacao\venv\lib\site-packages\django\core\handlers\base.py", line 145, in _get_response
    response = self.process_exception_by_middleware(e, request)
  File "C:\Users\shaba\PycharmProjects\alocacao\venv\lib\site-packages\django\core\handlers\base.py", line 143, in _get_response
    response = response.render()
  File "C:\Users\shaba\PycharmProjects\alocacao\venv\lib\site-packages\django\template\response.py", line 106, in render
    self.content = self.rendered_content
  File "C:\Users\shaba\PycharmProjects\alocacao\venv\lib\site-packages\django\template\response.py", line 83, in rendered_content
    content = template.render(context, self._request)
  File "C:\Users\shaba\PycharmProjects\alocacao\venv\lib\site-packages\django\template\backends\django.py", line 61, in render
    return self.template.render(context)
  File "C:\Users\shaba\PycharmProjects\alocacao\venv\lib\site-packages\django\template\base.py", line 171, in render
    return self._render(context)
  File "C:\Users\shaba\PycharmProjects\alocacao\venv\lib\site-packages\django\template\base.py", line 163, in _render
    return self.nodelist.render(context)
  File "C:\Users\shaba\PycharmProjects\alocacao\venv\lib\site-packages\django\template\base.py", line 937, in render
    bit = node.render_annotated(context)
  File "C:\Users\shaba\PycharmProjects\alocacao\venv\lib\site-packages\django\template\base.py", line 904, in render_annotated
    return self.render(context)
  File "C:\Users\shaba\PycharmProjects\alocacao\venv\lib\site-packages\django\template\loader_tags.py", line 150, in render
    return compiled_parent._render(context)
  File "C:\Users\shaba\PycharmProjects\alocacao\venv\lib\site-packages\django\template\base.py", line 163, in _render
    return self.nodelist.render(context)
  File "C:\Users\shaba\PycharmProjects\alocacao\venv\lib\site-packages\django\template\base.py", line 937, in render
    bit = node.render_annotated(context)
  File "C:\Users\shaba\PycharmProjects\alocacao\venv\lib\site-packages\django\template\base.py", line 904, in render_annotated
    return self.render(context)
  File "C:\Users\shaba\PycharmProjects\alocacao\venv\lib\site-packages\django\template\loader_tags.py", line 150, in render
    return compiled_parent._render(context)
  File "C:\Users\shaba\PycharmProjects\alocacao\venv\lib\site-packages\django\template\base.py", line 163, in _render
    return self.nodelist.render(context)
  File "C:\Users\shaba\PycharmProjects\alocacao\venv\lib\site-packages\django\template\base.py", line 937, in render
    bit = node.render_annotated(context)
  File "C:\Users\shaba\PycharmProjects\alocacao\venv\lib\site-packages\django\template\base.py", line 904, in render_annotated
    return self.render(context)
  File "C:\Users\shaba\PycharmProjects\alocacao\venv\lib\site-packages\django\template\loader_tags.py", line 62, in render
    result = block.nodelist.render(context)
  File "C:\Users\shaba\PycharmProjects\alocacao\venv\lib\site-packages\django\template\base.py", line 937, in render
    bit = node.render_annotated(context)
  File "C:\Users\shaba\PycharmProjects\alocacao\venv\lib\site-packages\django\template\base.py", line 904, in render_annotated
    return self.render(context)
  File "C:\Users\shaba\PycharmProjects\alocacao\venv\lib\site-packages\django\template\loader_tags.py", line 62, in render
    result = block.nodelist.render(context)
  File "C:\Users\shaba\PycharmProjects\alocacao\venv\lib\site-packages\django\template\base.py", line 937, in render
    bit = node.render_annotated(context)
  File "C:\Users\shaba\PycharmProjects\alocacao\venv\lib\site-packages\django\template\base.py", line 904, in render_annotated
    return self.render(context)
  File "C:\Users\shaba\PycharmProjects\alocacao\venv\lib\site-packages\django\contrib\admin\templatetags\base.py", line 33, in render
    return super().render(context)
  File "C:\Users\shaba\PycharmProjects\alocacao\venv\lib\site-packages\django\template\library.py", line 214, in render
    _dict = self.func(*resolved_args, **resolved_kwargs)
  File "C:\Users\shaba\PycharmProjects\alocacao\venv\lib\site-packages\django\contrib\admin\templatetags\admin_list.py", line 339, in result_list
    'results': list(results(cl)),
  File "C:\Users\shaba\PycharmProjects\alocacao\venv\lib\site-packages\django\contrib\admin\templatetags\admin_list.py", line 315, in results
    yield ResultList(None, items_for_result(cl, res, None))
  File "C:\Users\shaba\PycharmProjects\alocacao\venv\lib\site-packages\django\contrib\admin\templatetags\admin_list.py", line 306, in __init__
    super().__init__(*items)
  File "C:\Users\shaba\PycharmProjects\alocacao\venv\lib\site-packages\django\contrib\admin\templatetags\admin_list.py", line 229, in items_for_result
    f, attr, value = lookup_field(field_name, result, cl.model_admin)
  File "C:\Users\shaba\PycharmProjects\alocacao\venv\lib\site-packages\django\contrib\admin\utils.py", line 271, in lookup_field
    value = attr(obj)
TypeError: date() takes 1 positional argument but 2 were given
"GET /admin/usuarios/user/ HTTP/1.1" 500 319428
C:\Users\shaba\PycharmProjects\alocacao\usuarios\admin.py changed, reloading.
Watching for file changes with StatReloader
C:\Users\shaba\PycharmProjects\alocacao\usuarios\admin.py changed, reloading.
Watching for file changes with StatReloader
"GET /admin/ HTTP/1.1" 200 8179
"GET /admin/logout/ HTTP/1.1" 302 0
"GET / HTTP/1.1" 200 2005
"GET /static/assets/extra.css HTTP/1.1" 404 1672
"GET /static/assets/pessoal.css HTTP/1.1" 404 1678
"GET /usuarios/entrar/ HTTP/1.1" 200 2540
"GET /static/images/bg.jpg HTTP/1.1" 404 1663
"GET /usuarios/nova-senha/ HTTP/1.1" 200 2123
"POST /usuarios/nova-senha/ HTTP/1.1" 200 2259
"POST /usuarios/nova-senha/ HTTP/1.1" 302 0
Internal Server Error: /usuarios/confirmar-nova-senha/eef6789bd81a01926e877b19d5984c85f9f862a30c739ef005d3e710
Traceback (most recent call last):
  File "C:\Users\shaba\PycharmProjects\alocacao\venv\lib\site-packages\django\template\base.py", line 470, in parse
    compile_func = self.tags[command]
KeyError: 'translate'

During handling of the above exception, another exception occurred:

Traceback (most recent call last):
  File "C:\Users\shaba\PycharmProjects\alocacao\venv\lib\site-packages\django\core\handlers\exception.py", line 34, in inner
    response = get_response(request)
  File "C:\Users\shaba\PycharmProjects\alocacao\venv\lib\site-packages\django\core\handlers\base.py", line 115, in _get_response
    response = self.process_exception_by_middleware(e, request)
  File "C:\Users\shaba\PycharmProjects\alocacao\venv\lib\site-packages\django\core\handlers\base.py", line 113, in _get_response
    response = wrapped_callback(request, *callback_args, **callback_kwargs)
  File "C:\Users\shaba\PycharmProjects\alocacao\usuarios\views.py", line 77, in password_reset_confirm
    return render(request, template_name, context)
  File "C:\Users\shaba\PycharmProjects\alocacao\venv\lib\site-packages\django\shortcuts.py", line 36, in render
    content = loader.render_to_string(template_name, context, request, using=using)
  File "C:\Users\shaba\PycharmProjects\alocacao\venv\lib\site-packages\django\template\loader.py", line 61, in render_to_string
    template = get_template(template_name, using=using)
  File "C:\Users\shaba\PycharmProjects\alocacao\venv\lib\site-packages\django\template\loader.py", line 15, in get_template
    return engine.get_template(template_name)
  File "C:\Users\shaba\PycharmProjects\alocacao\venv\lib\site-packages\django\template\backends\django.py", line 34, in get_template
    return Template(self.engine.get_template(template_name), self)
  File "C:\Users\shaba\PycharmProjects\alocacao\venv\lib\site-packages\django\template\engine.py", line 143, in get_template
    template, origin = self.find_template(template_name)
  File "C:\Users\shaba\PycharmProjects\alocacao\venv\lib\site-packages\django\template\engine.py", line 125, in find_template
    template = loader.get_template(name, skip=skip)
  File "C:\Users\shaba\PycharmProjects\alocacao\venv\lib\site-packages\django\template\loaders\base.py", line 30, in get_template
    contents, origin, origin.template_name, self.engine,
  File "C:\Users\shaba\PycharmProjects\alocacao\venv\lib\site-packages\django\template\base.py", line 156, in __init__
    self.nodelist = self.compile_nodelist()
  File "C:\Users\shaba\PycharmProjects\alocacao\venv\lib\site-packages\django\template\base.py", line 194, in compile_nodelist
    return parser.parse()
  File "C:\Users\shaba\PycharmProjects\alocacao\venv\lib\site-packages\django\template\base.py", line 478, in parse
    raise self.error(token, e)
  File "C:\Users\shaba\PycharmProjects\alocacao\venv\lib\site-packages\django\template\base.py", line 476, in parse
    compiled_result = compile_func(self, token)
  File "C:\Users\shaba\PycharmProjects\alocacao\venv\lib\site-packages\django\template\loader_tags.py", line 266, in do_extends
    nodelist = parser.parse()
  File "C:\Users\shaba\PycharmProjects\alocacao\venv\lib\site-packages\django\template\base.py", line 478, in parse
    raise self.error(token, e)
  File "C:\Users\shaba\PycharmProjects\alocacao\venv\lib\site-packages\django\template\base.py", line 476, in parse
    compiled_result = compile_func(self, token)
  File "C:\Users\shaba\PycharmProjects\alocacao\venv\lib\site-packages\django\template\loader_tags.py", line 209, in do_block
    nodelist = parser.parse(('endblock',))
  File "C:\Users\shaba\PycharmProjects\alocacao\venv\lib\site-packages\django\template\base.py", line 472, in parse
    self.invalid_block_tag(token, command, parse_until)
  File "C:\Users\shaba\PycharmProjects\alocacao\venv\lib\site-packages\django\template\base.py", line 528, in invalid_block_tag
    get_text_list(["'%s'" % p for p in parse_until], 'or'),
django.template.exceptions.TemplateSyntaxError: Invalid block tag on line 11: 'translate', expected 'endblock'. Did you forget to register or load this tag?
"GET /usuarios/confirmar-nova-senha/eef6789bd81a01926e877b19d5984c85f9f862a30c739ef005d3e710 HTTP/1.1" 500 165277
Internal Server Error: /usuarios/confirmar-nova-senha/eef6789bd81a01926e877b19d5984c85f9f862a30c739ef005d3e710
Traceback (most recent call last):
  File "C:\Users\shaba\PycharmProjects\alocacao\venv\lib\site-packages\django\template\base.py", line 470, in parse
    compile_func = self.tags[command]
KeyError: 'translate'

During handling of the above exception, another exception occurred:

Traceback (most recent call last):
  File "C:\Users\shaba\PycharmProjects\alocacao\venv\lib\site-packages\django\core\handlers\exception.py", line 34, in inner
    response = get_response(request)
  File "C:\Users\shaba\PycharmProjects\alocacao\venv\lib\site-packages\django\core\handlers\base.py", line 115, in _get_response
    response = self.process_exception_by_middleware(e, request)
  File "C:\Users\shaba\PycharmProjects\alocacao\venv\lib\site-packages\django\core\handlers\base.py", line 113, in _get_response
    response = wrapped_callback(request, *callback_args, **callback_kwargs)
  File "C:\Users\shaba\PycharmProjects\alocacao\usuarios\views.py", line 77, in password_reset_confirm
    return render(request, template_name, context)
  File "C:\Users\shaba\PycharmProjects\alocacao\venv\lib\site-packages\django\shortcuts.py", line 36, in render
    content = loader.render_to_string(template_name, context, request, using=using)
  File "C:\Users\shaba\PycharmProjects\alocacao\venv\lib\site-packages\django\template\loader.py", line 61, in render_to_string
    template = get_template(template_name, using=using)
  File "C:\Users\shaba\PycharmProjects\alocacao\venv\lib\site-packages\django\template\loader.py", line 15, in get_template
    return engine.get_template(template_name)
  File "C:\Users\shaba\PycharmProjects\alocacao\venv\lib\site-packages\django\template\backends\django.py", line 34, in get_template
    return Template(self.engine.get_template(template_name), self)
  File "C:\Users\shaba\PycharmProjects\alocacao\venv\lib\site-packages\django\template\engine.py", line 143, in get_template
    template, origin = self.find_template(template_name)
  File "C:\Users\shaba\PycharmProjects\alocacao\venv\lib\site-packages\django\template\engine.py", line 125, in find_template
    template = loader.get_template(name, skip=skip)
  File "C:\Users\shaba\PycharmProjects\alocacao\venv\lib\site-packages\django\template\loaders\base.py", line 30, in get_template
    contents, origin, origin.template_name, self.engine,
  File "C:\Users\shaba\PycharmProjects\alocacao\venv\lib\site-packages\django\template\base.py", line 156, in __init__
    self.nodelist = self.compile_nodelist()
  File "C:\Users\shaba\PycharmProjects\alocacao\venv\lib\site-packages\django\template\base.py", line 194, in compile_nodelist
    return parser.parse()
  File "C:\Users\shaba\PycharmProjects\alocacao\venv\lib\site-packages\django\template\base.py", line 478, in parse
    raise self.error(token, e)
  File "C:\Users\shaba\PycharmProjects\alocacao\venv\lib\site-packages\django\template\base.py", line 476, in parse
    compiled_result = compile_func(self, token)
  File "C:\Users\shaba\PycharmProjects\alocacao\venv\lib\site-packages\django\template\loader_tags.py", line 266, in do_extends
    nodelist = parser.parse()
  File "C:\Users\shaba\PycharmProjects\alocacao\venv\lib\site-packages\django\template\base.py", line 478, in parse
    raise self.error(token, e)
  File "C:\Users\shaba\PycharmProjects\alocacao\venv\lib\site-packages\django\template\base.py", line 476, in parse
    compiled_result = compile_func(self, token)
  File "C:\Users\shaba\PycharmProjects\alocacao\venv\lib\site-packages\django\template\loader_tags.py", line 209, in do_block
    nodelist = parser.parse(('endblock',))
  File "C:\Users\shaba\PycharmProjects\alocacao\venv\lib\site-packages\django\template\base.py", line 472, in parse
    self.invalid_block_tag(token, command, parse_until)
  File "C:\Users\shaba\PycharmProjects\alocacao\venv\lib\site-packages\django\template\base.py", line 528, in invalid_block_tag
    get_text_list(["'%s'" % p for p in parse_until], 'or'),
django.template.exceptions.TemplateSyntaxError: Invalid block tag on line 14: 'translate', expected 'endblock'. Did you forget to register or load this tag?
"GET /usuarios/confirmar-nova-senha/eef6789bd81a01926e877b19d5984c85f9f862a30c739ef005d3e710 HTTP/1.1" 500 167021
"GET /usuarios/confirmar-nova-senha/eef6789bd81a01926e877b19d5984c85f9f862a30c739ef005d3e710 HTTP/1.1" 200 1808
"POST /usuarios/confirmar-nova-senha/eef6789bd81a01926e877b19d5984c85f9f862a30c739ef005d3e710 HTTP/1.1" 200 1658
"GET /admin/ HTTP/1.1" 302 0
"GET /admin/login/?next=/admin/ HTTP/1.1" 200 1850
"GET /static/admin/css/login.css HTTP/1.1" 304 0
"GET /usuarios/confirmar-nova-senha/eef6789bd81a01926e877b19d5984c85f9f862a30c739ef005d3e710 HTTP/1.1" 200 1808
"POST /usuarios/confirmar-nova-senha/eef6789bd81a01926e877b19d5984c85f9f862a30c739ef005d3e710 HTTP/1.1" 200 1658
"POST /usuarios/confirmar-nova-senha/eef6789bd81a01926e877b19d5984c85f9f862a30c739ef005d3e710 HTTP/1.1" 200 1658
"GET /admin/ HTTP/1.1" 302 0
"GET /admin/login/?next=/admin/ HTTP/1.1" 200 1850
"POST /admin/login/?next=/admin/ HTTP/1.1" 302 0
"GET /admin/ HTTP/1.1" 200 8179
"GET /admin/logout/ HTTP/1.1" 302 0
"GET / HTTP/1.1" 200 2005
"GET /static/assets/extra.css HTTP/1.1" 404 1672
"GET /static/assets/pessoal.css HTTP/1.1" 404 1678
"GET / HTTP/1.1" 200 2005
"GET /static/assets/pessoal.css HTTP/1.1" 404 1678
"GET /static/assets/extra.css HTTP/1.1" 404 1672
"GET /usuarios/entrar/ HTTP/1.1" 200 2540
"GET /static/images/bg.jpg HTTP/1.1" 404 1663
"GET /usuarios/nova-senha/ HTTP/1.1" 200 2123
"POST /usuarios/nova-senha/ HTTP/1.1" 302 0
Internal Server Error: /usuarios/confirmar-nova-senha/4ffba9ba70b47f5a781a375fc8ef56d4244008455ea5b8d875965e43
Traceback (most recent call last):
  File "C:\Users\shaba\PycharmProjects\alocacao\venv\lib\site-packages\django\template\base.py", line 470, in parse
    compile_func = self.tags[command]
KeyError: 'static'

During handling of the above exception, another exception occurred:

Traceback (most recent call last):
  File "C:\Users\shaba\PycharmProjects\alocacao\venv\lib\site-packages\django\core\handlers\exception.py", line 34, in inner
    response = get_response(request)
  File "C:\Users\shaba\PycharmProjects\alocacao\venv\lib\site-packages\django\core\handlers\base.py", line 115, in _get_response
    response = self.process_exception_by_middleware(e, request)
  File "C:\Users\shaba\PycharmProjects\alocacao\venv\lib\site-packages\django\core\handlers\base.py", line 113, in _get_response
    response = wrapped_callback(request, *callback_args, **callback_kwargs)
  File "C:\Users\shaba\PycharmProjects\alocacao\usuarios\views.py", line 77, in password_reset_confirm
    return render(request, template_name, context)
  File "C:\Users\shaba\PycharmProjects\alocacao\venv\lib\site-packages\django\shortcuts.py", line 36, in render
    content = loader.render_to_string(template_name, context, request, using=using)
  File "C:\Users\shaba\PycharmProjects\alocacao\venv\lib\site-packages\django\template\loader.py", line 61, in render_to_string
    template = get_template(template_name, using=using)
  File "C:\Users\shaba\PycharmProjects\alocacao\venv\lib\site-packages\django\template\loader.py", line 15, in get_template
    return engine.get_template(template_name)
  File "C:\Users\shaba\PycharmProjects\alocacao\venv\lib\site-packages\django\template\backends\django.py", line 34, in get_template
    return Template(self.engine.get_template(template_name), self)
  File "C:\Users\shaba\PycharmProjects\alocacao\venv\lib\site-packages\django\template\engine.py", line 143, in get_template
    template, origin = self.find_template(template_name)
  File "C:\Users\shaba\PycharmProjects\alocacao\venv\lib\site-packages\django\template\engine.py", line 125, in find_template
    template = loader.get_template(name, skip=skip)
  File "C:\Users\shaba\PycharmProjects\alocacao\venv\lib\site-packages\django\template\loaders\base.py", line 30, in get_template
    contents, origin, origin.template_name, self.engine,
  File "C:\Users\shaba\PycharmProjects\alocacao\venv\lib\site-packages\django\template\base.py", line 156, in __init__
    self.nodelist = self.compile_nodelist()
  File "C:\Users\shaba\PycharmProjects\alocacao\venv\lib\site-packages\django\template\base.py", line 194, in compile_nodelist
    return parser.parse()
  File "C:\Users\shaba\PycharmProjects\alocacao\venv\lib\site-packages\django\template\base.py", line 478, in parse
    raise self.error(token, e)
  File "C:\Users\shaba\PycharmProjects\alocacao\venv\lib\site-packages\django\template\base.py", line 476, in parse
    compiled_result = compile_func(self, token)
  File "C:\Users\shaba\PycharmProjects\alocacao\venv\lib\site-packages\django\template\loader_tags.py", line 266, in do_extends
    nodelist = parser.parse()
  File "C:\Users\shaba\PycharmProjects\alocacao\venv\lib\site-packages\django\template\base.py", line 478, in parse
    raise self.error(token, e)
  File "C:\Users\shaba\PycharmProjects\alocacao\venv\lib\site-packages\django\template\base.py", line 476, in parse
    compiled_result = compile_func(self, token)
  File "C:\Users\shaba\PycharmProjects\alocacao\venv\lib\site-packages\django\template\loader_tags.py", line 209, in do_block
    nodelist = parser.parse(('endblock',))
  File "C:\Users\shaba\PycharmProjects\alocacao\venv\lib\site-packages\django\template\base.py", line 472, in parse
    self.invalid_block_tag(token, command, parse_until)
  File "C:\Users\shaba\PycharmProjects\alocacao\venv\lib\site-packages\django\template\base.py", line 528, in invalid_block_tag
    get_text_list(["'%s'" % p for p in parse_until], 'or'),
django.template.exceptions.TemplateSyntaxError: Invalid block tag on line 4: 'static', expected 'endblock'. Did you forget to register or load this tag?
"GET /usuarios/confirmar-nova-senha/4ffba9ba70b47f5a781a375fc8ef56d4244008455ea5b8d875965e43 HTTP/1.1" 500 165267
Internal Server Error: /usuarios/confirmar-nova-senha/4ffba9ba70b47f5a781a375fc8ef56d4244008455ea5b8d875965e43
Traceback (most recent call last):
  File "C:\Users\shaba\PycharmProjects\alocacao\venv\lib\site-packages\django\template\base.py", line 470, in parse
    compile_func = self.tags[command]
KeyError: 'static'

During handling of the above exception, another exception occurred:

Traceback (most recent call last):
  File "C:\Users\shaba\PycharmProjects\alocacao\venv\lib\site-packages\django\core\handlers\exception.py", line 34, in inner
    response = get_response(request)
  File "C:\Users\shaba\PycharmProjects\alocacao\venv\lib\site-packages\django\core\handlers\base.py", line 115, in _get_response
    response = self.process_exception_by_middleware(e, request)
  File "C:\Users\shaba\PycharmProjects\alocacao\venv\lib\site-packages\django\core\handlers\base.py", line 113, in _get_response
    response = wrapped_callback(request, *callback_args, **callback_kwargs)
  File "C:\Users\shaba\PycharmProjects\alocacao\usuarios\views.py", line 77, in password_reset_confirm
    return render(request, template_name, context)
  File "C:\Users\shaba\PycharmProjects\alocacao\venv\lib\site-packages\django\shortcuts.py", line 36, in render
    content = loader.render_to_string(template_name, context, request, using=using)
  File "C:\Users\shaba\PycharmProjects\alocacao\venv\lib\site-packages\django\template\loader.py", line 61, in render_to_string
    template = get_template(template_name, using=using)
  File "C:\Users\shaba\PycharmProjects\alocacao\venv\lib\site-packages\django\template\loader.py", line 15, in get_template
    return engine.get_template(template_name)
  File "C:\Users\shaba\PycharmProjects\alocacao\venv\lib\site-packages\django\template\backends\django.py", line 34, in get_template
    return Template(self.engine.get_template(template_name), self)
  File "C:\Users\shaba\PycharmProjects\alocacao\venv\lib\site-packages\django\template\engine.py", line 143, in get_template
    template, origin = self.find_template(template_name)
  File "C:\Users\shaba\PycharmProjects\alocacao\venv\lib\site-packages\django\template\engine.py", line 125, in find_template
    template = loader.get_template(name, skip=skip)
  File "C:\Users\shaba\PycharmProjects\alocacao\venv\lib\site-packages\django\template\loaders\base.py", line 30, in get_template
    contents, origin, origin.template_name, self.engine,
  File "C:\Users\shaba\PycharmProjects\alocacao\venv\lib\site-packages\django\template\base.py", line 156, in __init__
    self.nodelist = self.compile_nodelist()
  File "C:\Users\shaba\PycharmProjects\alocacao\venv\lib\site-packages\django\template\base.py", line 194, in compile_nodelist
    return parser.parse()
  File "C:\Users\shaba\PycharmProjects\alocacao\venv\lib\site-packages\django\template\base.py", line 478, in parse
    raise self.error(token, e)
  File "C:\Users\shaba\PycharmProjects\alocacao\venv\lib\site-packages\django\template\base.py", line 476, in parse
    compiled_result = compile_func(self, token)
  File "C:\Users\shaba\PycharmProjects\alocacao\venv\lib\site-packages\django\template\loader_tags.py", line 266, in do_extends
    nodelist = parser.parse()
  File "C:\Users\shaba\PycharmProjects\alocacao\venv\lib\site-packages\django\template\base.py", line 478, in parse
    raise self.error(token, e)
  File "C:\Users\shaba\PycharmProjects\alocacao\venv\lib\site-packages\django\template\base.py", line 476, in parse
    compiled_result = compile_func(self, token)
  File "C:\Users\shaba\PycharmProjects\alocacao\venv\lib\site-packages\django\template\loader_tags.py", line 209, in do_block
    nodelist = parser.parse(('endblock',))
  File "C:\Users\shaba\PycharmProjects\alocacao\venv\lib\site-packages\django\template\base.py", line 472, in parse
    self.invalid_block_tag(token, command, parse_until)
  File "C:\Users\shaba\PycharmProjects\alocacao\venv\lib\site-packages\django\template\base.py", line 528, in invalid_block_tag
    get_text_list(["'%s'" % p for p in parse_until], 'or'),
django.template.exceptions.TemplateSyntaxError: Invalid block tag on line 4: 'static', expected 'endblock'. Did you forget to register or load this tag?
"GET /usuarios/confirmar-nova-senha/4ffba9ba70b47f5a781a375fc8ef56d4244008455ea5b8d875965e43 HTTP/1.1" 500 165427
Internal Server Error: /usuarios/confirmar-nova-senha/4ffba9ba70b47f5a781a375fc8ef56d4244008455ea5b8d875965e43
Traceback (most recent call last):
  File "C:\Users\shaba\PycharmProjects\alocacao\venv\lib\site-packages\django\template\base.py", line 470, in parse
    compile_func = self.tags[command]
KeyError: 'static'

During handling of the above exception, another exception occurred:

Traceback (most recent call last):
  File "C:\Users\shaba\PycharmProjects\alocacao\venv\lib\site-packages\django\core\handlers\exception.py", line 34, in inner
    response = get_response(request)
  File "C:\Users\shaba\PycharmProjects\alocacao\venv\lib\site-packages\django\core\handlers\base.py", line 115, in _get_response
    response = self.process_exception_by_middleware(e, request)
  File "C:\Users\shaba\PycharmProjects\alocacao\venv\lib\site-packages\django\core\handlers\base.py", line 113, in _get_response
    response = wrapped_callback(request, *callback_args, **callback_kwargs)
  File "C:\Users\shaba\PycharmProjects\alocacao\usuarios\views.py", line 77, in password_reset_confirm
    return render(request, template_name, context)
  File "C:\Users\shaba\PycharmProjects\alocacao\venv\lib\site-packages\django\shortcuts.py", line 36, in render
    content = loader.render_to_string(template_name, context, request, using=using)
  File "C:\Users\shaba\PycharmProjects\alocacao\venv\lib\site-packages\django\template\loader.py", line 61, in render_to_string
    template = get_template(template_name, using=using)
  File "C:\Users\shaba\PycharmProjects\alocacao\venv\lib\site-packages\django\template\loader.py", line 15, in get_template
    return engine.get_template(template_name)
  File "C:\Users\shaba\PycharmProjects\alocacao\venv\lib\site-packages\django\template\backends\django.py", line 34, in get_template
    return Template(self.engine.get_template(template_name), self)
  File "C:\Users\shaba\PycharmProjects\alocacao\venv\lib\site-packages\django\template\engine.py", line 143, in get_template
    template, origin = self.find_template(template_name)
  File "C:\Users\shaba\PycharmProjects\alocacao\venv\lib\site-packages\django\template\engine.py", line 125, in find_template
    template = loader.get_template(name, skip=skip)
  File "C:\Users\shaba\PycharmProjects\alocacao\venv\lib\site-packages\django\template\loaders\base.py", line 30, in get_template
    contents, origin, origin.template_name, self.engine,
  File "C:\Users\shaba\PycharmProjects\alocacao\venv\lib\site-packages\django\template\base.py", line 156, in __init__
    self.nodelist = self.compile_nodelist()
  File "C:\Users\shaba\PycharmProjects\alocacao\venv\lib\site-packages\django\template\base.py", line 194, in compile_nodelist
    return parser.parse()
  File "C:\Users\shaba\PycharmProjects\alocacao\venv\lib\site-packages\django\template\base.py", line 478, in parse
    raise self.error(token, e)
  File "C:\Users\shaba\PycharmProjects\alocacao\venv\lib\site-packages\django\template\base.py", line 476, in parse
    compiled_result = compile_func(self, token)
  File "C:\Users\shaba\PycharmProjects\alocacao\venv\lib\site-packages\django\template\loader_tags.py", line 266, in do_extends
    nodelist = parser.parse()
  File "C:\Users\shaba\PycharmProjects\alocacao\venv\lib\site-packages\django\template\base.py", line 478, in parse
    raise self.error(token, e)
  File "C:\Users\shaba\PycharmProjects\alocacao\venv\lib\site-packages\django\template\base.py", line 476, in parse
    compiled_result = compile_func(self, token)
  File "C:\Users\shaba\PycharmProjects\alocacao\venv\lib\site-packages\django\template\loader_tags.py", line 209, in do_block
    nodelist = parser.parse(('endblock',))
  File "C:\Users\shaba\PycharmProjects\alocacao\venv\lib\site-packages\django\template\base.py", line 472, in parse
    self.invalid_block_tag(token, command, parse_until)
  File "C:\Users\shaba\PycharmProjects\alocacao\venv\lib\site-packages\django\template\base.py", line 528, in invalid_block_tag
    get_text_list(["'%s'" % p for p in parse_until], 'or'),
django.template.exceptions.TemplateSyntaxError: Invalid block tag on line 4: 'static', expected 'endblock'. Did you forget to register or load this tag?
"GET /usuarios/confirmar-nova-senha/4ffba9ba70b47f5a781a375fc8ef56d4244008455ea5b8d875965e43 HTTP/1.1" 500 165405
"GET /usuarios/confirmar-nova-senha/4ffba9ba70b47f5a781a375fc8ef56d4244008455ea5b8d875965e43 HTTP/1.1" 200 1798
"POST /usuarios/confirmar-nova-senha/4ffba9ba70b47f5a781a375fc8ef56d4244008455ea5b8d875965e43 HTTP/1.1" 200 1648
"POST /usuarios/confirmar-nova-senha/4ffba9ba70b47f5a781a375fc8ef56d4244008455ea5b8d875965e43 HTTP/1.1" 200 1648
"POST /usuarios/confirmar-nova-senha/4ffba9ba70b47f5a781a375fc8ef56d4244008455ea5b8d875965e43 HTTP/1.1" 200 1648
"POST /usuarios/confirmar-nova-senha/4ffba9ba70b47f5a781a375fc8ef56d4244008455ea5b8d875965e43 HTTP/1.1" 200 1648
"POST /usuarios/confirmar-nova-senha/4ffba9ba70b47f5a781a375fc8ef56d4244008455ea5b8d875965e43 HTTP/1.1" 200 1648
"POST /usuarios/confirmar-nova-senha/4ffba9ba70b47f5a781a375fc8ef56d4244008455ea5b8d875965e43 HTTP/1.1" 200 1648
"GET /usuarios/confirmar-nova-senha/4ffba9ba70b47f5a781a375fc8ef56d4244008455ea5b8d875965e43 HTTP/1.1" 200 1798
"GET /usuarios/nova-senha/ HTTP/1.1" 200 2123
"POST /usuarios/nova-senha/ HTTP/1.1" 302 0
"GET /usuarios/confirmar-nova-senha/7505c7f834a3fbe4da3c176a0fdf4356ce4a873d2422395fe1935b91 HTTP/1.1" 200 1798
"GET /usuarios/confirmar-nova-senha/7505c7f834a3fbe4da3c176a0fdf4356ce4a873d2422395fe1935b91 HTTP/1.1" 200 1791
"POST /usuarios/confirmar-nova-senha/7505c7f834a3fbe4da3c176a0fdf4356ce4a873d2422395fe1935b91 HTTP/1.1" 302 0
"GET /usuarios/ HTTP/1.1" 302 0
"GET /usuarios/entrar/?next=/usuarios/ HTTP/1.1" 200 2540
"GET /static/images/bg.jpg HTTP/1.1" 404 1663
"GET /usuarios/nova-senha/ HTTP/1.1" 200 2123
"GET /usuarios/nova-senha/ HTTP/1.1" 200 2123
"GET /static/images/bg.jpg HTTP/1.1" 404 1663
"POST /usuarios/nova-senha/ HTTP/1.1" 302 0
"GET /usuarios/confirmar-nova-senha/d937220733f339e533a2c52cbbda3773ebddd95dc6d179aaf17aed14 HTTP/1.1" 200 1785
"POST /usuarios/confirmar-nova-senha/d937220733f339e533a2c52cbbda3773ebddd95dc6d179aaf17aed14 HTTP/1.1" 200 1635
"POST /usuarios/confirmar-nova-senha/d937220733f339e533a2c52cbbda3773ebddd95dc6d179aaf17aed14 HTTP/1.1" 200 1635
"POST /usuarios/confirmar-nova-senha/d937220733f339e533a2c52cbbda3773ebddd95dc6d179aaf17aed14 HTTP/1.1" 200 1635
"POST /usuarios/confirmar-nova-senha/d937220733f339e533a2c52cbbda3773ebddd95dc6d179aaf17aed14 HTTP/1.1" 200 1635
"POST /usuarios/confirmar-nova-senha/d937220733f339e533a2c52cbbda3773ebddd95dc6d179aaf17aed14 HTTP/1.1" 200 1635
"POST /usuarios/confirmar-nova-senha/d937220733f339e533a2c52cbbda3773ebddd95dc6d179aaf17aed14 HTTP/1.1" 200 1635
"GET /usuarios/confirmar-nova-senha/d937220733f339e533a2c52cbbda3773ebddd95dc6d179aaf17aed14 HTTP/1.1" 200 1785
"GET /usuarios/nova-senha/ HTTP/1.1" 200 2123
"POST /usuarios/nova-senha/ HTTP/1.1" 302 0
"GET /usuarios/confirmar-nova-senha/7623061c2a7d54af37d04185a3a79a743126c657d7ac928ccb0f2a02 HTTP/1.1" 200 1785
"POST /usuarios/confirmar-nova-senha/7623061c2a7d54af37d04185a3a79a743126c657d7ac928ccb0f2a02 HTTP/1.1" 302 0
"GET /usuarios/ HTTP/1.1" 302 0
"GET /usuarios/entrar/?next=/usuarios/ HTTP/1.1" 200 2540
"GET /static/images/bg.jpg HTTP/1.1" 404 1663
"GET /usuarios/nova-senha/ HTTP/1.1" 200 2123
"POST /usuarios/nova-senha/ HTTP/1.1" 302 0
"GET /usuarios/confirmar-nova-senha/5efee6c16bfb18fae54471c56ab89d50240df84632f31140bbdf3603 HTTP/1.1" 200 1785
"POST /usuarios/confirmar-nova-senha/5efee6c16bfb18fae54471c56ab89d50240df84632f31140bbdf3603 HTTP/1.1" 200 1635
C:\Users\shaba\PycharmProjects\alocacao\usuarios\views.py changed, reloading.
Watching for file changes with StatReloader
C:\Users\shaba\PycharmProjects\alocacao\usuarios\views.py changed, reloading.
Watching for file changes with StatReloader
"GET /usuarios/confirmar-nova-senha/5efee6c16bfb18fae54471c56ab89d50240df84632f31140bbdf3603 HTTP/1.1" 200 1785
"POST /usuarios/confirmar-nova-senha/5efee6c16bfb18fae54471c56ab89d50240df84632f31140bbdf3603 HTTP/1.1" 200 1635
"GET /usuarios/confirmar-nova-senha/5efee6c16bfb18fae54471c56ab89d50240df84632f31140bbdf3603 HTTP/1.1" 200 1785
"GET /usuarios/nova-senha/ HTTP/1.1" 200 2123
"POST /usuarios/nova-senha/ HTTP/1.1" 302 0
"GET /usuarios/confirmar-nova-senha/377382e4e66c072c55d997c226739bc47d48a1b90916ae74512a48a9 HTTP/1.1" 200 1785
"POST /usuarios/confirmar-nova-senha/377382e4e66c072c55d997c226739bc47d48a1b90916ae74512a48a9 HTTP/1.1" 200 1635
C:\Users\shaba\PycharmProjects\alocacao\usuarios\views.py changed, reloading.
Watching for file changes with StatReloader
"GET /usuarios/confirmar-nova-senha/377382e4e66c072c55d997c226739bc47d48a1b90916ae74512a48a9 HTTP/1.1" 200 1785
"POST /usuarios/confirmar-nova-senha/377382e4e66c072c55d997c226739bc47d48a1b90916ae74512a48a9 HTTP/1.1" 200 1635
"GET /usuarios/confirmar-nova-senha/377382e4e66c072c55d997c226739bc47d48a1b90916ae74512a48a9 HTTP/1.1" 200 1785
"POST /usuarios/confirmar-nova-senha/377382e4e66c072c55d997c226739bc47d48a1b90916ae74512a48a9 HTTP/1.1" 200 1635
"GET /usuarios/confirmar-nova-senha/377382e4e66c072c55d997c226739bc47d48a1b90916ae74512a48a9 HTTP/1.1" 200 1785
"POST /usuarios/confirmar-nova-senha/377382e4e66c072c55d997c226739bc47d48a1b90916ae74512a48a9 HTTP/1.1" 302 0
"GET /usuarios/ HTTP/1.1" 302 0
"GET /usuarios/entrar/?next=/usuarios/ HTTP/1.1" 200 2540
"GET /static/images/bg.jpg HTTP/1.1" 404 1663
"POST /usuarios/entrar/?next=/usuarios/ HTTP/1.1" 302 0
"GET /usuarios/ HTTP/1.1" 200 2806
"GET /listalog/ HTTP/1.1" 200 9485
C:\Users\shaba\PycharmProjects\alocacao\usuarios\views.py changed, reloading.
Watching for file changes with StatReloader
"GET /usuarios/sair/ HTTP/1.1" 302 0
"GET / HTTP/1.1" 200 2005
"GET /static/assets/pessoal.css HTTP/1.1" 404 1678
"GET /static/assets/extra.css HTTP/1.1" 404 1672
"GET /usuarios/entrar/ HTTP/1.1" 200 2540
"GET /static/images/bg.jpg HTTP/1.1" 404 1663
"GET /usuarios/nova-senha/ HTTP/1.1" 200 2123
"POST /usuarios/nova-senha/ HTTP/1.1" 302 0
"GET /usuarios/confirmar-nova-senha/875b0d45c316346141a4d4b8771bb7407af99fe7c7b68237f6c92b99 HTTP/1.1" 200 1635
C:\Users\shaba\PycharmProjects\alocacao\usuarios\views.py changed, reloading.
Watching for file changes with StatReloader
"GET /usuarios/confirmar-nova-senha/875b0d45c316346141a4d4b8771bb7407af99fe7c7b68237f6c92b99 HTTP/1.1" 200 1785
C:\Users\shaba\PycharmProjects\alocacao\usuarios\views.py changed, reloading.
Watching for file changes with StatReloader
C:\Users\shaba\PycharmProjects\alocacao\usuarios\views.py changed, reloading.
Watching for file changes with StatReloader
Internal Server Error: /usuarios/confirmar-nova-senha/875b0d45c316346141a4d4b8771bb7407af99fe7c7b68237f6c92b99
Traceback (most recent call last):
  File "C:\Users\shaba\PycharmProjects\alocacao\venv\lib\site-packages\django\core\handlers\exception.py", line 34, in inner
    response = get_response(request)
  File "C:\Users\shaba\PycharmProjects\alocacao\venv\lib\site-packages\django\core\handlers\base.py", line 115, in _get_response
    response = self.process_exception_by_middleware(e, request)
  File "C:\Users\shaba\PycharmProjects\alocacao\venv\lib\site-packages\django\core\handlers\base.py", line 113, in _get_response
    response = wrapped_callback(request, *callback_args, **callback_kwargs)
  File "C:\Users\shaba\PycharmProjects\alocacao\usuarios\views.py", line 75, in password_reset_confirm
    password1 = form.cleaned_data.get("new_password1")
UnboundLocalError: local variable 'form' referenced before assignment
"GET /usuarios/confirmar-nova-senha/875b0d45c316346141a4d4b8771bb7407af99fe7c7b68237f6c92b99 HTTP/1.1" 500 72609
C:\Users\shaba\PycharmProjects\alocacao\usuarios\views.py changed, reloading.
Watching for file changes with StatReloader
"GET /usuarios/confirmar-nova-senha/875b0d45c316346141a4d4b8771bb7407af99fe7c7b68237f6c92b99 HTTP/1.1" 200 1785
C:\Users\shaba\PycharmProjects\alocacao\usuarios\views.py changed, reloading.
Watching for file changes with StatReloader
"GET /usuarios/confirmar-nova-senha/875b0d45c316346141a4d4b8771bb7407af99fe7c7b68237f6c92b99 HTTP/1.1" 200 1785
"POST /usuarios/confirmar-nova-senha/875b0d45c316346141a4d4b8771bb7407af99fe7c7b68237f6c92b99 HTTP/1.1" 302 0
"GET /usuarios/ HTTP/1.1" 302 0
"GET /usuarios/entrar/?next=/usuarios/ HTTP/1.1" 200 2540
"GET /static/images/bg.jpg HTTP/1.1" 404 1663
"GET /usuarios/nova-senha/ HTTP/1.1" 200 2123
"POST /usuarios/nova-senha/ HTTP/1.1" 200 2259
"POST /usuarios/nova-senha/ HTTP/1.1" 302 0
"GET /usuarios/confirmar-nova-senha/b197ed8d4a48ee84af3227111784bc764f61c5baa09270df88014243 HTTP/1.1" 200 1785
"POST /usuarios/confirmar-nova-senha/b197ed8d4a48ee84af3227111784bc764f61c5baa09270df88014243 HTTP/1.1" 200 1785
"POST /usuarios/confirmar-nova-senha/b197ed8d4a48ee84af3227111784bc764f61c5baa09270df88014243 HTTP/1.1" 200 1785
"POST /usuarios/confirmar-nova-senha/b197ed8d4a48ee84af3227111784bc764f61c5baa09270df88014243 HTTP/1.1" 200 1785
Internal Server Error: /usuarios/confirmar-nova-senha/b197ed8d4a48ee84af3227111784bc764f61c5baa09270df88014243
Traceback (most recent call last):
  File "C:\Users\shaba\PycharmProjects\alocacao\venv\lib\site-packages\django\core\handlers\exception.py", line 34, in inner
    response = get_response(request)
  File "C:\Users\shaba\PycharmProjects\alocacao\venv\lib\site-packages\django\core\handlers\base.py", line 115, in _get_response
    response = self.process_exception_by_middleware(e, request)
  File "C:\Users\shaba\PycharmProjects\alocacao\venv\lib\site-packages\django\core\handlers\base.py", line 113, in _get_response
    response = wrapped_callback(request, *callback_args, **callback_kwargs)
  File "C:\Users\shaba\PycharmProjects\alocacao\usuarios\views.py", line 77, in password_reset_confirm
    return render(request, template_name, context)
  File "C:\Users\shaba\PycharmProjects\alocacao\venv\lib\site-packages\django\shortcuts.py", line 36, in render
    content = loader.render_to_string(template_name, context, request, using=using)
  File "C:\Users\shaba\PycharmProjects\alocacao\venv\lib\site-packages\django\template\loader.py", line 61, in render_to_string
    template = get_template(template_name, using=using)
  File "C:\Users\shaba\PycharmProjects\alocacao\venv\lib\site-packages\django\template\loader.py", line 15, in get_template
    return engine.get_template(template_name)
  File "C:\Users\shaba\PycharmProjects\alocacao\venv\lib\site-packages\django\template\backends\django.py", line 34, in get_template
    return Template(self.engine.get_template(template_name), self)
  File "C:\Users\shaba\PycharmProjects\alocacao\venv\lib\site-packages\django\template\engine.py", line 143, in get_template
    template, origin = self.find_template(template_name)
  File "C:\Users\shaba\PycharmProjects\alocacao\venv\lib\site-packages\django\template\engine.py", line 125, in find_template
    template = loader.get_template(name, skip=skip)
  File "C:\Users\shaba\PycharmProjects\alocacao\venv\lib\site-packages\django\template\loaders\base.py", line 30, in get_template
    contents, origin, origin.template_name, self.engine,
  File "C:\Users\shaba\PycharmProjects\alocacao\venv\lib\site-packages\django\template\base.py", line 156, in __init__
    self.nodelist = self.compile_nodelist()
  File "C:\Users\shaba\PycharmProjects\alocacao\venv\lib\site-packages\django\template\base.py", line 194, in compile_nodelist
    return parser.parse()
  File "C:\Users\shaba\PycharmProjects\alocacao\venv\lib\site-packages\django\template\base.py", line 478, in parse
    raise self.error(token, e)
  File "C:\Users\shaba\PycharmProjects\alocacao\venv\lib\site-packages\django\template\base.py", line 476, in parse
    compiled_result = compile_func(self, token)
  File "C:\Users\shaba\PycharmProjects\alocacao\venv\lib\site-packages\django\template\loader_tags.py", line 266, in do_extends
    nodelist = parser.parse()
  File "C:\Users\shaba\PycharmProjects\alocacao\venv\lib\site-packages\django\template\base.py", line 449, in parse
    raise self.error(token, e)
  File "C:\Users\shaba\PycharmProjects\alocacao\venv\lib\site-packages\django\template\base.py", line 447, in parse
    filter_expression = self.compile_filter(token.contents)
  File "C:\Users\shaba\PycharmProjects\alocacao\venv\lib\site-packages\django\template\base.py", line 563, in compile_filter
    return FilterExpression(token, self)
  File "C:\Users\shaba\PycharmProjects\alocacao\venv\lib\site-packages\django\template\base.py", line 657, in __init__
    filter_func = parser.find_filter(filter_name)
  File "C:\Users\shaba\PycharmProjects\alocacao\venv\lib\site-packages\django\template\base.py", line 569, in find_filter
    raise TemplateSyntaxError("Invalid filter: '%s'" % filter_name)
django.template.exceptions.TemplateSyntaxError: Invalid filter: 'crispy'
"POST /usuarios/confirmar-nova-senha/b197ed8d4a48ee84af3227111784bc764f61c5baa09270df88014243 HTTP/1.1" 500 161175
"POST /usuarios/confirmar-nova-senha/b197ed8d4a48ee84af3227111784bc764f61c5baa09270df88014243 HTTP/1.1" 200 1676
"POST /usuarios/confirmar-nova-senha/b197ed8d4a48ee84af3227111784bc764f61c5baa09270df88014243 HTTP/1.1" 200 1698
"POST /usuarios/confirmar-nova-senha/b197ed8d4a48ee84af3227111784bc764f61c5baa09270df88014243 HTTP/1.1" 200 1700
"POST /usuarios/confirmar-nova-senha/b197ed8d4a48ee84af3227111784bc764f61c5baa09270df88014243 HTTP/1.1" 200 1700
"POST /usuarios/confirmar-nova-senha/b197ed8d4a48ee84af3227111784bc764f61c5baa09270df88014243 HTTP/1.1" 200 1904
"POST /usuarios/confirmar-nova-senha/b197ed8d4a48ee84af3227111784bc764f61c5baa09270df88014243 HTTP/1.1" 200 1904
"POST /usuarios/confirmar-nova-senha/b197ed8d4a48ee84af3227111784bc764f61c5baa09270df88014243 HTTP/1.1" 302 0
"GET /usuarios/ HTTP/1.1" 302 0
"GET /usuarios/entrar/?next=/usuarios/ HTTP/1.1" 200 2540
"GET /static/images/bg.jpg HTTP/1.1" 404 1663
"POST /usuarios/entrar/?next=/usuarios/ HTTP/1.1" 302 0
"GET /usuarios/ HTTP/1.1" 200 2806
"GET /usuarios/editar-senha/ HTTP/1.1" 200 4402
"GET /usuarios/sair/ HTTP/1.1" 302 0
"GET / HTTP/1.1" 200 2005
"GET /static/assets/extra.css HTTP/1.1" 404 1672
"GET /static/assets/pessoal.css HTTP/1.1" 404 1678
"GET /usuarios/entrar/ HTTP/1.1" 200 2540
"GET /static/images/bg.jpg HTTP/1.1" 404 1663
"GET /usuarios/nova-senha/ HTTP/1.1" 200 2123
"GET /static/images/bg.jpg HTTP/1.1" 404 1663
"POST /usuarios/nova-senha/ HTTP/1.1" 302 0
"GET /usuarios/confirmar-nova-senha/9bb654b7fe96fb9dc00b8417ad5256251751fc476a1b2df704a50c16 HTTP/1.1" 200 1904
Watching for file changes with StatReloader
"GET / HTTP/1.1" 200 2005
"GET /static/assets/pessoal.css HTTP/1.1" 404 1678
"GET /static/assets/extra.css HTTP/1.1" 404 1672
"GET /static/css/mdb.min.css HTTP/1.1" 304 0
"GET /static/css/style.css HTTP/1.1" 304 0
"GET /static/css/bootstrap.min.css HTTP/1.1" 304 0
Not Found: /favicon.ico
"GET /favicon.ico HTTP/1.1" 404 6230
"GET /usuarios/entrar/ HTTP/1.1" 200 2540
"GET /static/assets/bootstrap.min.css HTTP/1.1" 304 0
"GET /static/assets/custom.min.css HTTP/1.1" 304 0
"GET /static/assets/estilo.css HTTP/1.1" 304 0
"GET /static/assets/style.css HTTP/1.1" 304 0
"GET /static/images/bg.jpg HTTP/1.1" 404 1663
"GET /usuarios/nova-senha/ HTTP/1.1" 200 2123
"GET /static/images/bg.jpg HTTP/1.1" 404 1663
"POST /usuarios/nova-senha/ HTTP/1.1" 302 0
"GET /usuarios/confirmar-nova-senha/34c6aef6880ceae7c9bb8501ec733db66dfa3136a193386f8271a5b7 HTTP/1.1" 200 1904
"GET /static/admin/css/forms.css HTTP/1.1" 304 0
"GET /static/admin/css/widgets.css HTTP/1.1" 304 0
"GET /static/admin/css/responsive.css HTTP/1.1" 304 0
"GET /static/admin/css/base.css HTTP/1.1" 304 0
"GET /static/admin/css/fonts.css HTTP/1.1" 304 0
"GET /static/admin/fonts/Roboto-Bold-webfont.woff HTTP/1.1" 304 0
"GET /static/admin/fonts/Roboto-Regular-webfont.woff HTTP/1.1" 304 0
"GET /usuarios/confirmar-nova-senha/34c6aef6880ceae7c9bb8501ec733db66dfa3136a193386f8271a5b7 HTTP/1.1" 200 1919
"GET /usuarios/confirmar-nova-senha/34c6aef6880ceae7c9bb8501ec733db66dfa3136a193386f8271a5b7 HTTP/1.1" 200 1939
"GET /usuarios/confirmar-nova-senha/34c6aef6880ceae7c9bb8501ec733db66dfa3136a193386f8271a5b7 HTTP/1.1" 200 1909
C:\Users\shaba\PycharmProjects\alocacao\alocar\admin.py changed, reloading.
Watching for file changes with StatReloader
C:\Users\shaba\PycharmProjects\alocacao\alocar\admin.py changed, reloading.
Watching for file changes with StatReloader
C:\Users\shaba\PycharmProjects\alocacao\alocar\admin.py changed, reloading.
Watching for file changes with StatReloader
"GET /usuarios/nova-senha/ HTTP/1.1" 200 2123
"GET / HTTP/1.1" 200 2005
"GET /static/assets/pessoal.css HTTP/1.1" 404 1678
"GET /static/assets/extra.css HTTP/1.1" 404 1672
"GET /usuarios/entrar/ HTTP/1.1" 200 2540
"POST /usuarios/entrar/ HTTP/1.1" 302 0
"GET /usuarios/ HTTP/1.1" 200 2806
"GET /admin/ HTTP/1.1" 200 8179
"GET /static/admin/css/dashboard.css HTTP/1.1" 304 0
"GET /admin/ HTTP/1.1" 200 8179
"GET /static/admin/img/icon-addlink.svg HTTP/1.1" 304 0
"GET /static/admin/img/icon-changelink.svg HTTP/1.1" 304 0
"GET /static/admin/img/icon-deletelink.svg HTTP/1.1" 304 0
"GET /static/admin/fonts/Roboto-Light-webfont.woff HTTP/1.1" 304 0
"GET /admin/alocar/bloco/ HTTP/1.1" 200 5634
"GET /static/admin/js/vendor/jquery/jquery.js HTTP/1.1" 304 0
"GET /static/admin/css/changelists.css HTTP/1.1" 304 0
"GET /static/admin/js/core.js HTTP/1.1" 304 0
"GET /static/admin/js/admin/RelatedObjectLookups.js HTTP/1.1" 304 0
"GET /static/admin/js/actions.js HTTP/1.1" 304 0
"GET /static/admin/js/jquery.init.js HTTP/1.1" 304 0
"GET /static/admin/js/urlify.js HTTP/1.1" 304 0
"GET /static/admin/js/prepopulate.js HTTP/1.1" 304 0
"GET /static/admin/js/vendor/xregexp/xregexp.js HTTP/1.1" 304 0
"GET /admin/jsi18n/ HTTP/1.1" 200 7144
"GET /static/admin/img/search.svg HTTP/1.1" 304 0
"GET /static/admin/img/sorting-icons.svg HTTP/1.1" 304 0
"GET /static/admin/img/tooltag-add.svg HTTP/1.1" 304 0
"GET /admin/alocar/bloco/1/change/ HTTP/1.1" 200 4256
"GET /static/admin/js/change_form.js HTTP/1.1" 304 0
"GET /static/admin/js/prepopulate_init.js HTTP/1.1" 304 0
"GET /admin/jsi18n/ HTTP/1.1" 200 7144
Internal Server Error: /admin/alocar/bloco/1/change/
Traceback (most recent call last):
  File "C:\Users\shaba\PycharmProjects\alocacao\venv\lib\site-packages\django\core\handlers\exception.py", line 34, in inner
    response = get_response(request)
  File "C:\Users\shaba\PycharmProjects\alocacao\venv\lib\site-packages\django\core\handlers\base.py", line 115, in _get_response
    response = self.process_exception_by_middleware(e, request)
  File "C:\Users\shaba\PycharmProjects\alocacao\venv\lib\site-packages\django\core\handlers\base.py", line 113, in _get_response
    response = wrapped_callback(request, *callback_args, **callback_kwargs)
  File "C:\Users\shaba\PycharmProjects\alocacao\venv\lib\site-packages\django\contrib\admin\options.py", line 606, in wrapper
    return self.admin_site.admin_view(view)(*args, **kwargs)
  File "C:\Users\shaba\PycharmProjects\alocacao\venv\lib\site-packages\django\utils\decorators.py", line 142, in _wrapped_view
    response = view_func(request, *args, **kwargs)
  File "C:\Users\shaba\PycharmProjects\alocacao\venv\lib\site-packages\django\views\decorators\cache.py", line 44, in _wrapped_view_func
    response = view_func(request, *args, **kwargs)
  File "C:\Users\shaba\PycharmProjects\alocacao\venv\lib\site-packages\django\contrib\admin\sites.py", line 223, in inner
    return view(request, *args, **kwargs)
  File "C:\Users\shaba\PycharmProjects\alocacao\venv\lib\site-packages\django\contrib\admin\options.py", line 1637, in change_view
    return self.changeform_view(request, object_id, form_url, extra_context)
  File "C:\Users\shaba\PycharmProjects\alocacao\venv\lib\site-packages\django\utils\decorators.py", line 45, in _wrapper
    return bound_method(*args, **kwargs)
  File "C:\Users\shaba\PycharmProjects\alocacao\venv\lib\site-packages\django\utils\decorators.py", line 142, in _wrapped_view
    response = view_func(request, *args, **kwargs)
  File "C:\Users\shaba\PycharmProjects\alocacao\venv\lib\site-packages\django\contrib\admin\options.py", line 1522, in changeform_view
    return self._changeform_view(request, object_id, form_url, extra_context)
  File "C:\Users\shaba\PycharmProjects\alocacao\venv\lib\site-packages\django\contrib\admin\options.py", line 1561, in _changeform_view
    self.save_model(request, new_object, form, not add)
  File "C:\Users\shaba\PycharmProjects\alocacao\alocar\admin.py", line 45, in save_model
    values = Sala.objects.select_related('bloco').filter(bloco__id=id)
  File "C:\Users\shaba\PycharmProjects\alocacao\venv\lib\site-packages\django\db\models\query.py", line 892, in filter
    return self._filter_or_exclude(False, *args, **kwargs)
  File "C:\Users\shaba\PycharmProjects\alocacao\venv\lib\site-packages\django\db\models\query.py", line 910, in _filter_or_exclude
    clone.query.add_q(Q(*args, **kwargs))
  File "C:\Users\shaba\PycharmProjects\alocacao\venv\lib\site-packages\django\db\models\sql\query.py", line 1290, in add_q
    clause, _ = self._add_q(q_object, self.used_aliases)
  File "C:\Users\shaba\PycharmProjects\alocacao\venv\lib\site-packages\django\db\models\sql\query.py", line 1318, in _add_q
    split_subq=split_subq, simple_col=simple_col,
  File "C:\Users\shaba\PycharmProjects\alocacao\venv\lib\site-packages\django\db\models\sql\query.py", line 1251, in build_filter
    condition = self.build_lookup(lookups, col, value)
  File "C:\Users\shaba\PycharmProjects\alocacao\venv\lib\site-packages\django\db\models\sql\query.py", line 1116, in build_lookup
    lookup = lookup_class(lhs, rhs)
  File "C:\Users\shaba\PycharmProjects\alocacao\venv\lib\site-packages\django\db\models\lookups.py", line 20, in __init__
    self.rhs = self.get_prep_lookup()
  File "C:\Users\shaba\PycharmProjects\alocacao\venv\lib\site-packages\django\db\models\lookups.py", line 70, in get_prep_lookup
    return self.lhs.output_field.get_prep_value(self.rhs)
  File "C:\Users\shaba\PycharmProjects\alocacao\venv\lib\site-packages\django\db\models\fields\__init__.py", line 968, in get_prep_value
    return int(value)
TypeError: int() argument must be a string, a bytes-like object or a number, not 'builtin_function_or_method'
"POST /admin/alocar/bloco/1/change/ HTTP/1.1" 500 161086
C:\Users\shaba\PycharmProjects\alocacao\alocar\admin.py changed, reloading.
Watching for file changes with StatReloader
Internal Server Error: /admin/alocar/bloco/1/change/
Traceback (most recent call last):
  File "C:\Users\shaba\PycharmProjects\alocacao\venv\lib\site-packages\django\core\handlers\exception.py", line 34, in inner
    response = get_response(request)
  File "C:\Users\shaba\PycharmProjects\alocacao\venv\lib\site-packages\django\core\handlers\base.py", line 115, in _get_response
    response = self.process_exception_by_middleware(e, request)
  File "C:\Users\shaba\PycharmProjects\alocacao\venv\lib\site-packages\django\core\handlers\base.py", line 113, in _get_response
    response = wrapped_callback(request, *callback_args, **callback_kwargs)
  File "C:\Users\shaba\PycharmProjects\alocacao\venv\lib\site-packages\django\contrib\admin\options.py", line 606, in wrapper
    return self.admin_site.admin_view(view)(*args, **kwargs)
  File "C:\Users\shaba\PycharmProjects\alocacao\venv\lib\site-packages\django\utils\decorators.py", line 142, in _wrapped_view
    response = view_func(request, *args, **kwargs)
  File "C:\Users\shaba\PycharmProjects\alocacao\venv\lib\site-packages\django\views\decorators\cache.py", line 44, in _wrapped_view_func
    response = view_func(request, *args, **kwargs)
  File "C:\Users\shaba\PycharmProjects\alocacao\venv\lib\site-packages\django\contrib\admin\sites.py", line 223, in inner
    return view(request, *args, **kwargs)
  File "C:\Users\shaba\PycharmProjects\alocacao\venv\lib\site-packages\django\contrib\admin\options.py", line 1637, in change_view
    return self.changeform_view(request, object_id, form_url, extra_context)
  File "C:\Users\shaba\PycharmProjects\alocacao\venv\lib\site-packages\django\utils\decorators.py", line 45, in _wrapper
    return bound_method(*args, **kwargs)
  File "C:\Users\shaba\PycharmProjects\alocacao\venv\lib\site-packages\django\utils\decorators.py", line 142, in _wrapped_view
    response = view_func(request, *args, **kwargs)
  File "C:\Users\shaba\PycharmProjects\alocacao\venv\lib\site-packages\django\contrib\admin\options.py", line 1522, in changeform_view
    return self._changeform_view(request, object_id, form_url, extra_context)
  File "C:\Users\shaba\PycharmProjects\alocacao\venv\lib\site-packages\django\contrib\admin\options.py", line 1561, in _changeform_view
    self.save_model(request, new_object, form, not add)
  File "C:\Users\shaba\PycharmProjects\alocacao\alocar\admin.py", line 47, in save_model
    if values:
NameError: name 'values' is not defined
"POST /admin/alocar/bloco/1/change/ HTTP/1.1" 500 116381
C:\Users\shaba\PycharmProjects\alocacao\alocar\admin.py changed, reloading.
Watching for file changes with StatReloader
"POST /admin/alocar/bloco/1/change/ HTTP/1.1" 302 0
"GET /admin/alocar/bloco/ HTTP/1.1" 200 5915
"GET /admin/jsi18n/ HTTP/1.1" 200 7144
"GET /static/admin/img/icon-yes.svg HTTP/1.1" 304 0
"GET /admin/alocar/bloco/1/change/ HTTP/1.1" 200 4256
"GET /admin/jsi18n/ HTTP/1.1" 200 7144
"POST /admin/alocar/bloco/1/change/ HTTP/1.1" 302 0
"GET /admin/alocar/bloco/add/ HTTP/1.1" 200 4359
"GET /admin/jsi18n/ HTTP/1.1" 200 7144
"POST /admin/alocar/bloco/add/ HTTP/1.1" 200 4185
"GET /admin/jsi18n/ HTTP/1.1" 200 7144
"GET /admin/alocar/bloco/ HTTP/1.1" 200 5634
"GET /admin/jsi18n/ HTTP/1.1" 200 7144
C:\Users\shaba\PycharmProjects\alocacao\alocar\admin.py changed, reloading.
Watching for file changes with StatReloader
C:\Users\shaba\PycharmProjects\alocacao\alocar\admin.py changed, reloading.
Watching for file changes with StatReloader
"GET /admin/alocar/bloco/1/change/ HTTP/1.1" 200 4256
"GET /admin/jsi18n/ HTTP/1.1" 200 7144
Internal Server Error: /admin/alocar/bloco/1/change/
Traceback (most recent call last):
  File "C:\Users\shaba\PycharmProjects\alocacao\venv\lib\site-packages\django\core\handlers\exception.py", line 34, in inner
    response = get_response(request)
  File "C:\Users\shaba\PycharmProjects\alocacao\venv\lib\site-packages\django\core\handlers\base.py", line 115, in _get_response
    response = self.process_exception_by_middleware(e, request)
  File "C:\Users\shaba\PycharmProjects\alocacao\venv\lib\site-packages\django\core\handlers\base.py", line 113, in _get_response
    response = wrapped_callback(request, *callback_args, **callback_kwargs)
  File "C:\Users\shaba\PycharmProjects\alocacao\venv\lib\site-packages\django\contrib\admin\options.py", line 606, in wrapper
    return self.admin_site.admin_view(view)(*args, **kwargs)
  File "C:\Users\shaba\PycharmProjects\alocacao\venv\lib\site-packages\django\utils\decorators.py", line 142, in _wrapped_view
    response = view_func(request, *args, **kwargs)
  File "C:\Users\shaba\PycharmProjects\alocacao\venv\lib\site-packages\django\views\decorators\cache.py", line 44, in _wrapped_view_func
    response = view_func(request, *args, **kwargs)
  File "C:\Users\shaba\PycharmProjects\alocacao\venv\lib\site-packages\django\contrib\admin\sites.py", line 223, in inner
    return view(request, *args, **kwargs)
  File "C:\Users\shaba\PycharmProjects\alocacao\venv\lib\site-packages\django\contrib\admin\options.py", line 1637, in change_view
    return self.changeform_view(request, object_id, form_url, extra_context)
  File "C:\Users\shaba\PycharmProjects\alocacao\venv\lib\site-packages\django\utils\decorators.py", line 45, in _wrapper
    return bound_method(*args, **kwargs)
  File "C:\Users\shaba\PycharmProjects\alocacao\venv\lib\site-packages\django\utils\decorators.py", line 142, in _wrapped_view
    response = view_func(request, *args, **kwargs)
  File "C:\Users\shaba\PycharmProjects\alocacao\venv\lib\site-packages\django\contrib\admin\options.py", line 1522, in changeform_view
    return self._changeform_view(request, object_id, form_url, extra_context)
  File "C:\Users\shaba\PycharmProjects\alocacao\venv\lib\site-packages\django\contrib\admin\options.py", line 1561, in _changeform_view
    self.save_model(request, new_object, form, not add)
  File "C:\Users\shaba\PycharmProjects\alocacao\alocar\admin.py", line 45, in save_model
    values = Sala.objects.select_related('bloco').filter(bloco__id=id)
  File "C:\Users\shaba\PycharmProjects\alocacao\venv\lib\site-packages\django\db\models\query.py", line 892, in filter
    return self._filter_or_exclude(False, *args, **kwargs)
  File "C:\Users\shaba\PycharmProjects\alocacao\venv\lib\site-packages\django\db\models\query.py", line 910, in _filter_or_exclude
    clone.query.add_q(Q(*args, **kwargs))
  File "C:\Users\shaba\PycharmProjects\alocacao\venv\lib\site-packages\django\db\models\sql\query.py", line 1290, in add_q
    clause, _ = self._add_q(q_object, self.used_aliases)
  File "C:\Users\shaba\PycharmProjects\alocacao\venv\lib\site-packages\django\db\models\sql\query.py", line 1318, in _add_q
    split_subq=split_subq, simple_col=simple_col,
  File "C:\Users\shaba\PycharmProjects\alocacao\venv\lib\site-packages\django\db\models\sql\query.py", line 1251, in build_filter
    condition = self.build_lookup(lookups, col, value)
  File "C:\Users\shaba\PycharmProjects\alocacao\venv\lib\site-packages\django\db\models\sql\query.py", line 1116, in build_lookup
    lookup = lookup_class(lhs, rhs)
  File "C:\Users\shaba\PycharmProjects\alocacao\venv\lib\site-packages\django\db\models\lookups.py", line 20, in __init__
    self.rhs = self.get_prep_lookup()
  File "C:\Users\shaba\PycharmProjects\alocacao\venv\lib\site-packages\django\db\models\lookups.py", line 70, in get_prep_lookup
    return self.lhs.output_field.get_prep_value(self.rhs)
  File "C:\Users\shaba\PycharmProjects\alocacao\venv\lib\site-packages\django\db\models\fields\__init__.py", line 968, in get_prep_value
    return int(value)
TypeError: int() argument must be a string, a bytes-like object or a number, not 'builtin_function_or_method'
"POST /admin/alocar/bloco/1/change/ HTTP/1.1" 500 161086
C:\Users\shaba\PycharmProjects\alocacao\alocar\admin.py changed, reloading.
Watching for file changes with StatReloader
C:\Users\shaba\PycharmProjects\alocacao\alocar\admin.py changed, reloading.
Watching for file changes with StatReloader
Internal Server Error: /admin/alocar/bloco/1/change/
Traceback (most recent call last):
  File "C:\Users\shaba\PycharmProjects\alocacao\venv\lib\site-packages\django\core\handlers\exception.py", line 34, in inner
    response = get_response(request)
  File "C:\Users\shaba\PycharmProjects\alocacao\venv\lib\site-packages\django\core\handlers\base.py", line 115, in _get_response
    response = self.process_exception_by_middleware(e, request)
  File "C:\Users\shaba\PycharmProjects\alocacao\venv\lib\site-packages\django\core\handlers\base.py", line 113, in _get_response
    response = wrapped_callback(request, *callback_args, **callback_kwargs)
  File "C:\Users\shaba\PycharmProjects\alocacao\venv\lib\site-packages\django\contrib\admin\options.py", line 606, in wrapper
    return self.admin_site.admin_view(view)(*args, **kwargs)
  File "C:\Users\shaba\PycharmProjects\alocacao\venv\lib\site-packages\django\utils\decorators.py", line 142, in _wrapped_view
    response = view_func(request, *args, **kwargs)
  File "C:\Users\shaba\PycharmProjects\alocacao\venv\lib\site-packages\django\views\decorators\cache.py", line 44, in _wrapped_view_func
    response = view_func(request, *args, **kwargs)
  File "C:\Users\shaba\PycharmProjects\alocacao\venv\lib\site-packages\django\contrib\admin\sites.py", line 223, in inner
    return view(request, *args, **kwargs)
  File "C:\Users\shaba\PycharmProjects\alocacao\venv\lib\site-packages\django\contrib\admin\options.py", line 1637, in change_view
    return self.changeform_view(request, object_id, form_url, extra_context)
  File "C:\Users\shaba\PycharmProjects\alocacao\venv\lib\site-packages\django\utils\decorators.py", line 45, in _wrapper
    return bound_method(*args, **kwargs)
  File "C:\Users\shaba\PycharmProjects\alocacao\venv\lib\site-packages\django\utils\decorators.py", line 142, in _wrapped_view
    response = view_func(request, *args, **kwargs)
  File "C:\Users\shaba\PycharmProjects\alocacao\venv\lib\site-packages\django\contrib\admin\options.py", line 1522, in changeform_view
    return self._changeform_view(request, object_id, form_url, extra_context)
  File "C:\Users\shaba\PycharmProjects\alocacao\venv\lib\site-packages\django\contrib\admin\options.py", line 1561, in _changeform_view
    self.save_model(request, new_object, form, not add)
  File "C:\Users\shaba\PycharmProjects\alocacao\alocar\admin.py", line 45, in save_model
    values = Sala.objects.select_related('bloco').filter(bloco__id=request.id)
AttributeError: 'WSGIRequest' object has no attribute 'id'
"POST /admin/alocar/bloco/1/change/ HTTP/1.1" 500 116601
C:\Users\shaba\PycharmProjects\alocacao\alocar\admin.py changed, reloading.
Watching for file changes with StatReloader
Internal Server Error: /admin/alocar/bloco/1/change/
Traceback (most recent call last):
  File "C:\Users\shaba\PycharmProjects\alocacao\venv\lib\site-packages\django\core\handlers\exception.py", line 34, in inner
    response = get_response(request)
  File "C:\Users\shaba\PycharmProjects\alocacao\venv\lib\site-packages\django\core\handlers\base.py", line 115, in _get_response
    response = self.process_exception_by_middleware(e, request)
  File "C:\Users\shaba\PycharmProjects\alocacao\venv\lib\site-packages\django\core\handlers\base.py", line 113, in _get_response
    response = wrapped_callback(request, *callback_args, **callback_kwargs)
  File "C:\Users\shaba\PycharmProjects\alocacao\venv\lib\site-packages\django\contrib\admin\options.py", line 606, in wrapper
    return self.admin_site.admin_view(view)(*args, **kwargs)
  File "C:\Users\shaba\PycharmProjects\alocacao\venv\lib\site-packages\django\utils\decorators.py", line 142, in _wrapped_view
    response = view_func(request, *args, **kwargs)
  File "C:\Users\shaba\PycharmProjects\alocacao\venv\lib\site-packages\django\views\decorators\cache.py", line 44, in _wrapped_view_func
    response = view_func(request, *args, **kwargs)
  File "C:\Users\shaba\PycharmProjects\alocacao\venv\lib\site-packages\django\contrib\admin\sites.py", line 223, in inner
    return view(request, *args, **kwargs)
  File "C:\Users\shaba\PycharmProjects\alocacao\venv\lib\site-packages\django\contrib\admin\options.py", line 1637, in change_view
    return self.changeform_view(request, object_id, form_url, extra_context)
  File "C:\Users\shaba\PycharmProjects\alocacao\venv\lib\site-packages\django\utils\decorators.py", line 45, in _wrapper
    return bound_method(*args, **kwargs)
  File "C:\Users\shaba\PycharmProjects\alocacao\venv\lib\site-packages\django\utils\decorators.py", line 142, in _wrapped_view
    response = view_func(request, *args, **kwargs)
  File "C:\Users\shaba\PycharmProjects\alocacao\venv\lib\site-packages\django\contrib\admin\options.py", line 1522, in changeform_view
    return self._changeform_view(request, object_id, form_url, extra_context)
  File "C:\Users\shaba\PycharmProjects\alocacao\venv\lib\site-packages\django\contrib\admin\options.py", line 1561, in _changeform_view
    self.save_model(request, new_object, form, not add)
  File "C:\Users\shaba\PycharmProjects\alocacao\alocar\admin.py", line 45, in save_model
    values = Sala.objects.select_related('bloco').filter(bloco=request)
  File "C:\Users\shaba\PycharmProjects\alocacao\venv\lib\site-packages\django\db\models\query.py", line 892, in filter
    return self._filter_or_exclude(False, *args, **kwargs)
  File "C:\Users\shaba\PycharmProjects\alocacao\venv\lib\site-packages\django\db\models\query.py", line 910, in _filter_or_exclude
    clone.query.add_q(Q(*args, **kwargs))
  File "C:\Users\shaba\PycharmProjects\alocacao\venv\lib\site-packages\django\db\models\sql\query.py", line 1290, in add_q
    clause, _ = self._add_q(q_object, self.used_aliases)
  File "C:\Users\shaba\PycharmProjects\alocacao\venv\lib\site-packages\django\db\models\sql\query.py", line 1318, in _add_q
    split_subq=split_subq, simple_col=simple_col,
  File "C:\Users\shaba\PycharmProjects\alocacao\venv\lib\site-packages\django\db\models\sql\query.py", line 1251, in build_filter
    condition = self.build_lookup(lookups, col, value)
  File "C:\Users\shaba\PycharmProjects\alocacao\venv\lib\site-packages\django\db\models\sql\query.py", line 1116, in build_lookup
    lookup = lookup_class(lhs, rhs)
  File "C:\Users\shaba\PycharmProjects\alocacao\venv\lib\site-packages\django\db\models\lookups.py", line 20, in __init__
    self.rhs = self.get_prep_lookup()
  File "C:\Users\shaba\PycharmProjects\alocacao\venv\lib\site-packages\django\db\models\fields\related_lookups.py", line 115, in get_prep_lookup
    self.rhs = target_field.get_prep_value(self.rhs)
  File "C:\Users\shaba\PycharmProjects\alocacao\venv\lib\site-packages\django\db\models\fields\__init__.py", line 968, in get_prep_value
    return int(value)
TypeError: int() argument must be a string, a bytes-like object or a number, not 'WSGIRequest'
"POST /admin/alocar/bloco/1/change/ HTTP/1.1" 500 162315
C:\Users\shaba\PycharmProjects\alocacao\alocar\admin.py changed, reloading.
Watching for file changes with StatReloader
"POST /admin/alocar/bloco/1/change/ HTTP/1.1" 302 0
"GET /admin/alocar/bloco/ HTTP/1.1" 200 5915
"GET /admin/jsi18n/ HTTP/1.1" 200 7144
"GET /admin/alocar/bloco/1/change/ HTTP/1.1" 200 4256
"GET /admin/jsi18n/ HTTP/1.1" 200 7144
"POST /admin/alocar/bloco/1/change/ HTTP/1.1" 302 0
"GET /admin/alocar/bloco/ HTTP/1.1" 200 5915
"GET /admin/jsi18n/ HTTP/1.1" 200 7144
C:\Users\shaba\PycharmProjects\alocacao\alocar\admin.py changed, reloading.
Watching for file changes with StatReloader
"GET /admin/alocar/bloco/2/change/ HTTP/1.1" 200 4256
"GET /admin/jsi18n/ HTTP/1.1" 200 7144
"POST /admin/alocar/bloco/2/change/ HTTP/1.1" 302 0
"GET /admin/alocar/bloco/ HTTP/1.1" 200 5915
"GET /admin/jsi18n/ HTTP/1.1" 200 7144
"GET /admin/alocar/bloco/6/change/ HTTP/1.1" 200 4256
"GET /admin/jsi18n/ HTTP/1.1" 200 7144
"POST /admin/alocar/bloco/6/change/ HTTP/1.1" 302 0
"GET /admin/alocar/bloco/ HTTP/1.1" 200 5924
"GET /admin/jsi18n/ HTTP/1.1" 200 7144
"GET /admin/alocar/bloco/add/ HTTP/1.1" 200 4037
"GET /admin/jsi18n/ HTTP/1.1" 200 7144
"POST /admin/alocar/bloco/add/ HTTP/1.1" 302 0
"GET /admin/alocar/bloco/ HTTP/1.1" 200 5928
"GET /admin/jsi18n/ HTTP/1.1" 200 7144
"GET / HTTP/1.1" 200 2005
"GET /static/assets/pessoal.css HTTP/1.1" 404 1678
"GET /static/assets/extra.css HTTP/1.1" 404 1672
"GET /listalocacao/ HTTP/1.1" 200 6502
"GET /addsala/ HTTP/1.1" 200 11505
"GET /addbloco/ HTTP/1.1" 200 6758
"GET /admin/ HTTP/1.1" 200 8257
"GET /admin/ HTTP/1.1" 200 8257
"GET /admin/alocar/bloco/ HTTP/1.1" 200 5634
"GET /admin/jsi18n/ HTTP/1.1" 200 7144
C:\Users\shaba\PycharmProjects\alocacao\alocar\admin.py changed, reloading.
Watching for file changes with StatReloader
"GET /admin/alocar/bloco/add/ HTTP/1.1" 200 4037
"GET /admin/jsi18n/ HTTP/1.1" 200 7144
Internal Server Error: /admin/alocar/bloco/add/
Traceback (most recent call last):
  File "C:\Users\shaba\PycharmProjects\alocacao\venv\lib\site-packages\django\core\handlers\exception.py", line 34, in inner
    response = get_response(request)
  File "C:\Users\shaba\PycharmProjects\alocacao\venv\lib\site-packages\django\core\handlers\base.py", line 115, in _get_response
    response = self.process_exception_by_middleware(e, request)
  File "C:\Users\shaba\PycharmProjects\alocacao\venv\lib\site-packages\django\core\handlers\base.py", line 113, in _get_response
    response = wrapped_callback(request, *callback_args, **callback_kwargs)
  File "C:\Users\shaba\PycharmProjects\alocacao\venv\lib\site-packages\django\contrib\admin\options.py", line 606, in wrapper
    return self.admin_site.admin_view(view)(*args, **kwargs)
  File "C:\Users\shaba\PycharmProjects\alocacao\venv\lib\site-packages\django\utils\decorators.py", line 142, in _wrapped_view
    response = view_func(request, *args, **kwargs)
  File "C:\Users\shaba\PycharmProjects\alocacao\venv\lib\site-packages\django\views\decorators\cache.py", line 44, in _wrapped_view_func
    response = view_func(request, *args, **kwargs)
  File "C:\Users\shaba\PycharmProjects\alocacao\venv\lib\site-packages\django\contrib\admin\sites.py", line 223, in inner
    return view(request, *args, **kwargs)
  File "C:\Users\shaba\PycharmProjects\alocacao\venv\lib\site-packages\django\contrib\admin\options.py", line 1634, in add_view
    return self.changeform_view(request, None, form_url, extra_context)
  File "C:\Users\shaba\PycharmProjects\alocacao\venv\lib\site-packages\django\utils\decorators.py", line 45, in _wrapper
    return bound_method(*args, **kwargs)
  File "C:\Users\shaba\PycharmProjects\alocacao\venv\lib\site-packages\django\utils\decorators.py", line 142, in _wrapped_view
    response = view_func(request, *args, **kwargs)
  File "C:\Users\shaba\PycharmProjects\alocacao\venv\lib\site-packages\django\contrib\admin\options.py", line 1522, in changeform_view
    return self._changeform_view(request, object_id, form_url, extra_context)
  File "C:\Users\shaba\PycharmProjects\alocacao\venv\lib\site-packages\django\contrib\admin\options.py", line 1561, in _changeform_view
    self.save_model(request, new_object, form, not add)
  File "C:\Users\shaba\PycharmProjects\alocacao\alocar\admin.py", line 44, in save_model
    values = Sala.objects.select_related('bloco').filter(bloco=request)
  File "C:\Users\shaba\PycharmProjects\alocacao\venv\lib\site-packages\django\db\models\query.py", line 892, in filter
    return self._filter_or_exclude(False, *args, **kwargs)
  File "C:\Users\shaba\PycharmProjects\alocacao\venv\lib\site-packages\django\db\models\query.py", line 910, in _filter_or_exclude
    clone.query.add_q(Q(*args, **kwargs))
  File "C:\Users\shaba\PycharmProjects\alocacao\venv\lib\site-packages\django\db\models\sql\query.py", line 1290, in add_q
    clause, _ = self._add_q(q_object, self.used_aliases)
  File "C:\Users\shaba\PycharmProjects\alocacao\venv\lib\site-packages\django\db\models\sql\query.py", line 1318, in _add_q
    split_subq=split_subq, simple_col=simple_col,
  File "C:\Users\shaba\PycharmProjects\alocacao\venv\lib\site-packages\django\db\models\sql\query.py", line 1251, in build_filter
    condition = self.build_lookup(lookups, col, value)
  File "C:\Users\shaba\PycharmProjects\alocacao\venv\lib\site-packages\django\db\models\sql\query.py", line 1116, in build_lookup
    lookup = lookup_class(lhs, rhs)
  File "C:\Users\shaba\PycharmProjects\alocacao\venv\lib\site-packages\django\db\models\lookups.py", line 20, in __init__
    self.rhs = self.get_prep_lookup()
  File "C:\Users\shaba\PycharmProjects\alocacao\venv\lib\site-packages\django\db\models\fields\related_lookups.py", line 115, in get_prep_lookup
    self.rhs = target_field.get_prep_value(self.rhs)
  File "C:\Users\shaba\PycharmProjects\alocacao\venv\lib\site-packages\django\db\models\fields\__init__.py", line 968, in get_prep_value
    return int(value)
TypeError: int() argument must be a string, a bytes-like object or a number, not 'WSGIRequest'
"POST /admin/alocar/bloco/add/ HTTP/1.1" 500 161270
C:\Users\shaba\PycharmProjects\alocacao\alocar\admin.py changed, reloading.
Watching for file changes with StatReloader
Internal Server Error: /admin/alocar/bloco/add/
Traceback (most recent call last):
  File "C:\Users\shaba\PycharmProjects\alocacao\venv\lib\site-packages\django\core\handlers\exception.py", line 34, in inner
    response = get_response(request)
  File "C:\Users\shaba\PycharmProjects\alocacao\venv\lib\site-packages\django\core\handlers\base.py", line 115, in _get_response
    response = self.process_exception_by_middleware(e, request)
  File "C:\Users\shaba\PycharmProjects\alocacao\venv\lib\site-packages\django\core\handlers\base.py", line 113, in _get_response
    response = wrapped_callback(request, *callback_args, **callback_kwargs)
  File "C:\Users\shaba\PycharmProjects\alocacao\venv\lib\site-packages\django\contrib\admin\options.py", line 606, in wrapper
    return self.admin_site.admin_view(view)(*args, **kwargs)
  File "C:\Users\shaba\PycharmProjects\alocacao\venv\lib\site-packages\django\utils\decorators.py", line 142, in _wrapped_view
    response = view_func(request, *args, **kwargs)
  File "C:\Users\shaba\PycharmProjects\alocacao\venv\lib\site-packages\django\views\decorators\cache.py", line 44, in _wrapped_view_func
    response = view_func(request, *args, **kwargs)
  File "C:\Users\shaba\PycharmProjects\alocacao\venv\lib\site-packages\django\contrib\admin\sites.py", line 223, in inner
    return view(request, *args, **kwargs)
  File "C:\Users\shaba\PycharmProjects\alocacao\venv\lib\site-packages\django\contrib\admin\options.py", line 1634, in add_view
    return self.changeform_view(request, None, form_url, extra_context)
  File "C:\Users\shaba\PycharmProjects\alocacao\venv\lib\site-packages\django\utils\decorators.py", line 45, in _wrapper
    return bound_method(*args, **kwargs)
  File "C:\Users\shaba\PycharmProjects\alocacao\venv\lib\site-packages\django\utils\decorators.py", line 142, in _wrapped_view
    response = view_func(request, *args, **kwargs)
  File "C:\Users\shaba\PycharmProjects\alocacao\venv\lib\site-packages\django\contrib\admin\options.py", line 1522, in changeform_view
    return self._changeform_view(request, object_id, form_url, extra_context)
  File "C:\Users\shaba\PycharmProjects\alocacao\venv\lib\site-packages\django\contrib\admin\options.py", line 1561, in _changeform_view
    self.save_model(request, new_object, form, not add)
  File "C:\Users\shaba\PycharmProjects\alocacao\alocar\admin.py", line 44, in save_model
    values = Sala.objects.select_related('bloco').filter(bloco__id=request.id)
AttributeError: 'WSGIRequest' object has no attribute 'id'
"POST /admin/alocar/bloco/add/ HTTP/1.1" 500 115606
C:\Users\shaba\PycharmProjects\alocacao\alocar\admin.py changed, reloading.
Watching for file changes with StatReloader
Internal Server Error: /admin/alocar/bloco/add/
Traceback (most recent call last):
  File "C:\Users\shaba\PycharmProjects\alocacao\venv\lib\site-packages\django\core\handlers\exception.py", line 34, in inner
    response = get_response(request)
  File "C:\Users\shaba\PycharmProjects\alocacao\venv\lib\site-packages\django\core\handlers\base.py", line 115, in _get_response
    response = self.process_exception_by_middleware(e, request)
  File "C:\Users\shaba\PycharmProjects\alocacao\venv\lib\site-packages\django\core\handlers\base.py", line 113, in _get_response
    response = wrapped_callback(request, *callback_args, **callback_kwargs)
  File "C:\Users\shaba\PycharmProjects\alocacao\venv\lib\site-packages\django\contrib\admin\options.py", line 606, in wrapper
    return self.admin_site.admin_view(view)(*args, **kwargs)
  File "C:\Users\shaba\PycharmProjects\alocacao\venv\lib\site-packages\django\utils\decorators.py", line 142, in _wrapped_view
    response = view_func(request, *args, **kwargs)
  File "C:\Users\shaba\PycharmProjects\alocacao\venv\lib\site-packages\django\views\decorators\cache.py", line 44, in _wrapped_view_func
    response = view_func(request, *args, **kwargs)
  File "C:\Users\shaba\PycharmProjects\alocacao\venv\lib\site-packages\django\contrib\admin\sites.py", line 223, in inner
    return view(request, *args, **kwargs)
  File "C:\Users\shaba\PycharmProjects\alocacao\venv\lib\site-packages\django\contrib\admin\options.py", line 1634, in add_view
    return self.changeform_view(request, None, form_url, extra_context)
  File "C:\Users\shaba\PycharmProjects\alocacao\venv\lib\site-packages\django\utils\decorators.py", line 45, in _wrapper
    return bound_method(*args, **kwargs)
  File "C:\Users\shaba\PycharmProjects\alocacao\venv\lib\site-packages\django\utils\decorators.py", line 142, in _wrapped_view
    response = view_func(request, *args, **kwargs)
  File "C:\Users\shaba\PycharmProjects\alocacao\venv\lib\site-packages\django\contrib\admin\options.py", line 1522, in changeform_view
    return self._changeform_view(request, object_id, form_url, extra_context)
  File "C:\Users\shaba\PycharmProjects\alocacao\venv\lib\site-packages\django\contrib\admin\options.py", line 1561, in _changeform_view
    self.save_model(request, new_object, form, not add)
  File "C:\Users\shaba\PycharmProjects\alocacao\alocar\admin.py", line 44, in save_model
    values = Sala.objects.select_related('bloco').filter(bloco__id=request.bloco)
AttributeError: 'WSGIRequest' object has no attribute 'bloco'
"POST /admin/alocar/bloco/add/ HTTP/1.1" 500 115624
C:\Users\shaba\PycharmProjects\alocacao\alocar\admin.py changed, reloading.
Watching for file changes with StatReloader
Internal Server Error: /admin/alocar/bloco/add/
Traceback (most recent call last):
  File "C:\Users\shaba\PycharmProjects\alocacao\venv\lib\site-packages\django\core\handlers\exception.py", line 34, in inner
    response = get_response(request)
  File "C:\Users\shaba\PycharmProjects\alocacao\venv\lib\site-packages\django\core\handlers\base.py", line 115, in _get_response
    response = self.process_exception_by_middleware(e, request)
  File "C:\Users\shaba\PycharmProjects\alocacao\venv\lib\site-packages\django\core\handlers\base.py", line 113, in _get_response
    response = wrapped_callback(request, *callback_args, **callback_kwargs)
  File "C:\Users\shaba\PycharmProjects\alocacao\venv\lib\site-packages\django\contrib\admin\options.py", line 606, in wrapper
    return self.admin_site.admin_view(view)(*args, **kwargs)
  File "C:\Users\shaba\PycharmProjects\alocacao\venv\lib\site-packages\django\utils\decorators.py", line 142, in _wrapped_view
    response = view_func(request, *args, **kwargs)
  File "C:\Users\shaba\PycharmProjects\alocacao\venv\lib\site-packages\django\views\decorators\cache.py", line 44, in _wrapped_view_func
    response = view_func(request, *args, **kwargs)
  File "C:\Users\shaba\PycharmProjects\alocacao\venv\lib\site-packages\django\contrib\admin\sites.py", line 223, in inner
    return view(request, *args, **kwargs)
  File "C:\Users\shaba\PycharmProjects\alocacao\venv\lib\site-packages\django\contrib\admin\options.py", line 1634, in add_view
    return self.changeform_view(request, None, form_url, extra_context)
  File "C:\Users\shaba\PycharmProjects\alocacao\venv\lib\site-packages\django\utils\decorators.py", line 45, in _wrapper
    return bound_method(*args, **kwargs)
  File "C:\Users\shaba\PycharmProjects\alocacao\venv\lib\site-packages\django\utils\decorators.py", line 142, in _wrapped_view
    response = view_func(request, *args, **kwargs)
  File "C:\Users\shaba\PycharmProjects\alocacao\venv\lib\site-packages\django\contrib\admin\options.py", line 1522, in changeform_view
    return self._changeform_view(request, object_id, form_url, extra_context)
  File "C:\Users\shaba\PycharmProjects\alocacao\venv\lib\site-packages\django\contrib\admin\options.py", line 1561, in _changeform_view
    self.save_model(request, new_object, form, not add)
  File "C:\Users\shaba\PycharmProjects\alocacao\alocar\admin.py", line 44, in save_model
    values = Sala.objects.select_related('bloco').filter(bloco__id=form.bloco)
AttributeError: 'BlocoForm' object has no attribute 'bloco'
"POST /admin/alocar/bloco/add/ HTTP/1.1" 500 115610
C:\Users\shaba\PycharmProjects\alocacao\alocar\admin.py changed, reloading.
Watching for file changes with StatReloader
Internal Server Error: /admin/alocar/bloco/add/
Traceback (most recent call last):
  File "C:\Users\shaba\PycharmProjects\alocacao\venv\lib\site-packages\django\core\handlers\exception.py", line 34, in inner
    response = get_response(request)
  File "C:\Users\shaba\PycharmProjects\alocacao\venv\lib\site-packages\django\core\handlers\base.py", line 115, in _get_response
    response = self.process_exception_by_middleware(e, request)
  File "C:\Users\shaba\PycharmProjects\alocacao\venv\lib\site-packages\django\core\handlers\base.py", line 113, in _get_response
    response = wrapped_callback(request, *callback_args, **callback_kwargs)
  File "C:\Users\shaba\PycharmProjects\alocacao\venv\lib\site-packages\django\contrib\admin\options.py", line 606, in wrapper
    return self.admin_site.admin_view(view)(*args, **kwargs)
  File "C:\Users\shaba\PycharmProjects\alocacao\venv\lib\site-packages\django\utils\decorators.py", line 142, in _wrapped_view
    response = view_func(request, *args, **kwargs)
  File "C:\Users\shaba\PycharmProjects\alocacao\venv\lib\site-packages\django\views\decorators\cache.py", line 44, in _wrapped_view_func
    response = view_func(request, *args, **kwargs)
  File "C:\Users\shaba\PycharmProjects\alocacao\venv\lib\site-packages\django\contrib\admin\sites.py", line 223, in inner
    return view(request, *args, **kwargs)
  File "C:\Users\shaba\PycharmProjects\alocacao\venv\lib\site-packages\django\contrib\admin\options.py", line 1634, in add_view
    return self.changeform_view(request, None, form_url, extra_context)
  File "C:\Users\shaba\PycharmProjects\alocacao\venv\lib\site-packages\django\utils\decorators.py", line 45, in _wrapper
    return bound_method(*args, **kwargs)
  File "C:\Users\shaba\PycharmProjects\alocacao\venv\lib\site-packages\django\utils\decorators.py", line 142, in _wrapped_view
    response = view_func(request, *args, **kwargs)
  File "C:\Users\shaba\PycharmProjects\alocacao\venv\lib\site-packages\django\contrib\admin\options.py", line 1522, in changeform_view
    return self._changeform_view(request, object_id, form_url, extra_context)
  File "C:\Users\shaba\PycharmProjects\alocacao\venv\lib\site-packages\django\contrib\admin\options.py", line 1561, in _changeform_view
    self.save_model(request, new_object, form, not add)
  File "C:\Users\shaba\PycharmProjects\alocacao\alocar\admin.py", line 44, in save_model
    values = Sala.objects.select_related('bloco').filter(bloco__id=form.bloco.bloco)
AttributeError: 'BlocoForm' object has no attribute 'bloco'
"POST /admin/alocar/bloco/add/ HTTP/1.1" 500 115622
C:\Users\shaba\PycharmProjects\alocacao\alocar\admin.py changed, reloading.
Watching for file changes with StatReloader
Internal Server Error: /admin/alocar/bloco/add/
Traceback (most recent call last):
  File "C:\Users\shaba\PycharmProjects\alocacao\venv\lib\site-packages\django\core\handlers\exception.py", line 34, in inner
    response = get_response(request)
  File "C:\Users\shaba\PycharmProjects\alocacao\venv\lib\site-packages\django\core\handlers\base.py", line 115, in _get_response
    response = self.process_exception_by_middleware(e, request)
  File "C:\Users\shaba\PycharmProjects\alocacao\venv\lib\site-packages\django\core\handlers\base.py", line 113, in _get_response
    response = wrapped_callback(request, *callback_args, **callback_kwargs)
  File "C:\Users\shaba\PycharmProjects\alocacao\venv\lib\site-packages\django\contrib\admin\options.py", line 606, in wrapper
    return self.admin_site.admin_view(view)(*args, **kwargs)
  File "C:\Users\shaba\PycharmProjects\alocacao\venv\lib\site-packages\django\utils\decorators.py", line 142, in _wrapped_view
    response = view_func(request, *args, **kwargs)
  File "C:\Users\shaba\PycharmProjects\alocacao\venv\lib\site-packages\django\views\decorators\cache.py", line 44, in _wrapped_view_func
    response = view_func(request, *args, **kwargs)
  File "C:\Users\shaba\PycharmProjects\alocacao\venv\lib\site-packages\django\contrib\admin\sites.py", line 223, in inner
    return view(request, *args, **kwargs)
  File "C:\Users\shaba\PycharmProjects\alocacao\venv\lib\site-packages\django\contrib\admin\options.py", line 1634, in add_view
    return self.changeform_view(request, None, form_url, extra_context)
  File "C:\Users\shaba\PycharmProjects\alocacao\venv\lib\site-packages\django\utils\decorators.py", line 45, in _wrapper
    return bound_method(*args, **kwargs)
  File "C:\Users\shaba\PycharmProjects\alocacao\venv\lib\site-packages\django\utils\decorators.py", line 142, in _wrapped_view
    response = view_func(request, *args, **kwargs)
  File "C:\Users\shaba\PycharmProjects\alocacao\venv\lib\site-packages\django\contrib\admin\options.py", line 1522, in changeform_view
    return self._changeform_view(request, object_id, form_url, extra_context)
  File "C:\Users\shaba\PycharmProjects\alocacao\venv\lib\site-packages\django\contrib\admin\options.py", line 1561, in _changeform_view
    self.save_model(request, new_object, form, not add)
  File "C:\Users\shaba\PycharmProjects\alocacao\alocar\admin.py", line 44, in save_model
    values = Sala.objects.select_related('bloco').filter(bloco__id=form)
  File "C:\Users\shaba\PycharmProjects\alocacao\venv\lib\site-packages\django\db\models\query.py", line 892, in filter
    return self._filter_or_exclude(False, *args, **kwargs)
  File "C:\Users\shaba\PycharmProjects\alocacao\venv\lib\site-packages\django\db\models\query.py", line 910, in _filter_or_exclude
    clone.query.add_q(Q(*args, **kwargs))
  File "C:\Users\shaba\PycharmProjects\alocacao\venv\lib\site-packages\django\db\models\sql\query.py", line 1290, in add_q
    clause, _ = self._add_q(q_object, self.used_aliases)
  File "C:\Users\shaba\PycharmProjects\alocacao\venv\lib\site-packages\django\db\models\sql\query.py", line 1318, in _add_q
    split_subq=split_subq, simple_col=simple_col,
  File "C:\Users\shaba\PycharmProjects\alocacao\venv\lib\site-packages\django\db\models\sql\query.py", line 1251, in build_filter
    condition = self.build_lookup(lookups, col, value)
  File "C:\Users\shaba\PycharmProjects\alocacao\venv\lib\site-packages\django\db\models\sql\query.py", line 1116, in build_lookup
    lookup = lookup_class(lhs, rhs)
  File "C:\Users\shaba\PycharmProjects\alocacao\venv\lib\site-packages\django\db\models\lookups.py", line 20, in __init__
    self.rhs = self.get_prep_lookup()
  File "C:\Users\shaba\PycharmProjects\alocacao\venv\lib\site-packages\django\db\models\lookups.py", line 70, in get_prep_lookup
    return self.lhs.output_field.get_prep_value(self.rhs)
  File "C:\Users\shaba\PycharmProjects\alocacao\venv\lib\site-packages\django\db\models\fields\__init__.py", line 968, in get_prep_value
    return int(value)
TypeError: int() argument must be a string, a bytes-like object or a number, not 'BlocoForm'
"POST /admin/alocar/bloco/add/ HTTP/1.1" 500 160283
C:\Users\shaba\PycharmProjects\alocacao\alocar\admin.py changed, reloading.
Watching for file changes with StatReloader
Internal Server Error: /admin/alocar/bloco/add/
Traceback (most recent call last):
  File "C:\Users\shaba\PycharmProjects\alocacao\venv\lib\site-packages\django\core\handlers\exception.py", line 34, in inner
    response = get_response(request)
  File "C:\Users\shaba\PycharmProjects\alocacao\venv\lib\site-packages\django\core\handlers\base.py", line 115, in _get_response
    response = self.process_exception_by_middleware(e, request)
  File "C:\Users\shaba\PycharmProjects\alocacao\venv\lib\site-packages\django\core\handlers\base.py", line 113, in _get_response
    response = wrapped_callback(request, *callback_args, **callback_kwargs)
  File "C:\Users\shaba\PycharmProjects\alocacao\venv\lib\site-packages\django\contrib\admin\options.py", line 606, in wrapper
    return self.admin_site.admin_view(view)(*args, **kwargs)
  File "C:\Users\shaba\PycharmProjects\alocacao\venv\lib\site-packages\django\utils\decorators.py", line 142, in _wrapped_view
    response = view_func(request, *args, **kwargs)
  File "C:\Users\shaba\PycharmProjects\alocacao\venv\lib\site-packages\django\views\decorators\cache.py", line 44, in _wrapped_view_func
    response = view_func(request, *args, **kwargs)
  File "C:\Users\shaba\PycharmProjects\alocacao\venv\lib\site-packages\django\contrib\admin\sites.py", line 223, in inner
    return view(request, *args, **kwargs)
  File "C:\Users\shaba\PycharmProjects\alocacao\venv\lib\site-packages\django\contrib\admin\options.py", line 1634, in add_view
    return self.changeform_view(request, None, form_url, extra_context)
  File "C:\Users\shaba\PycharmProjects\alocacao\venv\lib\site-packages\django\utils\decorators.py", line 45, in _wrapper
    return bound_method(*args, **kwargs)
  File "C:\Users\shaba\PycharmProjects\alocacao\venv\lib\site-packages\django\utils\decorators.py", line 142, in _wrapped_view
    response = view_func(request, *args, **kwargs)
  File "C:\Users\shaba\PycharmProjects\alocacao\venv\lib\site-packages\django\contrib\admin\options.py", line 1522, in changeform_view
    return self._changeform_view(request, object_id, form_url, extra_context)
  File "C:\Users\shaba\PycharmProjects\alocacao\venv\lib\site-packages\django\contrib\admin\options.py", line 1561, in _changeform_view
    self.save_model(request, new_object, form, not add)
  File "C:\Users\shaba\PycharmProjects\alocacao\alocar\admin.py", line 44, in save_model
    values = Sala.objects.select_related('bloco').filter(bloco__id=form.id)
AttributeError: 'BlocoForm' object has no attribute 'id'
"POST /admin/alocar/bloco/add/ HTTP/1.1" 500 115592
C:\Users\shaba\PycharmProjects\alocacao\alocar\forms\blocoForm.py changed, reloading.
Watching for file changes with StatReloader
Watching for file changes with StatReloader
Internal Server Error: /admin/alocar/bloco/add/
Traceback (most recent call last):
  File "C:\Users\shaba\PycharmProjects\alocacao\venv\lib\site-packages\django\core\handlers\exception.py", line 34, in inner
    response = get_response(request)
  File "C:\Users\shaba\PycharmProjects\alocacao\venv\lib\site-packages\django\core\handlers\base.py", line 115, in _get_response
    response = self.process_exception_by_middleware(e, request)
  File "C:\Users\shaba\PycharmProjects\alocacao\venv\lib\site-packages\django\core\handlers\base.py", line 113, in _get_response
    response = wrapped_callback(request, *callback_args, **callback_kwargs)
  File "C:\Users\shaba\PycharmProjects\alocacao\venv\lib\site-packages\django\contrib\admin\options.py", line 606, in wrapper
    return self.admin_site.admin_view(view)(*args, **kwargs)
  File "C:\Users\shaba\PycharmProjects\alocacao\venv\lib\site-packages\django\utils\decorators.py", line 142, in _wrapped_view
    response = view_func(request, *args, **kwargs)
  File "C:\Users\shaba\PycharmProjects\alocacao\venv\lib\site-packages\django\views\decorators\cache.py", line 44, in _wrapped_view_func
    response = view_func(request, *args, **kwargs)
  File "C:\Users\shaba\PycharmProjects\alocacao\venv\lib\site-packages\django\contrib\admin\sites.py", line 223, in inner
    return view(request, *args, **kwargs)
  File "C:\Users\shaba\PycharmProjects\alocacao\venv\lib\site-packages\django\contrib\admin\options.py", line 1634, in add_view
    return self.changeform_view(request, None, form_url, extra_context)
  File "C:\Users\shaba\PycharmProjects\alocacao\venv\lib\site-packages\django\utils\decorators.py", line 45, in _wrapper
    return bound_method(*args, **kwargs)
  File "C:\Users\shaba\PycharmProjects\alocacao\venv\lib\site-packages\django\utils\decorators.py", line 142, in _wrapped_view
    response = view_func(request, *args, **kwargs)
  File "C:\Users\shaba\PycharmProjects\alocacao\venv\lib\site-packages\django\contrib\admin\options.py", line 1522, in changeform_view
    return self._changeform_view(request, object_id, form_url, extra_context)
  File "C:\Users\shaba\PycharmProjects\alocacao\venv\lib\site-packages\django\contrib\admin\options.py", line 1561, in _changeform_view
    self.save_model(request, new_object, form, not add)
  File "C:\Users\shaba\PycharmProjects\alocacao\alocar\admin.py", line 44, in save_model
    values = Sala.objects.select_related('bloco').filter(bloco__id=form.id)
AttributeError: 'BlocoForm' object has no attribute 'id'
"POST /admin/alocar/bloco/add/ HTTP/1.1" 500 115592
C:\Users\shaba\PycharmProjects\alocacao\alocar\forms\blocoForm.py changed, reloading.
Watching for file changes with StatReloader
C:\Users\shaba\PycharmProjects\alocacao\alocar\admin.py changed, reloading.
Watching for file changes with StatReloader
Internal Server Error: /admin/alocar/bloco/add/
Traceback (most recent call last):
  File "C:\Users\shaba\PycharmProjects\alocacao\venv\lib\site-packages\django\core\handlers\exception.py", line 34, in inner
    response = get_response(request)
  File "C:\Users\shaba\PycharmProjects\alocacao\venv\lib\site-packages\django\core\handlers\base.py", line 115, in _get_response
    response = self.process_exception_by_middleware(e, request)
  File "C:\Users\shaba\PycharmProjects\alocacao\venv\lib\site-packages\django\core\handlers\base.py", line 113, in _get_response
    response = wrapped_callback(request, *callback_args, **callback_kwargs)
  File "C:\Users\shaba\PycharmProjects\alocacao\venv\lib\site-packages\django\contrib\admin\options.py", line 606, in wrapper
    return self.admin_site.admin_view(view)(*args, **kwargs)
  File "C:\Users\shaba\PycharmProjects\alocacao\venv\lib\site-packages\django\utils\decorators.py", line 142, in _wrapped_view
    response = view_func(request, *args, **kwargs)
  File "C:\Users\shaba\PycharmProjects\alocacao\venv\lib\site-packages\django\views\decorators\cache.py", line 44, in _wrapped_view_func
    response = view_func(request, *args, **kwargs)
  File "C:\Users\shaba\PycharmProjects\alocacao\venv\lib\site-packages\django\contrib\admin\sites.py", line 223, in inner
    return view(request, *args, **kwargs)
  File "C:\Users\shaba\PycharmProjects\alocacao\venv\lib\site-packages\django\contrib\admin\options.py", line 1634, in add_view
    return self.changeform_view(request, None, form_url, extra_context)
  File "C:\Users\shaba\PycharmProjects\alocacao\venv\lib\site-packages\django\utils\decorators.py", line 45, in _wrapper
    return bound_method(*args, **kwargs)
  File "C:\Users\shaba\PycharmProjects\alocacao\venv\lib\site-packages\django\utils\decorators.py", line 142, in _wrapped_view
    response = view_func(request, *args, **kwargs)
  File "C:\Users\shaba\PycharmProjects\alocacao\venv\lib\site-packages\django\contrib\admin\options.py", line 1522, in changeform_view
    return self._changeform_view(request, object_id, form_url, extra_context)
  File "C:\Users\shaba\PycharmProjects\alocacao\venv\lib\site-packages\django\contrib\admin\options.py", line 1561, in _changeform_view
    self.save_model(request, new_object, form, not add)
  File "C:\Users\shaba\PycharmProjects\alocacao\alocar\admin.py", line 44, in save_model
    values = Sala.objects.select_related('bloco').filter(bloco__id=form.bloco)
AttributeError: 'BlocoForm' object has no attribute 'bloco'
"POST /admin/alocar/bloco/add/ HTTP/1.1" 500 115610
"GET /admin/alocar/bloco/add/ HTTP/1.1" 200 4037
Internal Server Error: /admin/alocar/bloco/add/
Traceback (most recent call last):
  File "C:\Users\shaba\PycharmProjects\alocacao\venv\lib\site-packages\django\core\handlers\exception.py", line 34, in inner
    response = get_response(request)
  File "C:\Users\shaba\PycharmProjects\alocacao\venv\lib\site-packages\django\core\handlers\base.py", line 115, in _get_response
    response = self.process_exception_by_middleware(e, request)
  File "C:\Users\shaba\PycharmProjects\alocacao\venv\lib\site-packages\django\core\handlers\base.py", line 113, in _get_response
    response = wrapped_callback(request, *callback_args, **callback_kwargs)
  File "C:\Users\shaba\PycharmProjects\alocacao\venv\lib\site-packages\django\contrib\admin\options.py", line 606, in wrapper
    return self.admin_site.admin_view(view)(*args, **kwargs)
  File "C:\Users\shaba\PycharmProjects\alocacao\venv\lib\site-packages\django\utils\decorators.py", line 142, in _wrapped_view
    response = view_func(request, *args, **kwargs)
  File "C:\Users\shaba\PycharmProjects\alocacao\venv\lib\site-packages\django\views\decorators\cache.py", line 44, in _wrapped_view_func
    response = view_func(request, *args, **kwargs)
  File "C:\Users\shaba\PycharmProjects\alocacao\venv\lib\site-packages\django\contrib\admin\sites.py", line 223, in inner
    return view(request, *args, **kwargs)
  File "C:\Users\shaba\PycharmProjects\alocacao\venv\lib\site-packages\django\contrib\admin\options.py", line 1634, in add_view
    return self.changeform_view(request, None, form_url, extra_context)
  File "C:\Users\shaba\PycharmProjects\alocacao\venv\lib\site-packages\django\utils\decorators.py", line 45, in _wrapper
    return bound_method(*args, **kwargs)
  File "C:\Users\shaba\PycharmProjects\alocacao\venv\lib\site-packages\django\utils\decorators.py", line 142, in _wrapped_view
    response = view_func(request, *args, **kwargs)
  File "C:\Users\shaba\PycharmProjects\alocacao\venv\lib\site-packages\django\contrib\admin\options.py", line 1522, in changeform_view
    return self._changeform_view(request, object_id, form_url, extra_context)
  File "C:\Users\shaba\PycharmProjects\alocacao\venv\lib\site-packages\django\contrib\admin\options.py", line 1561, in _changeform_view
    self.save_model(request, new_object, form, not add)
  File "C:\Users\shaba\PycharmProjects\alocacao\alocar\admin.py", line 44, in save_model
    values = Sala.objects.select_related('bloco').filter(bloco__id=form.bloco)
AttributeError: 'BlocoForm' object has no attribute 'bloco'
"POST /admin/alocar/bloco/add/ HTTP/1.1" 500 115610
"GET /admin/alocar/bloco/add/ HTTP/1.1" 200 4037
"GET /admin/ HTTP/1.1" 200 8257
"GET /admin/alocar/turma/ HTTP/1.1" 200 13955
"GET /admin/jsi18n/ HTTP/1.1" 200 7144
"GET /static/admin/img/icon-no.svg HTTP/1.1" 304 0
"GET /admin/ HTTP/1.1" 200 8257
"GET /admin/alocar/sala/ HTTP/1.1" 200 7569
"GET /admin/jsi18n/ HTTP/1.1" 200 7144
"GET /admin/alocar/sala/1/change/ HTTP/1.1" 200 8496
"GET /admin/jsi18n/ HTTP/1.1" 200 7144
"GET /static/admin/js/autocomplete.js HTTP/1.1" 200 1124
"GET /static/admin/css/vendor/select2/select2.css HTTP/1.1" 200 17604
"GET /static/admin/css/autocomplete.css HTTP/1.1" 200 8440
"GET /static/admin/js/vendor/select2/i18n/pt-BR.js HTTP/1.1" 200 853
"GET /static/admin/js/vendor/select2/select2.full.js HTTP/1.1" 200 161832
"GET /admin/alocar/sala/1/delete/ HTTP/1.1" 200 3218
"GET /static/admin/js/cancel.js HTTP/1.1" 200 409
"GET /admin/ HTTP/1.1" 200 8257
"GET / HTTP/1.1" 200 2005
"GET /static/assets/extra.css HTTP/1.1" 404 1672
"GET /static/assets/pessoal.css HTTP/1.1" 404 1678
"GET /listalocacao/ HTTP/1.1" 200 6502
"GET /detalhealocacao/6/ HTTP/1.1" 200 3786
"GET /listalocacao/ HTTP/1.1" 200 6502
"GET /usuarios/ HTTP/1.1" 200 2806
"GET /listalog/ HTTP/1.1" 200 13751
"GET /delog/2/ HTTP/1.1" 200 2623
"POST /delog/2/ HTTP/1.1" 302 0
"GET /listalog/ HTTP/1.1" 200 13148
"GET /admin/ HTTP/1.1" 200 8257
"GET /admin/ HTTP/1.1" 200 8257
"GET /admin/alocar/bloco/ HTTP/1.1" 200 5634
"GET /admin/jsi18n/ HTTP/1.1" 200 7144
"GET /admin/alocar/bloco/2/change/ HTTP/1.1" 200 4256
"GET /admin/jsi18n/ HTTP/1.1" 200 7144
Internal Server Error: /admin/alocar/bloco/2/change/
Traceback (most recent call last):
  File "C:\Users\shaba\PycharmProjects\alocacao\venv\lib\site-packages\django\core\handlers\exception.py", line 34, in inner
    response = get_response(request)
  File "C:\Users\shaba\PycharmProjects\alocacao\venv\lib\site-packages\django\core\handlers\base.py", line 115, in _get_response
    response = self.process_exception_by_middleware(e, request)
  File "C:\Users\shaba\PycharmProjects\alocacao\venv\lib\site-packages\django\core\handlers\base.py", line 113, in _get_response
    response = wrapped_callback(request, *callback_args, **callback_kwargs)
  File "C:\Users\shaba\PycharmProjects\alocacao\venv\lib\site-packages\django\contrib\admin\options.py", line 606, in wrapper
    return self.admin_site.admin_view(view)(*args, **kwargs)
  File "C:\Users\shaba\PycharmProjects\alocacao\venv\lib\site-packages\django\utils\decorators.py", line 142, in _wrapped_view
    response = view_func(request, *args, **kwargs)
  File "C:\Users\shaba\PycharmProjects\alocacao\venv\lib\site-packages\django\views\decorators\cache.py", line 44, in _wrapped_view_func
    response = view_func(request, *args, **kwargs)
  File "C:\Users\shaba\PycharmProjects\alocacao\venv\lib\site-packages\django\contrib\admin\sites.py", line 223, in inner
    return view(request, *args, **kwargs)
  File "C:\Users\shaba\PycharmProjects\alocacao\venv\lib\site-packages\django\contrib\admin\options.py", line 1637, in change_view
    return self.changeform_view(request, object_id, form_url, extra_context)
  File "C:\Users\shaba\PycharmProjects\alocacao\venv\lib\site-packages\django\utils\decorators.py", line 45, in _wrapper
    return bound_method(*args, **kwargs)
  File "C:\Users\shaba\PycharmProjects\alocacao\venv\lib\site-packages\django\utils\decorators.py", line 142, in _wrapped_view
    response = view_func(request, *args, **kwargs)
  File "C:\Users\shaba\PycharmProjects\alocacao\venv\lib\site-packages\django\contrib\admin\options.py", line 1522, in changeform_view
    return self._changeform_view(request, object_id, form_url, extra_context)
  File "C:\Users\shaba\PycharmProjects\alocacao\venv\lib\site-packages\django\contrib\admin\options.py", line 1561, in _changeform_view
    self.save_model(request, new_object, form, not add)
  File "C:\Users\shaba\PycharmProjects\alocacao\alocar\admin.py", line 44, in save_model
    values = Sala.objects.select_related('bloco').filter(bloco__id=form.bloco)
AttributeError: 'BlocoForm' object has no attribute 'bloco'
"POST /admin/alocar/bloco/2/change/ HTTP/1.1" 500 116353
C:\Users\shaba\PycharmProjects\alocacao\alocar\admin.py changed, reloading.
Watching for file changes with StatReloader
Internal Server Error: /admin/alocar/bloco/2/change/
Traceback (most recent call last):
  File "C:\Users\shaba\PycharmProjects\alocacao\venv\lib\site-packages\django\core\handlers\exception.py", line 34, in inner
    response = get_response(request)
  File "C:\Users\shaba\PycharmProjects\alocacao\venv\lib\site-packages\django\core\handlers\base.py", line 115, in _get_response
    response = self.process_exception_by_middleware(e, request)
  File "C:\Users\shaba\PycharmProjects\alocacao\venv\lib\site-packages\django\core\handlers\base.py", line 113, in _get_response
    response = wrapped_callback(request, *callback_args, **callback_kwargs)
  File "C:\Users\shaba\PycharmProjects\alocacao\venv\lib\site-packages\django\contrib\admin\options.py", line 606, in wrapper
    return self.admin_site.admin_view(view)(*args, **kwargs)
  File "C:\Users\shaba\PycharmProjects\alocacao\venv\lib\site-packages\django\utils\decorators.py", line 142, in _wrapped_view
    response = view_func(request, *args, **kwargs)
  File "C:\Users\shaba\PycharmProjects\alocacao\venv\lib\site-packages\django\views\decorators\cache.py", line 44, in _wrapped_view_func
    response = view_func(request, *args, **kwargs)
  File "C:\Users\shaba\PycharmProjects\alocacao\venv\lib\site-packages\django\contrib\admin\sites.py", line 223, in inner
    return view(request, *args, **kwargs)
  File "C:\Users\shaba\PycharmProjects\alocacao\venv\lib\site-packages\django\contrib\admin\options.py", line 1637, in change_view
    return self.changeform_view(request, object_id, form_url, extra_context)
  File "C:\Users\shaba\PycharmProjects\alocacao\venv\lib\site-packages\django\utils\decorators.py", line 45, in _wrapper
    return bound_method(*args, **kwargs)
  File "C:\Users\shaba\PycharmProjects\alocacao\venv\lib\site-packages\django\utils\decorators.py", line 142, in _wrapped_view
    response = view_func(request, *args, **kwargs)
  File "C:\Users\shaba\PycharmProjects\alocacao\venv\lib\site-packages\django\contrib\admin\options.py", line 1522, in changeform_view
    return self._changeform_view(request, object_id, form_url, extra_context)
  File "C:\Users\shaba\PycharmProjects\alocacao\venv\lib\site-packages\django\contrib\admin\options.py", line 1561, in _changeform_view
    self.save_model(request, new_object, form, not add)
  File "C:\Users\shaba\PycharmProjects\alocacao\alocar\admin.py", line 44, in save_model
    values = Sala.objects.select_related('bloco').filter(bloco__id=form.bloco_bloco)
AttributeError: 'BlocoForm' object has no attribute 'bloco_bloco'
"POST /admin/alocar/bloco/2/change/ HTTP/1.1" 500 116389
C:\Users\shaba\PycharmProjects\alocacao\alocar\admin.py changed, reloading.
Watching for file changes with StatReloader
Internal Server Error: /admin/alocar/bloco/2/change/
Traceback (most recent call last):
  File "C:\Users\shaba\PycharmProjects\alocacao\venv\lib\site-packages\django\core\handlers\exception.py", line 34, in inner
    response = get_response(request)
  File "C:\Users\shaba\PycharmProjects\alocacao\venv\lib\site-packages\django\core\handlers\base.py", line 115, in _get_response
    response = self.process_exception_by_middleware(e, request)
  File "C:\Users\shaba\PycharmProjects\alocacao\venv\lib\site-packages\django\core\handlers\base.py", line 113, in _get_response
    response = wrapped_callback(request, *callback_args, **callback_kwargs)
  File "C:\Users\shaba\PycharmProjects\alocacao\venv\lib\site-packages\django\contrib\admin\options.py", line 606, in wrapper
    return self.admin_site.admin_view(view)(*args, **kwargs)
  File "C:\Users\shaba\PycharmProjects\alocacao\venv\lib\site-packages\django\utils\decorators.py", line 142, in _wrapped_view
    response = view_func(request, *args, **kwargs)
  File "C:\Users\shaba\PycharmProjects\alocacao\venv\lib\site-packages\django\views\decorators\cache.py", line 44, in _wrapped_view_func
    response = view_func(request, *args, **kwargs)
  File "C:\Users\shaba\PycharmProjects\alocacao\venv\lib\site-packages\django\contrib\admin\sites.py", line 223, in inner
    return view(request, *args, **kwargs)
  File "C:\Users\shaba\PycharmProjects\alocacao\venv\lib\site-packages\django\contrib\admin\options.py", line 1637, in change_view
    return self.changeform_view(request, object_id, form_url, extra_context)
  File "C:\Users\shaba\PycharmProjects\alocacao\venv\lib\site-packages\django\utils\decorators.py", line 45, in _wrapper
    return bound_method(*args, **kwargs)
  File "C:\Users\shaba\PycharmProjects\alocacao\venv\lib\site-packages\django\utils\decorators.py", line 142, in _wrapped_view
    response = view_func(request, *args, **kwargs)
  File "C:\Users\shaba\PycharmProjects\alocacao\venv\lib\site-packages\django\contrib\admin\options.py", line 1522, in changeform_view
    return self._changeform_view(request, object_id, form_url, extra_context)
  File "C:\Users\shaba\PycharmProjects\alocacao\venv\lib\site-packages\django\contrib\admin\options.py", line 1561, in _changeform_view
    self.save_model(request, new_object, form, not add)
  File "C:\Users\shaba\PycharmProjects\alocacao\alocar\admin.py", line 44, in save_model
    values = Sala.objects.select_related('bloco').filter(bloco__id=form.bloco__bloco)
AttributeError: 'BlocoForm' object has no attribute 'bloco__bloco'
"POST /admin/alocar/bloco/2/change/ HTTP/1.1" 500 116395
C:\Users\shaba\PycharmProjects\alocacao\alocar\admin.py changed, reloading.
Watching for file changes with StatReloader
Internal Server Error: /admin/alocar/bloco/2/change/
Traceback (most recent call last):
  File "C:\Users\shaba\PycharmProjects\alocacao\venv\lib\site-packages\django\core\handlers\exception.py", line 34, in inner
    response = get_response(request)
  File "C:\Users\shaba\PycharmProjects\alocacao\venv\lib\site-packages\django\core\handlers\base.py", line 115, in _get_response
    response = self.process_exception_by_middleware(e, request)
  File "C:\Users\shaba\PycharmProjects\alocacao\venv\lib\site-packages\django\core\handlers\base.py", line 113, in _get_response
    response = wrapped_callback(request, *callback_args, **callback_kwargs)
  File "C:\Users\shaba\PycharmProjects\alocacao\venv\lib\site-packages\django\contrib\admin\options.py", line 606, in wrapper
    return self.admin_site.admin_view(view)(*args, **kwargs)
  File "C:\Users\shaba\PycharmProjects\alocacao\venv\lib\site-packages\django\utils\decorators.py", line 142, in _wrapped_view
    response = view_func(request, *args, **kwargs)
  File "C:\Users\shaba\PycharmProjects\alocacao\venv\lib\site-packages\django\views\decorators\cache.py", line 44, in _wrapped_view_func
    response = view_func(request, *args, **kwargs)
  File "C:\Users\shaba\PycharmProjects\alocacao\venv\lib\site-packages\django\contrib\admin\sites.py", line 223, in inner
    return view(request, *args, **kwargs)
  File "C:\Users\shaba\PycharmProjects\alocacao\venv\lib\site-packages\django\contrib\admin\options.py", line 1637, in change_view
    return self.changeform_view(request, object_id, form_url, extra_context)
  File "C:\Users\shaba\PycharmProjects\alocacao\venv\lib\site-packages\django\utils\decorators.py", line 45, in _wrapper
    return bound_method(*args, **kwargs)
  File "C:\Users\shaba\PycharmProjects\alocacao\venv\lib\site-packages\django\utils\decorators.py", line 142, in _wrapped_view
    response = view_func(request, *args, **kwargs)
  File "C:\Users\shaba\PycharmProjects\alocacao\venv\lib\site-packages\django\contrib\admin\options.py", line 1522, in changeform_view
    return self._changeform_view(request, object_id, form_url, extra_context)
  File "C:\Users\shaba\PycharmProjects\alocacao\venv\lib\site-packages\django\contrib\admin\options.py", line 1561, in _changeform_view
    self.save_model(request, new_object, form, not add)
  File "C:\Users\shaba\PycharmProjects\alocacao\alocar\admin.py", line 44, in save_model
    values = Sala.objects.select_related('bloco').filter(bloco__id=form.bloco.bloco)
AttributeError: 'BlocoForm' object has no attribute 'bloco'
"POST /admin/alocar/bloco/2/change/ HTTP/1.1" 500 116365
C:\Users\shaba\PycharmProjects\alocacao\alocar\admin.py changed, reloading.
Watching for file changes with StatReloader
Internal Server Error: /admin/alocar/bloco/2/change/
Traceback (most recent call last):
  File "C:\Users\shaba\PycharmProjects\alocacao\venv\lib\site-packages\django\core\handlers\exception.py", line 34, in inner
    response = get_response(request)
  File "C:\Users\shaba\PycharmProjects\alocacao\venv\lib\site-packages\django\core\handlers\base.py", line 115, in _get_response
    response = self.process_exception_by_middleware(e, request)
  File "C:\Users\shaba\PycharmProjects\alocacao\venv\lib\site-packages\django\core\handlers\base.py", line 113, in _get_response
    response = wrapped_callback(request, *callback_args, **callback_kwargs)
  File "C:\Users\shaba\PycharmProjects\alocacao\venv\lib\site-packages\django\contrib\admin\options.py", line 606, in wrapper
    return self.admin_site.admin_view(view)(*args, **kwargs)
  File "C:\Users\shaba\PycharmProjects\alocacao\venv\lib\site-packages\django\utils\decorators.py", line 142, in _wrapped_view
    response = view_func(request, *args, **kwargs)
  File "C:\Users\shaba\PycharmProjects\alocacao\venv\lib\site-packages\django\views\decorators\cache.py", line 44, in _wrapped_view_func
    response = view_func(request, *args, **kwargs)
  File "C:\Users\shaba\PycharmProjects\alocacao\venv\lib\site-packages\django\contrib\admin\sites.py", line 223, in inner
    return view(request, *args, **kwargs)
  File "C:\Users\shaba\PycharmProjects\alocacao\venv\lib\site-packages\django\contrib\admin\options.py", line 1637, in change_view
    return self.changeform_view(request, object_id, form_url, extra_context)
  File "C:\Users\shaba\PycharmProjects\alocacao\venv\lib\site-packages\django\utils\decorators.py", line 45, in _wrapper
    return bound_method(*args, **kwargs)
  File "C:\Users\shaba\PycharmProjects\alocacao\venv\lib\site-packages\django\utils\decorators.py", line 142, in _wrapped_view
    response = view_func(request, *args, **kwargs)
  File "C:\Users\shaba\PycharmProjects\alocacao\venv\lib\site-packages\django\contrib\admin\options.py", line 1522, in changeform_view
    return self._changeform_view(request, object_id, form_url, extra_context)
  File "C:\Users\shaba\PycharmProjects\alocacao\venv\lib\site-packages\django\contrib\admin\options.py", line 1561, in _changeform_view
    self.save_model(request, new_object, form, not add)
  File "C:\Users\shaba\PycharmProjects\alocacao\alocar\admin.py", line 44, in save_model
    values = Sala.objects.select_related('bloco').filter(bloco__id=self.bloco)
AttributeError: 'BlocoAdmin' object has no attribute 'bloco'
"POST /admin/alocar/bloco/2/change/ HTTP/1.1" 500 116357
C:\Users\shaba\PycharmProjects\alocacao\alocar\admin.py changed, reloading.
Watching for file changes with StatReloader
Internal Server Error: /admin/alocar/bloco/2/change/
Traceback (most recent call last):
  File "C:\Users\shaba\PycharmProjects\alocacao\venv\lib\site-packages\django\core\handlers\exception.py", line 34, in inner
    response = get_response(request)
  File "C:\Users\shaba\PycharmProjects\alocacao\venv\lib\site-packages\django\core\handlers\base.py", line 115, in _get_response
    response = self.process_exception_by_middleware(e, request)
  File "C:\Users\shaba\PycharmProjects\alocacao\venv\lib\site-packages\django\core\handlers\base.py", line 113, in _get_response
    response = wrapped_callback(request, *callback_args, **callback_kwargs)
  File "C:\Users\shaba\PycharmProjects\alocacao\venv\lib\site-packages\django\contrib\admin\options.py", line 606, in wrapper
    return self.admin_site.admin_view(view)(*args, **kwargs)
  File "C:\Users\shaba\PycharmProjects\alocacao\venv\lib\site-packages\django\utils\decorators.py", line 142, in _wrapped_view
    response = view_func(request, *args, **kwargs)
  File "C:\Users\shaba\PycharmProjects\alocacao\venv\lib\site-packages\django\views\decorators\cache.py", line 44, in _wrapped_view_func
    response = view_func(request, *args, **kwargs)
  File "C:\Users\shaba\PycharmProjects\alocacao\venv\lib\site-packages\django\contrib\admin\sites.py", line 223, in inner
    return view(request, *args, **kwargs)
  File "C:\Users\shaba\PycharmProjects\alocacao\venv\lib\site-packages\django\contrib\admin\options.py", line 1637, in change_view
    return self.changeform_view(request, object_id, form_url, extra_context)
  File "C:\Users\shaba\PycharmProjects\alocacao\venv\lib\site-packages\django\utils\decorators.py", line 45, in _wrapper
    return bound_method(*args, **kwargs)
  File "C:\Users\shaba\PycharmProjects\alocacao\venv\lib\site-packages\django\utils\decorators.py", line 142, in _wrapped_view
    response = view_func(request, *args, **kwargs)
  File "C:\Users\shaba\PycharmProjects\alocacao\venv\lib\site-packages\django\contrib\admin\options.py", line 1522, in changeform_view
    return self._changeform_view(request, object_id, form_url, extra_context)
  File "C:\Users\shaba\PycharmProjects\alocacao\venv\lib\site-packages\django\contrib\admin\options.py", line 1561, in _changeform_view
    self.save_model(request, new_object, form, not add)
  File "C:\Users\shaba\PycharmProjects\alocacao\alocar\admin.py", line 44, in save_model
    values = Sala.objects.select_related('bloco').filter(bloco__id=obj.bloco)
  File "C:\Users\shaba\PycharmProjects\alocacao\venv\lib\site-packages\django\db\models\query.py", line 892, in filter
    return self._filter_or_exclude(False, *args, **kwargs)
  File "C:\Users\shaba\PycharmProjects\alocacao\venv\lib\site-packages\django\db\models\query.py", line 910, in _filter_or_exclude
    clone.query.add_q(Q(*args, **kwargs))
  File "C:\Users\shaba\PycharmProjects\alocacao\venv\lib\site-packages\django\db\models\sql\query.py", line 1290, in add_q
    clause, _ = self._add_q(q_object, self.used_aliases)
  File "C:\Users\shaba\PycharmProjects\alocacao\venv\lib\site-packages\django\db\models\sql\query.py", line 1318, in _add_q
    split_subq=split_subq, simple_col=simple_col,
  File "C:\Users\shaba\PycharmProjects\alocacao\venv\lib\site-packages\django\db\models\sql\query.py", line 1251, in build_filter
    condition = self.build_lookup(lookups, col, value)
  File "C:\Users\shaba\PycharmProjects\alocacao\venv\lib\site-packages\django\db\models\sql\query.py", line 1116, in build_lookup
    lookup = lookup_class(lhs, rhs)
  File "C:\Users\shaba\PycharmProjects\alocacao\venv\lib\site-packages\django\db\models\lookups.py", line 20, in __init__
    self.rhs = self.get_prep_lookup()
  File "C:\Users\shaba\PycharmProjects\alocacao\venv\lib\site-packages\django\db\models\lookups.py", line 70, in get_prep_lookup
    return self.lhs.output_field.get_prep_value(self.rhs)
  File "C:\Users\shaba\PycharmProjects\alocacao\venv\lib\site-packages\django\db\models\fields\__init__.py", line 968, in get_prep_value
    return int(value)
ValueError: invalid literal for int() with base 10: 'BLOCO B'
"POST /admin/alocar/bloco/2/change/ HTTP/1.1" 500 160524
C:\Users\shaba\PycharmProjects\alocacao\alocar\admin.py changed, reloading.
Watching for file changes with StatReloader
"POST /admin/alocar/bloco/2/change/ HTTP/1.1" 302 0
"GET /admin/alocar/bloco/ HTTP/1.1" 200 5813
"GET /admin/jsi18n/ HTTP/1.1" 200 7144
"GET /admin/alocar/bloco/6/change/ HTTP/1.1" 200 4256
"GET /admin/jsi18n/ HTTP/1.1" 200 7144
"GET /admin/alocar/bloco/ HTTP/1.1" 200 5634
"GET /admin/alocar/bloco/1/change/ HTTP/1.1" 200 4256
"GET /admin/jsi18n/ HTTP/1.1" 200 7144
"POST /admin/alocar/bloco/1/change/ HTTP/1.1" 302 0
"GET /admin/alocar/bloco/ HTTP/1.1" 200 5915
"GET /admin/jsi18n/ HTTP/1.1" 200 7144
"GET /admin/alocar/bloco/add/ HTTP/1.1" 200 4037
"GET /admin/jsi18n/ HTTP/1.1" 200 7144
"POST /admin/alocar/bloco/add/ HTTP/1.1" 302 0
"GET /admin/alocar/bloco/ HTTP/1.1" 200 6028
"GET /admin/jsi18n/ HTTP/1.1" 200 7144
"GET /admin/alocar/bloco/6/change/ HTTP/1.1" 200 4256
"GET /admin/jsi18n/ HTTP/1.1" 200 7144
"POST /admin/alocar/bloco/6/change/ HTTP/1.1" 302 0
"GET /admin/alocar/bloco/ HTTP/1.1" 200 6028
"GET /admin/jsi18n/ HTTP/1.1" 200 7144
"GET /admin/alocar/bloco/2/change/ HTTP/1.1" 200 4256
"GET /admin/jsi18n/ HTTP/1.1" 200 7144
"POST /admin/alocar/bloco/2/change/ HTTP/1.1" 302 0
"GET /admin/alocar/bloco/ HTTP/1.1" 200 6030
"GET /admin/jsi18n/ HTTP/1.1" 200 7144
"GET /admin/alocar/bloco/1/change/ HTTP/1.1" 200 4256
"GET /admin/jsi18n/ HTTP/1.1" 200 7144
"POST /admin/alocar/bloco/1/change/ HTTP/1.1" 302 0
"GET /admin/alocar/bloco/ HTTP/1.1" 200 6132
"GET /admin/jsi18n/ HTTP/1.1" 200 7144
"GET /admin/alocar/bloco/2/change/ HTTP/1.1" 200 4258
"GET /admin/jsi18n/ HTTP/1.1" 200 7144
"POST /admin/alocar/bloco/2/change/ HTTP/1.1" 302 0
"GET /admin/alocar/bloco/ HTTP/1.1" 200 6028
"GET /admin/jsi18n/ HTTP/1.1" 200 7144
"GET /admin/ HTTP/1.1" 200 8263
"GET /admin/alocar/sala/ HTTP/1.1" 200 7569
"GET /admin/jsi18n/ HTTP/1.1" 200 7144
"GET /admin/ HTTP/1.1" 200 8263
"GET /admin/alocar/bloco/ HTTP/1.1" 200 5849
"GET /admin/jsi18n/ HTTP/1.1" 200 7144
"GET /admin/alocar/bloco/1/change/ HTTP/1.1" 200 4256
"GET /admin/jsi18n/ HTTP/1.1" 200 7144
"POST /admin/alocar/bloco/1/change/ HTTP/1.1" 302 0
"GET /admin/alocar/bloco/ HTTP/1.1" 200 6131
"GET /admin/jsi18n/ HTTP/1.1" 200 7144
"GET /admin/alocar/bloco/2/change/ HTTP/1.1" 200 4256
"GET /admin/jsi18n/ HTTP/1.1" 200 7144
"POST /admin/alocar/bloco/2/change/ HTTP/1.1" 302 0
"GET /admin/alocar/bloco/ HTTP/1.1" 200 6030
"GET /admin/jsi18n/ HTTP/1.1" 200 7144
"GET /admin/alocar/bloco/3/change/ HTTP/1.1" 200 4256
"GET /admin/jsi18n/ HTTP/1.1" 200 7144
"POST /admin/alocar/bloco/3/change/ HTTP/1.1" 302 0
"GET /admin/alocar/bloco/ HTTP/1.1" 200 6031
"GET /admin/jsi18n/ HTTP/1.1" 200 7144
"GET /admin/alocar/bloco/1/change/ HTTP/1.1" 200 4256
"GET /admin/jsi18n/ HTTP/1.1" 200 7144
"POST /admin/alocar/bloco/1/change/ HTTP/1.1" 302 0
"GET /admin/alocar/bloco/ HTTP/1.1" 200 6133
"GET /admin/jsi18n/ HTTP/1.1" 200 7144
"GET /admin/alocar/bloco/2/change/ HTTP/1.1" 200 4258
"GET /admin/jsi18n/ HTTP/1.1" 200 7144
"POST /admin/alocar/bloco/2/change/ HTTP/1.1" 302 0
"GET /admin/alocar/bloco/ HTTP/1.1" 200 6029
"GET /admin/jsi18n/ HTTP/1.1" 200 7144
"GET /admin/alocar/bloco/3/change/ HTTP/1.1" 200 4258
"GET /admin/jsi18n/ HTTP/1.1" 200 7144
"POST /admin/alocar/bloco/3/change/ HTTP/1.1" 302 0
"GET /admin/alocar/bloco/ HTTP/1.1" 200 6028
"GET /admin/jsi18n/ HTTP/1.1" 200 7144
C:\Users\shaba\PycharmProjects\alocacao\alocar\admin.py changed, reloading.
Watching for file changes with StatReloader
"GET /admin/ HTTP/1.1" 200 8255
"GET /admin/alocar/sala/ HTTP/1.1" 200 7569
"GET /admin/jsi18n/ HTTP/1.1" 200 7144
"GET /admin/alocar/sala/1/change/ HTTP/1.1" 200 8496
"GET /admin/jsi18n/ HTTP/1.1" 200 7144
"POST /admin/alocar/sala/1/change/ HTTP/1.1" 302 0
"GET /admin/alocar/sala/ HTTP/1.1" 200 7743
"GET /admin/jsi18n/ HTTP/1.1" 200 7144
"GET /admin/alocar/sala/1/change/ HTTP/1.1" 200 8504
"GET /admin/jsi18n/ HTTP/1.1" 200 7144
"POST /admin/alocar/sala/1/change/ HTTP/1.1" 302 0
"GET /admin/alocar/sala/ HTTP/1.1" 200 7743
"GET /admin/jsi18n/ HTTP/1.1" 200 7144
"GET /admin/alocar/sala/2/change/ HTTP/1.1" 200 8504
"GET /admin/jsi18n/ HTTP/1.1" 200 7144
"POST /admin/alocar/sala/2/change/ HTTP/1.1" 302 0
"GET /admin/alocar/sala/ HTTP/1.1" 200 7743
"GET /admin/jsi18n/ HTTP/1.1" 200 7144
C:\Users\shaba\PycharmProjects\alocacao\alocar\admin.py changed, reloading.
Watching for file changes with StatReloader
"GET /admin/ HTTP/1.1" 200 8238
"GET /admin/alocar/horario/ HTTP/1.1" 200 5650
"GET /admin/jsi18n/ HTTP/1.1" 200 7144
"GET /admin/alocar/horario/1/change/ HTTP/1.1" 200 4379
"GET /admin/jsi18n/ HTTP/1.1" 200 7144
"POST /admin/alocar/horario/1/change/ HTTP/1.1" 302 0
"GET /admin/alocar/horario/ HTTP/1.1" 200 5941
"GET /admin/jsi18n/ HTTP/1.1" 200 7144
"GET /admin/alocar/horario/2/change/ HTTP/1.1" 200 4379
"GET /admin/jsi18n/ HTTP/1.1" 200 7144
"POST /admin/alocar/horario/2/change/ HTTP/1.1" 302 0
"GET /admin/alocar/horario/ HTTP/1.1" 200 5941
"GET /admin/jsi18n/ HTTP/1.1" 200 7144
C:\Users\shaba\PycharmProjects\alocacao\alocar\admin.py changed, reloading.
Watching for file changes with StatReloader
C:\Users\shaba\PycharmProjects\alocacao\alocar\admin.py changed, reloading.
Watching for file changes with StatReloader
"GET /admin/alocar/horario/ HTTP/1.1" 200 5650
"GET /admin/jsi18n/ HTTP/1.1" 200 7144
"GET /admin/ HTTP/1.1" 200 8257
"GET /admin/alocar/sala/ HTTP/1.1" 200 7569
"GET /admin/jsi18n/ HTTP/1.1" 200 7144
"GET /admin/alocar/sala/2/change/ HTTP/1.1" 200 8512
"GET /admin/jsi18n/ HTTP/1.1" 200 7144
"POST /admin/alocar/sala/2/change/ HTTP/1.1" 302 0
"GET /admin/alocar/sala/ HTTP/1.1" 200 7846
"GET /admin/jsi18n/ HTTP/1.1" 200 7144
C:\Users\shaba\PycharmProjects\alocacao\alocar\admin.py changed, reloading.
Watching for file changes with StatReloader
C:\Users\shaba\PycharmProjects\alocacao\alocar\admin.py changed, reloading.
Watching for file changes with StatReloader
"GET /admin/alocar/sala/ HTTP/1.1" 200 7569
"GET /admin/jsi18n/ HTTP/1.1" 200 7144
"GET /admin/ HTTP/1.1" 200 8251
"GET /admin/alocar/turma/ HTTP/1.1" 200 13955
"GET /admin/jsi18n/ HTTP/1.1" 200 7144
"GET /admin/alocar/turma/6/change/ HTTP/1.1" 200 8425
"GET /admin/jsi18n/ HTTP/1.1" 200 7144
"POST /admin/alocar/turma/6/change/ HTTP/1.1" 302 0
"GET /admin/alocar/turma/ HTTP/1.1" 200 14235
"GET /admin/jsi18n/ HTTP/1.1" 200 7144
"GET /admin/alocar/turma/add/ HTTP/1.1" 200 8139
"GET /admin/jsi18n/ HTTP/1.1" 200 7144
"POST /admin/alocar/turma/add/ HTTP/1.1" 200 8640
"GET /admin/jsi18n/ HTTP/1.1" 200 7144
"GET /admin/alocar/turma/add/ HTTP/1.1" 200 8139
C:\Users\shaba\PycharmProjects\alocacao\alocar\admin.py changed, reloading.
Watching for file changes with StatReloader
"GET /admin/ HTTP/1.1" 200 8248
"GET /admin/alocar/bloco/ HTTP/1.1" 200 5849
"GET /admin/jsi18n/ HTTP/1.1" 200 7144
"GET /admin/alocar/bloco/1/change/ HTTP/1.1" 200 4256
"GET /admin/jsi18n/ HTTP/1.1" 200 7144
"POST /admin/alocar/bloco/1/change/ HTTP/1.1" 302 0
"GET /admin/alocar/bloco/ HTTP/1.1" 200 6132
"GET /admin/jsi18n/ HTTP/1.1" 200 7144
"GET /admin/alocar/bloco/2/change/ HTTP/1.1" 200 4256
"GET /admin/jsi18n/ HTTP/1.1" 200 7144
"POST /admin/alocar/bloco/2/change/ HTTP/1.1" 302 0
"GET /admin/alocar/bloco/ HTTP/1.1" 200 6030
"GET /admin/jsi18n/ HTTP/1.1" 200 7144
"GET /admin/alocar/bloco/1/change/ HTTP/1.1" 200 4256
"GET /admin/jsi18n/ HTTP/1.1" 200 7144
"POST /admin/alocar/bloco/1/change/ HTTP/1.1" 302 0
"GET /admin/alocar/bloco/ HTTP/1.1" 200 6135
"GET /admin/jsi18n/ HTTP/1.1" 200 7144
C:\Users\shaba\PycharmProjects\alocacao\alocar\admin.py changed, reloading.
Watching for file changes with StatReloader
"GET /admin/alocar/bloco/1/change/ HTTP/1.1" 200 4256
"GET /admin/jsi18n/ HTTP/1.1" 200 7144
"POST /admin/alocar/bloco/1/change/ HTTP/1.1" 302 0
"GET /admin/alocar/bloco/ HTTP/1.1" 200 6133
"GET /admin/jsi18n/ HTTP/1.1" 200 7144
C:\Users\shaba\PycharmProjects\alocacao\alocar\admin.py changed, reloading.
Watching for file changes with StatReloader
"GET /admin/alocar/bloco/ HTTP/1.1" 200 5850
"GET /admin/jsi18n/ HTTP/1.1" 200 7144
"GET /admin/alocar/bloco/2/change/ HTTP/1.1" 200 4258
"GET /admin/jsi18n/ HTTP/1.1" 200 7144
"POST /admin/alocar/bloco/2/change/ HTTP/1.1" 302 0
"GET /admin/alocar/bloco/ HTTP/1.1" 200 6028
"GET /admin/jsi18n/ HTTP/1.1" 200 7144
"GET /admin/alocar/bloco/1/change/ HTTP/1.1" 200 4256
"GET /admin/jsi18n/ HTTP/1.1" 200 7144
"POST /admin/alocar/bloco/1/change/ HTTP/1.1" 302 0
"GET /admin/alocar/bloco/ HTTP/1.1" 200 6135
"GET /admin/jsi18n/ HTTP/1.1" 200 7144
"POST /admin/alocar/bloco/ HTTP/1.1" 200 3376
"POST /admin/alocar/bloco/ HTTP/1.1" 302 0
"GET /admin/alocar/bloco/ HTTP/1.1" 200 5755
"GET /admin/jsi18n/ HTTP/1.1" 200 7144
"POST /admin/alocar/bloco/ HTTP/1.1" 200 2894
"GET /admin/alocar/bloco/ HTTP/1.1" 200 5634
"POST /admin/alocar/bloco/ HTTP/1.1" 200 3647
"POST /admin/alocar/bloco/ HTTP/1.1" 302 0
"GET /admin/alocar/bloco/ HTTP/1.1" 200 5104
"GET /admin/jsi18n/ HTTP/1.1" 200 7144
C:\Users\shaba\PycharmProjects\alocacao\alocar\admin.py changed, reloading.
Watching for file changes with StatReloader
"GET /admin/alocar/bloco/ HTTP/1.1" 200 4982
"GET /admin/jsi18n/ HTTP/1.1" 200 7144
"GET /admin/alocar/bloco/add/ HTTP/1.1" 200 4037
"GET /admin/jsi18n/ HTTP/1.1" 200 7144
"POST /admin/alocar/bloco/add/ HTTP/1.1" 302 0
"GET /admin/alocar/bloco/ HTTP/1.1" 200 5381
"GET /admin/jsi18n/ HTTP/1.1" 200 7144
"GET /admin/alocar/bloco/add/ HTTP/1.1" 200 4037
"GET /admin/jsi18n/ HTTP/1.1" 200 7144
"POST /admin/alocar/bloco/add/ HTTP/1.1" 302 0
"GET /admin/alocar/bloco/ HTTP/1.1" 200 5598
"GET /admin/jsi18n/ HTTP/1.1" 200 7144
"GET /admin/alocar/bloco/1/change/ HTTP/1.1" 200 4256
"GET /admin/jsi18n/ HTTP/1.1" 200 7144
"POST /admin/alocar/bloco/1/change/ HTTP/1.1" 302 0
"GET /admin/alocar/bloco/ HTTP/1.1" 200 5703
"GET /admin/jsi18n/ HTTP/1.1" 200 7144
C:\Users\shaba\PycharmProjects\alocacao\alocar\admin.py changed, reloading.
Watching for file changes with StatReloader
C:\Users\shaba\PycharmProjects\alocacao\alocar\admin.py changed, reloading.
Watching for file changes with StatReloader
"GET /admin/alocar/bloco/ HTTP/1.1" 200 4295
"GET /admin/ HTTP/1.1" 200 8068
"GET /admin/alocar/horario/ HTTP/1.1" 200 4637
"GET /admin/ HTTP/1.1" 200 8068
"GET /admin/alocar/turma/ HTTP/1.1" 200 12384
C:\Users\shaba\PycharmProjects\alocacao\alocar\admin.py changed, reloading.
Watching for file changes with StatReloader
C:\Users\shaba\PycharmProjects\alocacao\alocar\admin.py changed, reloading.
Watching for file changes with StatReloader
"GET /admin/alocar/turma/ HTTP/1.1" 200 13955
"GET /admin/jsi18n/ HTTP/1.1" 200 7144
"GET /admin/ HTTP/1.1" 200 8068
"GET /admin/alocar/bloco/ HTTP/1.1" 200 4295
"GET /admin/alocar/bloco/add/ HTTP/1.1" 200 4037
"GET /admin/jsi18n/ HTTP/1.1" 200 7144
"GET /admin/alocar/bloco/add/ HTTP/1.1" 200 4037
"GET /admin/jsi18n/ HTTP/1.1" 200 7144
"GET / HTTP/1.1" 200 2005
"GET /static/assets/pessoal.css HTTP/1.1" 404 1678
"GET /static/assets/extra.css HTTP/1.1" 404 1672
"GET /listalocacao/ HTTP/1.1" 200 6502
"GET /detalhealocacao/6/ HTTP/1.1" 200 3780
C:\Users\shaba\PycharmProjects\alocacao\alocar\urls.py changed, reloading.
Watching for file changes with StatReloader
"GET /detalhealocacao/6/ HTTP/1.1" 200 3780
"GET /usuarios/sair/ HTTP/1.1" 302 0
"GET / HTTP/1.1" 200 2005
"GET /static/assets/extra.css HTTP/1.1" 404 1672
"GET /static/assets/pessoal.css HTTP/1.1" 404 1678
"GET /listalocacao/ HTTP/1.1" 302 0
"GET /usuarios/entrar/?next=/listalocacao/ HTTP/1.1" 200 2540
"GET /static/images/bg.jpg HTTP/1.1" 404 1663
"GET /usuarios/nova-senha/ HTTP/1.1" 200 2123
"POST /usuarios/nova-senha/ HTTP/1.1" 302 0
"GET /usuarios/confirmar-nova-senha/1cd4847ff23a1fe784bc14f80982260b2d98d20e3efd08e74524a20e HTTP/1.1" 200 1909
Internal Server Error: /usuarios/confirmar-nova-senha/1cd4847ff23a1fe784bc14f80982260b2d98d20e3efd08e74524a20e
Traceback (most recent call last):
  File "C:\Users\shaba\PycharmProjects\alocacao\venv\lib\site-packages\django\template\base.py", line 470, in parse
    compile_func = self.tags[command]
KeyError: 'translate'

During handling of the above exception, another exception occurred:

Traceback (most recent call last):
  File "C:\Users\shaba\PycharmProjects\alocacao\venv\lib\site-packages\django\core\handlers\exception.py", line 34, in inner
    response = get_response(request)
  File "C:\Users\shaba\PycharmProjects\alocacao\venv\lib\site-packages\django\core\handlers\base.py", line 115, in _get_response
    response = self.process_exception_by_middleware(e, request)
  File "C:\Users\shaba\PycharmProjects\alocacao\venv\lib\site-packages\django\core\handlers\base.py", line 113, in _get_response
    response = wrapped_callback(request, *callback_args, **callback_kwargs)
  File "C:\Users\shaba\PycharmProjects\alocacao\usuarios\views.py", line 77, in password_reset_confirm
    return render(request, template_name, context)
  File "C:\Users\shaba\PycharmProjects\alocacao\venv\lib\site-packages\django\shortcuts.py", line 36, in render
    content = loader.render_to_string(template_name, context, request, using=using)
  File "C:\Users\shaba\PycharmProjects\alocacao\venv\lib\site-packages\django\template\loader.py", line 61, in render_to_string
    template = get_template(template_name, using=using)
  File "C:\Users\shaba\PycharmProjects\alocacao\venv\lib\site-packages\django\template\loader.py", line 15, in get_template
    return engine.get_template(template_name)
  File "C:\Users\shaba\PycharmProjects\alocacao\venv\lib\site-packages\django\template\backends\django.py", line 34, in get_template
    return Template(self.engine.get_template(template_name), self)
  File "C:\Users\shaba\PycharmProjects\alocacao\venv\lib\site-packages\django\template\engine.py", line 143, in get_template
    template, origin = self.find_template(template_name)
  File "C:\Users\shaba\PycharmProjects\alocacao\venv\lib\site-packages\django\template\engine.py", line 125, in find_template
    template = loader.get_template(name, skip=skip)
  File "C:\Users\shaba\PycharmProjects\alocacao\venv\lib\site-packages\django\template\loaders\base.py", line 30, in get_template
    contents, origin, origin.template_name, self.engine,
  File "C:\Users\shaba\PycharmProjects\alocacao\venv\lib\site-packages\django\template\base.py", line 156, in __init__
    self.nodelist = self.compile_nodelist()
  File "C:\Users\shaba\PycharmProjects\alocacao\venv\lib\site-packages\django\template\base.py", line 194, in compile_nodelist
    return parser.parse()
  File "C:\Users\shaba\PycharmProjects\alocacao\venv\lib\site-packages\django\template\base.py", line 478, in parse
    raise self.error(token, e)
  File "C:\Users\shaba\PycharmProjects\alocacao\venv\lib\site-packages\django\template\base.py", line 476, in parse
    compiled_result = compile_func(self, token)
  File "C:\Users\shaba\PycharmProjects\alocacao\venv\lib\site-packages\django\template\loader_tags.py", line 266, in do_extends
    nodelist = parser.parse()
  File "C:\Users\shaba\PycharmProjects\alocacao\venv\lib\site-packages\django\template\base.py", line 478, in parse
    raise self.error(token, e)
  File "C:\Users\shaba\PycharmProjects\alocacao\venv\lib\site-packages\django\template\base.py", line 476, in parse
    compiled_result = compile_func(self, token)
  File "C:\Users\shaba\PycharmProjects\alocacao\venv\lib\site-packages\django\template\loader_tags.py", line 209, in do_block
    nodelist = parser.parse(('endblock',))
  File "C:\Users\shaba\PycharmProjects\alocacao\venv\lib\site-packages\django\template\base.py", line 472, in parse
    self.invalid_block_tag(token, command, parse_until)
  File "C:\Users\shaba\PycharmProjects\alocacao\venv\lib\site-packages\django\template\base.py", line 528, in invalid_block_tag
    get_text_list(["'%s'" % p for p in parse_until], 'or'),
django.template.exceptions.TemplateSyntaxError: Invalid block tag on line 12: 'translate', expected 'endblock'. Did you forget to register or load this tag?
"GET /usuarios/confirmar-nova-senha/1cd4847ff23a1fe784bc14f80982260b2d98d20e3efd08e74524a20e HTTP/1.1" 500 168420
"GET /usuarios/confirmar-nova-senha/1cd4847ff23a1fe784bc14f80982260b2d98d20e3efd08e74524a20e HTTP/1.1" 200 1969
"GET /admin/ HTTP/1.1" 302 0
"GET /admin/login/?next=/admin/ HTTP/1.1" 200 1850
"GET /static/admin/css/login.css HTTP/1.1" 304 0
"GET /usuarios/confirmar-nova-senha/1cd4847ff23a1fe784bc14f80982260b2d98d20e3efd08e74524a20e HTTP/1.1" 200 2671
"GET /usuarios/confirmar-nova-senha/1cd4847ff23a1fe784bc14f80982260b2d98d20e3efd08e74524a20e HTTP/1.1" 200 2628
"GET /usuarios/confirmar-nova-senha/1cd4847ff23a1fe784bc14f80982260b2d98d20e3efd08e74524a20e HTTP/1.1" 200 2375
"GET /usuarios/confirmar-nova-senha/1cd4847ff23a1fe784bc14f80982260b2d98d20e3efd08e74524a20e HTTP/1.1" 200 2266
"GET /usuarios/ HTTP/1.1" 302 0
"GET /usuarios/entrar/?next=/usuarios/ HTTP/1.1" 200 2540
"GET /static/images/bg.jpg HTTP/1.1" 404 1663
"GET /usuarios/entrar/?next=/usuarios/ HTTP/1.1" 200 2540
"GET /static/images/bg.jpg HTTP/1.1" 404 1663
"GET /usuarios/nova-senha/ HTTP/1.1" 200 2123
"GET /static/images/bg.jpg HTTP/1.1" 404 1663
"POST /usuarios/nova-senha/ HTTP/1.1" 302 0
"GET /usuarios/confirmar-nova-senha/b70b419cff596316eb375a5fce99684c8c08e490749672f4a84ce3eb HTTP/1.1" 200 2007
"GET /usuarios/ HTTP/1.1" 302 0
"GET /usuarios/entrar/?next=/usuarios/ HTTP/1.1" 200 2540
"GET /static/images/bg.jpg HTTP/1.1" 404 1663
Watching for file changes with StatReloader
"GET / HTTP/1.1" 200 2005
"GET /static/assets/extra.css HTTP/1.1" 404 1672
"GET /static/assets/pessoal.css HTTP/1.1" 404 1678
Not Found: /favicon.ico
"GET /favicon.ico HTTP/1.1" 404 6230
"GET /listalocacao/ HTTP/1.1" 302 0
"GET /usuarios/entrar/?next=/listalocacao/ HTTP/1.1" 200 2540
"GET /static/images/bg.jpg HTTP/1.1" 404 1663
"POST /usuarios/entrar/?next=/listalocacao/ HTTP/1.1" 302 0
"GET /listalocacao/ HTTP/1.1" 200 6502
"GET /admin/ HTTP/1.1" 200 8068
"GET /admin/ HTTP/1.1" 200 8068
"GET /admin/alocar/horario/ HTTP/1.1" 200 4637
"GET /admin/alocar/horario/1/change/ HTTP/1.1" 200 4379
"GET /admin/jsi18n/ HTTP/1.1" 200 7144
"POST /admin/alocar/horario/1/change/ HTTP/1.1" 302 0
"GET /admin/alocar/horario/ HTTP/1.1" 200 4892
C:\Users\shaba\PycharmProjects\alocacao\alocar\admin.py changed, reloading.
Watching for file changes with StatReloader
"GET /admin/alocar/horario/ HTTP/1.1" 200 4658
"GET /admin/alocar/horario/1/change/ HTTP/1.1" 200 4400
"GET /admin/jsi18n/ HTTP/1.1" 200 7144
"POST /admin/alocar/horario/1/change/ HTTP/1.1" 302 0
"GET /admin/alocar/horario/ HTTP/1.1" 200 4992
"GET /admin/alocar/horario/1/change/ HTTP/1.1" 200 4400
"GET /admin/jsi18n/ HTTP/1.1" 200 7144
"GET /admin/alocar/horario/1/delete/ HTTP/1.1" 200 2840
"GET /admin/alocar/horario/1/change/ HTTP/1.1" 200 4400
"GET /admin/ HTTP/1.1" 200 8108
"GET /admin/alocar/sala/ HTTP/1.1" 200 6581
"GET /admin/alocar/sala/1/change/ HTTP/1.1" 200 8517
"GET /admin/jsi18n/ HTTP/1.1" 200 7144
"POST /admin/alocar/sala/1/change/ HTTP/1.1" 302 0
"GET /admin/alocar/sala/ HTTP/1.1" 200 6783
"GET /admin/alocar/sala/1/change/ HTTP/1.1" 200 8509
"GET /admin/jsi18n/ HTTP/1.1" 200 7144
"POST /admin/alocar/sala/1/change/ HTTP/1.1" 302 0
"GET /admin/alocar/sala/ HTTP/1.1" 200 6783
"GET /admin/alocar/sala/ HTTP/1.1" 200 6560
"GET /admin/ HTTP/1.1" 200 8122
"GET /admin/alocar/horario/ HTTP/1.1" 200 4637
"GET /admin/alocar/horario/1/change/ HTTP/1.1" 200 4379
"GET /admin/jsi18n/ HTTP/1.1" 200 7144
"POST /admin/alocar/horario/1/change/ HTTP/1.1" 302 0
"GET /admin/alocar/horario/ HTTP/1.1" 200 4943
"GET /admin/alocar/horario/ HTTP/1.1" 200 4637
"GET /admin/alocar/horario/1/change/ HTTP/1.1" 200 4379
"GET /admin/jsi18n/ HTTP/1.1" 200 7144
"POST /admin/alocar/horario/1/change/ HTTP/1.1" 302 0
"GET /admin/alocar/horario/ HTTP/1.1" 200 4918
"GET /admin/alocar/horario/ HTTP/1.1" 200 4637
"GET /admin/alocar/horario/1/change/ HTTP/1.1" 200 4379
"GET /admin/jsi18n/ HTTP/1.1" 200 7144
"POST /admin/alocar/horario/1/change/ HTTP/1.1" 302 0
"GET /admin/alocar/horario/ HTTP/1.1" 200 4771
"GET /admin/alocar/horario/ HTTP/1.1" 200 4637
"GET /admin/alocar/horario/ HTTP/1.1" 200 4637
"GET /admin/alocar/horario/2/change/ HTTP/1.1" 200 4379
"GET /admin/jsi18n/ HTTP/1.1" 200 7144
"POST /admin/alocar/horario/2/change/ HTTP/1.1" 302 0
"GET /admin/alocar/horario/ HTTP/1.1" 200 4929
"GET /admin/alocar/horario/2/change/ HTTP/1.1" 200 4379
"GET /admin/jsi18n/ HTTP/1.1" 200 7144
"GET /admin/alocar/horario/2/history/ HTTP/1.1" 200 2530
"GET /admin/ HTTP/1.1" 200 8297
"GET /admin/usuarios/user/ HTTP/1.1" 200 6081
"GET /admin/usuarios/user/add/ HTTP/1.1" 200 6529
"GET /admin/jsi18n/ HTTP/1.1" 200 7144
Watching for file changes with StatReloader
"GET / HTTP/1.1" 200 2005
"GET /static/css/mdb.min.css HTTP/1.1" 200 275868
"GET /static/assets/pessoal.css HTTP/1.1" 404 1678
"GET /static/assets/extra.css HTTP/1.1" 404 1672
"GET /static/css/style.css HTTP/1.1" 200 1099
"GET /static/css/bootstrap.min.css HTTP/1.1" 200 159515
Not Found: /favicon.ico
"GET /favicon.ico HTTP/1.1" 404 6230
"GET /listalocacao/ HTTP/1.1" 302 0
"GET /usuarios/entrar/?next=/listalocacao/ HTTP/1.1" 200 2540
"GET /static/assets/custom.min.css HTTP/1.1" 200 2531
"GET /static/assets/estilo.css HTTP/1.1" 200 852
"GET /static/assets/bootstrap.min.css HTTP/1.1" 200 127381
"GET /static/assets/style.css HTTP/1.1" 200 1292
"GET /static/images/bg.jpg HTTP/1.1" 404 1663
"POST /usuarios/entrar/?next=/listalocacao/ HTTP/1.1" 302 0
"GET /listalocacao/ HTTP/1.1" 200 4280
"GET /addsala/ HTTP/1.1" 200 8211
"GET /addbloco/ HTTP/1.1" 200 3866
"POST /addbloco/ HTTP/1.1" 200 4589
"POST /addbloco/ HTTP/1.1" 200 4673
"GET /addhorario/ HTTP/1.1" 200 3884
"POST /addhorario/ HTTP/1.1" 200 4595
"POST /addhorario/ HTTP/1.1" 200 4689
"GET /addsala/ HTTP/1.1" 200 8249
"POST /addsala/ HTTP/1.1" 302 0
"GET /addsala/ HTTP/1.1" 200 9819
"GET /addturma/ HTTP/1.1" 200 8838
"POST /addturma/ HTTP/1.1" 200 10889
"GET /listsalaturma/ HTTP/1.1" 200 10649
"POST /listsalaturma/ HTTP/1.1" 302 0
"GET /listalocacao/ HTTP/1.1" 200 4384
C:\Users\shaba\PycharmProjects\alocacao\alocar\views\alocarView.py changed, reloading.
Watching for file changes with StatReloader
"GET /listalocacao/ HTTP/1.1" 200 4280
"GET /listsalaturma/ HTTP/1.1" 200 10649
"POST /listsalaturma/ HTTP/1.1" 302 0
"GET /listalocacao/ HTTP/1.1" 200 4383
C:\Users\shaba\PycharmProjects\alocacao\alocar\views\alocarView.py changed, reloading.
Watching for file changes with StatReloader
"GET /addturma/ HTTP/1.1" 200 10889
"GET /listsalaturma/ HTTP/1.1" 200 10649
